2026-04-17 01:22:48,946 - main - INFO - === Logging system initialized ===
2026-04-17 01:22:48,946 - main - INFO - Log file: logs/app_20260417_012248.log
2026-04-17 01:22:48,946 - main - INFO - Log level: INFO
2026-04-17 01:22:48,947 - main - INFO - Timestamp: 20260417_012248
2026-04-17 01:22:50,482 - main - INFO - Included router: routers.aihub.router
2026-04-17 01:22:50,512 - main - INFO - Included router: routers.auth.router
2026-04-17 01:22:50,567 - main - INFO - Included router: routers.bins.router
2026-04-17 01:22:50,632 - main - INFO - Included router: routers.bom_lines.router
2026-04-17 01:22:50,696 - main - INFO - Included router: routers.bom_recipes.router
2026-04-17 01:22:50,766 - main - INFO - Included router: routers.branches.router
2026-04-17 01:22:50,768 - main - INFO - Included router: routers.health.router
2026-04-17 01:22:50,970 - main - INFO - Included router: routers.inventory_lots.router
2026-04-17 01:22:51,051 - main - INFO - Included router: routers.products.router
2026-04-17 01:22:51,111 - main - INFO - Included router: routers.receiving_documents.router
2026-04-17 01:22:51,172 - main - INFO - Included router: routers.receiving_lines.router
2026-04-17 01:22:51,198 - main - INFO - Included router: routers.settings.router
2026-04-17 01:22:51,275 - main - INFO - Included router: routers.stock_movements.router
2026-04-17 01:22:51,346 - main - INFO - Included router: routers.stock_transfers.router
2026-04-17 01:22:51,391 - main - INFO - Included router: routers.storage.router
2026-04-17 01:22:51,446 - main - INFO - Included router: routers.suppliers.router
2026-04-17 01:22:51,457 - main - INFO - Included router: routers.user.router
2026-04-17 01:22:51,509 - main - INFO - Included router: routers.warehouses.router
2026-04-17 01:22:51,562 - main - INFO - Included router: routers.zones.router
2026-04-17 01:22:51,562 - main - INFO - === Application startup initiated ===
2026-04-17 01:22:51,562 - services.database - DEBUG - [DB_OP] Starting database initialization
2026-04-17 01:22:51,565 - services.database - INFO - 🔧 Starting database initialization...
2026-04-17 01:22:51,565 - core.database - INFO - Starting database initialization...
2026-04-17 01:22:51,565 - services.database - ERROR - Failed to initialize database: 'Settings' object has no attribute 'database_url'
