2026-04-17 01:22:57,356 - main - INFO - === Logging system initialized ===
2026-04-17 01:22:57,358 - main - INFO - Log file: logs/app_20260417_012257.log
2026-04-17 01:22:57,358 - main - INFO - Log level: INFO
2026-04-17 01:22:57,358 - main - INFO - Timestamp: 20260417_012257
2026-04-17 01:22:59,075 - main - INFO - Included router: routers.aihub.router
2026-04-17 01:22:59,115 - main - INFO - Included router: routers.auth.router
2026-04-17 01:22:59,178 - main - INFO - Included router: routers.bins.router
2026-04-17 01:22:59,264 - main - INFO - Included router: routers.bom_lines.router
2026-04-17 01:22:59,339 - main - INFO - Included router: routers.bom_recipes.router
2026-04-17 01:22:59,409 - main - INFO - Included router: routers.branches.router
2026-04-17 01:22:59,414 - main - INFO - Included router: routers.health.router
2026-04-17 01:22:59,596 - main - INFO - Included router: routers.inventory_lots.router
2026-04-17 01:22:59,670 - main - INFO - Included router: routers.products.router
2026-04-17 01:22:59,740 - main - INFO - Included router: routers.receiving_documents.router
2026-04-17 01:22:59,818 - main - INFO - Included router: routers.receiving_lines.router
2026-04-17 01:22:59,858 - main - INFO - Included router: routers.settings.router
2026-04-17 01:22:59,966 - main - INFO - Included router: routers.stock_movements.router
2026-04-17 01:23:00,092 - main - INFO - Included router: routers.stock_transfers.router
2026-04-17 01:23:00,179 - main - INFO - Included router: routers.storage.router
2026-04-17 01:23:00,279 - main - INFO - Included router: routers.suppliers.router
2026-04-17 01:23:00,298 - main - INFO - Included router: routers.user.router
2026-04-17 01:23:00,387 - main - INFO - Included router: routers.warehouses.router
2026-04-17 01:23:00,465 - main - INFO - Included router: routers.zones.router
2026-04-17 01:23:00,471 - main - INFO - === Application startup initiated ===
2026-04-17 01:23:00,471 - services.database - DEBUG - [DB_OP] Starting database initialization
2026-04-17 01:23:00,471 - services.database - INFO - 🔧 Starting database initialization...
2026-04-17 01:23:00,471 - core.database - INFO - Starting database initialization...
2026-04-17 01:23:00,471 - services.database - ERROR - Failed to initialize database: 'Settings' object has no attribute 'database_url'
