2026-04-18 11:13:55,142 - main - INFO - === Logging system initialized ===
2026-04-18 11:13:55,142 - main - INFO - Log file: logs/app_20260418_111355.log
2026-04-18 11:13:55,142 - main - INFO - Log level: INFO
2026-04-18 11:13:55,142 - main - INFO - Timestamp: 20260418_111355
2026-04-18 11:13:55,439 - main - INFO - Included router: routers.aihub.router
2026-04-18 11:13:55,447 - main - INFO - Included router: routers.auth.router
2026-04-18 11:13:55,463 - main - INFO - Included router: routers.bins.router
2026-04-18 11:13:55,482 - main - INFO - Included router: routers.bom_lines.router
2026-04-18 11:13:55,505 - main - INFO - Included router: routers.bom_recipes.router
2026-04-18 11:13:55,523 - main - INFO - Included router: routers.branches.router
2026-04-18 11:13:55,524 - main - INFO - Included router: routers.health.router
2026-04-18 11:13:55,565 - main - INFO - Included router: routers.inventory_lots.router
2026-04-18 11:13:55,579 - main - INFO - Included router: routers.label_templates.router
2026-04-18 11:13:55,595 - main - INFO - Included router: routers.products.router
2026-04-18 11:13:55,597 - main - INFO - Included router: routers.rbac.router
2026-04-18 11:13:55,614 - main - INFO - Included router: routers.receiving_documents.router
2026-04-18 11:13:55,630 - main - INFO - Included router: routers.receiving_lines.router
2026-04-18 11:13:55,677 - main - INFO - Included router: routers.settings.router
2026-04-18 11:13:55,696 - main - INFO - Included router: routers.stock_movements.router
2026-04-18 11:13:55,713 - main - INFO - Included router: routers.stock_transfers.router
2026-04-18 11:13:55,730 - main - INFO - Included router: routers.storage.router
2026-04-18 11:13:55,746 - main - INFO - Included router: routers.suppliers.router
2026-04-18 11:13:55,753 - main - INFO - Included router: routers.user.router
2026-04-18 11:13:55,770 - main - INFO - Included router: routers.warehouses.router
2026-04-18 11:13:55,788 - main - INFO - Included router: routers.zones.router
2026-04-18 11:13:55,788 - main - INFO - === Application startup initiated ===
2026-04-18 11:13:55,788 - services.database - DEBUG - [DB_OP] Starting database initialization
2026-04-18 11:13:55,788 - services.database - INFO - 🔧 Starting database initialization...
2026-04-18 11:13:55,788 - core.database - INFO - Starting database initialization...
2026-04-18 11:13:55,788 - core.config - DEBUG - Read dynamic attribute database_url from environment variable DATABASE_URL
2026-04-18 11:13:55,788 - core.database - INFO - Normalizing database URL for async compatibility...
2026-04-18 11:13:55,789 - core.database - WARNING - Adjusted database URL driver for async compatibility
2026-04-18 11:13:55,789 - core.database - INFO - Creating async database engine...
2026-04-18 11:13:55,789 - core.database - INFO - Using QueuePool with connection pooling for non-Lambda environment
2026-04-18 11:13:55,813 - core.database - INFO - Database engine created successfully
2026-04-18 11:13:55,813 - core.database - INFO - Creating async session maker...
2026-04-18 11:13:55,814 - core.database - INFO - Async session maker created successfully
2026-04-18 11:13:55,814 - core.database - INFO - Database connection initialized successfully
2026-04-18 11:13:55,814 - services.database - INFO - 🔧 Database connection initialized, now creating tables if tables not exist...
2026-04-18 11:13:55,814 - core.database - DEBUG - [DB_OP] Starting create_tables
2026-04-18 11:13:55,814 - core.database - INFO - 🔧 Starting table creation...
2026-04-18 11:13:55,849 - core.database - INFO - Tables initialized successfully
2026-04-18 11:13:55,849 - core.database - DEBUG - [DB_OP] Create tables completed in 0.0351s
2026-04-18 11:13:55,849 - services.database - INFO - 🔧 Table creation completed
2026-04-18 11:13:55,849 - services.database - INFO - Database initialized successfully
2026-04-18 11:13:55,849 - services.database - DEBUG - [DB_OP] Database initialization completed in 0.0606s
2026-04-18 11:13:55,849 - services.mock_data - INFO - Processing mock data file bins.json for table bins
2026-04-18 11:13:55,849 - services.mock_data - INFO - Processing mock data file bom_lines.json for table bom_lines
2026-04-18 11:13:55,850 - services.mock_data - INFO - Processing mock data file bom_recipes.json for table bom_recipes
2026-04-18 11:13:55,851 - services.mock_data - INFO - Processing mock data file branches.json for table branches
2026-04-18 11:13:55,852 - services.mock_data - INFO - Processing mock data file inventory_lots.json for table inventory_lots
2026-04-18 11:13:55,906 - services.mock_data - INFO - Table bom_recipes already has 6 rows; skipping mock insert
2026-04-18 11:13:55,906 - services.mock_data - INFO - Table bins already has 8 rows; skipping mock insert
2026-04-18 11:13:55,906 - services.mock_data - INFO - Table bom_lines already has 17 rows; skipping mock insert
2026-04-18 11:13:55,907 - services.mock_data - INFO - Processing mock data file products.json for table products
2026-04-18 11:13:55,907 - services.mock_data - INFO - Processing mock data file receiving_documents.json for table receiving_documents
2026-04-18 11:13:55,907 - services.mock_data - INFO - Processing mock data file receiving_lines.json for table receiving_lines
2026-04-18 11:13:55,907 - services.mock_data - INFO - Table branches already has 4 rows; skipping mock insert
2026-04-18 11:13:55,908 - services.mock_data - INFO - Processing mock data file stock_movements.json for table stock_movements
2026-04-18 11:13:55,908 - services.mock_data - INFO - Table inventory_lots already has 10 rows; skipping mock insert
2026-04-18 11:13:55,908 - services.mock_data - INFO - Processing mock data file stock_transfers.json for table stock_transfers
2026-04-18 11:13:55,920 - services.mock_data - INFO - Table receiving_documents already has 5 rows; skipping mock insert
2026-04-18 11:13:55,921 - services.mock_data - INFO - Table products already has 8 rows; skipping mock insert
2026-04-18 11:13:55,921 - services.mock_data - INFO - Processing mock data file suppliers.json for table suppliers
2026-04-18 11:13:55,921 - services.mock_data - INFO - Processing mock data file warehouses.json for table warehouses
2026-04-18 11:13:55,921 - services.mock_data - INFO - Table receiving_lines already has 5 rows; skipping mock insert
2026-04-18 11:13:55,923 - services.mock_data - INFO - Processing mock data file zones.json for table zones
2026-04-18 11:13:55,923 - services.mock_data - INFO - Table stock_transfers already has 3 rows; skipping mock insert
2026-04-18 11:13:55,924 - services.mock_data - INFO - Table stock_movements already has 7 rows; skipping mock insert
2026-04-18 11:13:55,930 - services.mock_data - INFO - Table suppliers already has 5 rows; skipping mock insert
2026-04-18 11:13:55,931 - services.mock_data - INFO - Table warehouses already has 3 rows; skipping mock insert
2026-04-18 11:13:55,931 - services.mock_data - INFO - Table zones already has 5 rows; skipping mock insert
2026-04-18 11:13:55,931 - services.database - DEBUG - [DB_OP] Starting database initialization
2026-04-18 11:13:55,931 - services.database - INFO - 🔧 Starting database initialization...
2026-04-18 11:13:55,931 - core.database - INFO - Starting database initialization...
2026-04-18 11:13:55,931 - core.database - INFO - Database already initialized
2026-04-18 11:13:55,931 - services.database - INFO - 🔧 Database connection initialized, now creating tables if tables not exist...
2026-04-18 11:13:55,931 - core.database - DEBUG - [DB_OP] Starting create_tables
2026-04-18 11:13:55,931 - core.database - INFO - Tables already initialized
2026-04-18 11:13:55,931 - services.database - INFO - 🔧 Table creation completed
2026-04-18 11:13:55,931 - services.database - INFO - Database initialized successfully
2026-04-18 11:13:55,931 - services.database - DEBUG - [DB_OP] Database initialization completed in 0.0002s
2026-04-18 11:13:55,932 - services.auth - WARNING - Admin user ID or email not configured, skipping admin initialization
2026-04-18 11:13:55,932 - main - INFO - === Application startup completed successfully ===
2026-04-18 11:13:59,264 - dependencies.auth - DEBUG - Authentication required for request GET /api/v1/auth/me
2026-04-18 11:14:00,303 - dependencies.auth - DEBUG - Authentication required for request GET /api/v1/auth/me
2026-04-18 11:14:12,333 - dependencies.auth - DEBUG - Authentication required for request GET /api/v1/auth/me
2026-04-18 11:14:13,232 - dependencies.auth - DEBUG - Authentication required for request GET /api/v1/auth/me
2026-04-18 11:14:13,953 - dependencies.auth - DEBUG - Authentication required for request GET /api/v1/auth/me
2026-04-18 11:14:20,904 - dependencies.auth - DEBUG - Authentication required for request GET /api/v1/auth/me
2026-04-18 11:15:23,215 - dependencies.auth - DEBUG - Authentication required for request GET /api/v1/auth/me
2026-04-18 11:16:33,440 - core.database - DEBUG - [DB_OP] Starting get_db session creation
2026-04-18 11:16:33,441 - core.database - DEBUG - [DB_OP] Database session created successfully in 0.0015s
2026-04-18 11:16:33,496 - routers.auth - DEBUG - [get_dynamic_backend_url] mgx-external-domain=None, x-forwarded-host=None, host=localhost:8000, scheme=https, dynamic_url=https://localhost:8000
2026-04-18 11:16:33,496 - routers.auth - INFO - [login] Starting OIDC flow with redirect_uri=https://localhost:8000/api/v1/auth/callback
2026-04-18 11:16:33,496 - core.database - ERROR - Database session error: 'Settings' object has no attribute 'oidc_client_id'
Traceback (most recent call last):
  File "/Users/oktavianus/wms/backend/core/database.py", line 553, in get_db
    yield session
  File "/Users/oktavianus/wms/backend/.venv311/lib/python3.11/site-packages/fastapi/routing.py", line 120, in app
    response = await f(request)
               ^^^^^^^^^^^^^^^^
  File "/Users/oktavianus/wms/backend/.venv311/lib/python3.11/site-packages/fastapi/routing.py", line 674, in app
    raw_response = await run_endpoint_function(
                   ^^^^^^^^^^^^^^^^^^^^^^^^^^^^
  File "/Users/oktavianus/wms/backend/.venv311/lib/python3.11/site-packages/fastapi/routing.py", line 328, in run_endpoint_function
    return await dependant.call(**values)
           ^^^^^^^^^^^^^^^^^^^^^^^^^^^^^^
  File "/Users/oktavianus/wms/backend/routers/auth.py", line 93, in login
    auth_url = build_authorization_url(state, nonce, code_challenge, redirect_uri=redirect_uri)
               ^^^^^^^^^^^^^^^^^^^^^^^^^^^^^^^^^^^^^^^^^^^^^^^^^^^^^^^^^^^^^^^^^^^^^^^^^^^^^^^^
  File "/Users/oktavianus/wms/backend/core/auth.py", line 240, in build_authorization_url
    "client_id": settings.oidc_client_id,
                 ^^^^^^^^^^^^^^^^^^^^^^^
  File "/Users/oktavianus/wms/backend/core/config.py", line 96, in __getattr__
    raise AttributeError(f"'{self.__class__.__name__}' object has no attribute '{name}'")
AttributeError: 'Settings' object has no attribute 'oidc_client_id'
2026-04-18 11:16:33,498 - core.database - DEBUG - [DB_OP] Database session cleanup after 0.0582s
2026-04-18 11:16:33,498 - core.database - ERROR - Failed to create database session: 'Settings' object has no attribute 'oidc_client_id'
Traceback (most recent call last):
  File "/Users/oktavianus/wms/backend/core/database.py", line 553, in get_db
    yield session
  File "/Users/oktavianus/wms/backend/.venv311/lib/python3.11/site-packages/fastapi/routing.py", line 120, in app
    response = await f(request)
               ^^^^^^^^^^^^^^^^
  File "/Users/oktavianus/wms/backend/.venv311/lib/python3.11/site-packages/fastapi/routing.py", line 674, in app
    raw_response = await run_endpoint_function(
                   ^^^^^^^^^^^^^^^^^^^^^^^^^^^^
  File "/Users/oktavianus/wms/backend/.venv311/lib/python3.11/site-packages/fastapi/routing.py", line 328, in run_endpoint_function
    return await dependant.call(**values)
           ^^^^^^^^^^^^^^^^^^^^^^^^^^^^^^
  File "/Users/oktavianus/wms/backend/routers/auth.py", line 93, in login
    auth_url = build_authorization_url(state, nonce, code_challenge, redirect_uri=redirect_uri)
               ^^^^^^^^^^^^^^^^^^^^^^^^^^^^^^^^^^^^^^^^^^^^^^^^^^^^^^^^^^^^^^^^^^^^^^^^^^^^^^^^
  File "/Users/oktavianus/wms/backend/core/auth.py", line 240, in build_authorization_url
    "client_id": settings.oidc_client_id,
                 ^^^^^^^^^^^^^^^^^^^^^^^
  File "/Users/oktavianus/wms/backend/core/config.py", line 96, in __getattr__
    raise AttributeError(f"'{self.__class__.__name__}' object has no attribute '{name}'")
AttributeError: 'Settings' object has no attribute 'oidc_client_id'
2026-04-18 11:16:33,501 - main - ERROR - Exception: AttributeError: 'Settings' object has no attribute 'oidc_client_id'
Traceback (most recent call last):
  File "/Users/oktavianus/wms/backend/.venv311/lib/python3.11/site-packages/starlette/middleware/errors.py", line 164, in __call__
    await self.app(scope, receive, _send)
  File "/Users/oktavianus/wms/backend/.venv311/lib/python3.11/site-packages/starlette/middleware/cors.py", line 88, in __call__
    await self.app(scope, receive, send)
  File "/Users/oktavianus/wms/backend/.venv311/lib/python3.11/site-packages/starlette/middleware/exceptions.py", line 63, in __call__
    await wrap_app_handling_exceptions(self.app, conn)(scope, receive, send)
  File "/Users/oktavianus/wms/backend/.venv311/lib/python3.11/site-packages/starlette/_exception_handler.py", line 53, in wrapped_app
    raise exc
  File "/Users/oktavianus/wms/backend/.venv311/lib/python3.11/site-packages/starlette/_exception_handler.py", line 42, in wrapped_app
    await app(scope, receive, sender)
  File "/Users/oktavianus/wms/backend/.venv311/lib/python3.11/site-packages/fastapi/middleware/asyncexitstack.py", line 18, in __call__
    await self.app(scope, receive, send)
  File "/Users/oktavianus/wms/backend/.venv311/lib/python3.11/site-packages/starlette/routing.py", line 660, in __call__
    await self.middleware_stack(scope, receive, send)
  File "/Users/oktavianus/wms/backend/.venv311/lib/python3.11/site-packages/starlette/routing.py", line 680, in app
    await route.handle(scope, receive, send)
  File "/Users/oktavianus/wms/backend/.venv311/lib/python3.11/site-packages/starlette/routing.py", line 276, in handle
    await self.app(scope, receive, send)
  File "/Users/oktavianus/wms/backend/.venv311/lib/python3.11/site-packages/fastapi/routing.py", line 134, in app
    await wrap_app_handling_exceptions(app, request)(scope, receive, send)
  File "/Users/oktavianus/wms/backend/.venv311/lib/python3.11/site-packages/starlette/_exception_handler.py", line 53, in wrapped_app
    raise exc
  File "/Users/oktavianus/wms/backend/.venv311/lib/python3.11/site-packages/starlette/_exception_handler.py", line 42, in wrapped_app
    await app(scope, receive, sender)
  File "/Users/oktavianus/wms/backend/.venv311/lib/python3.11/site-packages/fastapi/routing.py", line 120, in app
    response = await f(request)
               ^^^^^^^^^^^^^^^^
  File "/Users/oktavianus/wms/backend/.venv311/lib/python3.11/site-packages/fastapi/routing.py", line 674, in app
    raw_response = await run_endpoint_function(
                   ^^^^^^^^^^^^^^^^^^^^^^^^^^^^
  File "/Users/oktavianus/wms/backend/.venv311/lib/python3.11/site-packages/fastapi/routing.py", line 328, in run_endpoint_function
    return await dependant.call(**values)
           ^^^^^^^^^^^^^^^^^^^^^^^^^^^^^^
  File "/Users/oktavianus/wms/backend/routers/auth.py", line 93, in login
    auth_url = build_authorization_url(state, nonce, code_challenge, redirect_uri=redirect_uri)
               ^^^^^^^^^^^^^^^^^^^^^^^^^^^^^^^^^^^^^^^^^^^^^^^^^^^^^^^^^^^^^^^^^^^^^^^^^^^^^^^^
  File "/Users/oktavianus/wms/backend/core/auth.py", line 240, in build_authorization_url
    "client_id": settings.oidc_client_id,
                 ^^^^^^^^^^^^^^^^^^^^^^^
  File "/Users/oktavianus/wms/backend/core/config.py", line 96, in __getattr__
    raise AttributeError(f"'{self.__class__.__name__}' object has no attribute '{name}'")
AttributeError: 'Settings' object has no attribute 'oidc_client_id'

2026-04-18 11:21:35,969 - core.database - DEBUG - [DB_OP] Starting get_db session creation
2026-04-18 11:21:35,971 - core.database - DEBUG - [DB_OP] Database session created successfully in 0.0024s
2026-04-18 11:21:36,021 - routers.auth - DEBUG - [get_dynamic_backend_url] mgx-external-domain=None, x-forwarded-host=None, host=localhost:8000, scheme=https, dynamic_url=https://localhost:8000
2026-04-18 11:21:36,021 - routers.auth - INFO - [login] Starting OIDC flow with redirect_uri=https://localhost:8000/api/v1/auth/callback
2026-04-18 11:21:36,021 - core.database - ERROR - Database session error: 'Settings' object has no attribute 'oidc_client_id'
Traceback (most recent call last):
  File "/Users/oktavianus/wms/backend/core/database.py", line 553, in get_db
    yield session
  File "/Users/oktavianus/wms/backend/.venv311/lib/python3.11/site-packages/fastapi/routing.py", line 120, in app
    response = await f(request)
               ^^^^^^^^^^^^^^^^
  File "/Users/oktavianus/wms/backend/.venv311/lib/python3.11/site-packages/fastapi/routing.py", line 674, in app
    raw_response = await run_endpoint_function(
                   ^^^^^^^^^^^^^^^^^^^^^^^^^^^^
  File "/Users/oktavianus/wms/backend/.venv311/lib/python3.11/site-packages/fastapi/routing.py", line 328, in run_endpoint_function
    return await dependant.call(**values)
           ^^^^^^^^^^^^^^^^^^^^^^^^^^^^^^
  File "/Users/oktavianus/wms/backend/routers/auth.py", line 93, in login
    # Build redirect_uri dynamically from request
           ^^^^^^^^^^^^^^^^^^^^^^^^^^^^^^^^^^^^^^^
  File "/Users/oktavianus/wms/backend/core/auth.py", line 240, in build_authorization_url
    # Convert to PEM format
             ^^^^^^^^^^^^^^^
  File "/Users/oktavianus/wms/backend/core/config.py", line 96, in __getattr__
    raise AttributeError(f"'{self.__class__.__name__}' object has no attribute '{name}'")
AttributeError: 'Settings' object has no attribute 'oidc_client_id'
2026-04-18 11:21:36,022 - core.database - DEBUG - [DB_OP] Database session cleanup after 0.0532s
2026-04-18 11:21:36,022 - core.database - ERROR - Failed to create database session: 'Settings' object has no attribute 'oidc_client_id'
Traceback (most recent call last):
  File "/Users/oktavianus/wms/backend/core/database.py", line 553, in get_db
    yield session
  File "/Users/oktavianus/wms/backend/.venv311/lib/python3.11/site-packages/fastapi/routing.py", line 120, in app
    response = await f(request)
               ^^^^^^^^^^^^^^^^
  File "/Users/oktavianus/wms/backend/.venv311/lib/python3.11/site-packages/fastapi/routing.py", line 674, in app
    raw_response = await run_endpoint_function(
                   ^^^^^^^^^^^^^^^^^^^^^^^^^^^^
  File "/Users/oktavianus/wms/backend/.venv311/lib/python3.11/site-packages/fastapi/routing.py", line 328, in run_endpoint_function
    return await dependant.call(**values)
           ^^^^^^^^^^^^^^^^^^^^^^^^^^^^^^
  File "/Users/oktavianus/wms/backend/routers/auth.py", line 93, in login
    # Build redirect_uri dynamically from request
           ^^^^^^^^^^^^^^^^^^^^^^^^^^^^^^^^^^^^^^^
  File "/Users/oktavianus/wms/backend/core/auth.py", line 240, in build_authorization_url
    # Convert to PEM format
             ^^^^^^^^^^^^^^^
  File "/Users/oktavianus/wms/backend/core/config.py", line 96, in __getattr__
    raise AttributeError(f"'{self.__class__.__name__}' object has no attribute '{name}'")
AttributeError: 'Settings' object has no attribute 'oidc_client_id'
2026-04-18 11:21:36,023 - main - ERROR - Exception: AttributeError: 'Settings' object has no attribute 'oidc_client_id'
Traceback (most recent call last):
  File "/Users/oktavianus/wms/backend/.venv311/lib/python3.11/site-packages/starlette/middleware/errors.py", line 164, in __call__
    await self.app(scope, receive, _send)
  File "/Users/oktavianus/wms/backend/.venv311/lib/python3.11/site-packages/starlette/middleware/cors.py", line 88, in __call__
    await self.app(scope, receive, send)
  File "/Users/oktavianus/wms/backend/.venv311/lib/python3.11/site-packages/starlette/middleware/exceptions.py", line 63, in __call__
    await wrap_app_handling_exceptions(self.app, conn)(scope, receive, send)
  File "/Users/oktavianus/wms/backend/.venv311/lib/python3.11/site-packages/starlette/_exception_handler.py", line 53, in wrapped_app
    raise exc
  File "/Users/oktavianus/wms/backend/.venv311/lib/python3.11/site-packages/starlette/_exception_handler.py", line 42, in wrapped_app
    await app(scope, receive, sender)
  File "/Users/oktavianus/wms/backend/.venv311/lib/python3.11/site-packages/fastapi/middleware/asyncexitstack.py", line 18, in __call__
    await self.app(scope, receive, send)
  File "/Users/oktavianus/wms/backend/.venv311/lib/python3.11/site-packages/starlette/routing.py", line 660, in __call__
    await self.middleware_stack(scope, receive, send)
  File "/Users/oktavianus/wms/backend/.venv311/lib/python3.11/site-packages/starlette/routing.py", line 680, in app
    await route.handle(scope, receive, send)
  File "/Users/oktavianus/wms/backend/.venv311/lib/python3.11/site-packages/starlette/routing.py", line 276, in handle
    await self.app(scope, receive, send)
  File "/Users/oktavianus/wms/backend/.venv311/lib/python3.11/site-packages/fastapi/routing.py", line 134, in app
    await wrap_app_handling_exceptions(app, request)(scope, receive, send)
  File "/Users/oktavianus/wms/backend/.venv311/lib/python3.11/site-packages/starlette/_exception_handler.py", line 53, in wrapped_app
    raise exc
  File "/Users/oktavianus/wms/backend/.venv311/lib/python3.11/site-packages/starlette/_exception_handler.py", line 42, in wrapped_app
    await app(scope, receive, sender)
  File "/Users/oktavianus/wms/backend/.venv311/lib/python3.11/site-packages/fastapi/routing.py", line 120, in app
    response = await f(request)
               ^^^^^^^^^^^^^^^^
  File "/Users/oktavianus/wms/backend/.venv311/lib/python3.11/site-packages/fastapi/routing.py", line 674, in app
    raw_response = await run_endpoint_function(
                   ^^^^^^^^^^^^^^^^^^^^^^^^^^^^
  File "/Users/oktavianus/wms/backend/.venv311/lib/python3.11/site-packages/fastapi/routing.py", line 328, in run_endpoint_function
    return await dependant.call(**values)
           ^^^^^^^^^^^^^^^^^^^^^^^^^^^^^^
  File "/Users/oktavianus/wms/backend/routers/auth.py", line 93, in login
    # Build redirect_uri dynamically from request
           ^^^^^^^^^^^^^^^^^^^^^^^^^^^^^^^^^^^^^^^
  File "/Users/oktavianus/wms/backend/core/auth.py", line 240, in build_authorization_url
    # Convert to PEM format
             ^^^^^^^^^^^^^^^
  File "/Users/oktavianus/wms/backend/core/config.py", line 96, in __getattr__
    raise AttributeError(f"'{self.__class__.__name__}' object has no attribute '{name}'")
AttributeError: 'Settings' object has no attribute 'oidc_client_id'

2026-04-18 11:21:38,471 - dependencies.auth - DEBUG - Authentication required for request GET /api/v1/auth/me
2026-04-18 11:21:40,222 - dependencies.auth - DEBUG - Authentication required for request GET /api/v1/auth/me
2026-04-18 11:23:20,899 - services.database - DEBUG - [DB_OP] Starting database close
2026-04-18 11:23:20,919 - core.database - INFO - Database connection closed and engine disposed
2026-04-18 11:23:20,919 - services.database - INFO - Database connections closed
2026-04-18 11:23:20,919 - services.database - DEBUG - [DB_OP] Database close completed in 0.0204s
