2026-04-15 02:57:46,055 - main - INFO - === Logging system initialized ===
2026-04-15 02:57:46,055 - main - INFO - Log file: logs/app_20260415_025746.log
2026-04-15 02:57:46,055 - main - INFO - Log level: INFO
2026-04-15 02:57:46,056 - main - INFO - Timestamp: 20260415_025746
2026-04-15 02:57:52,162 - main - INFO - Included router: routers.aihub.router
2026-04-15 02:57:52,335 - main - INFO - Included router: routers.auth.router
2026-04-15 02:57:52,405 - main - INFO - Included router: routers.health.router
2026-04-15 02:57:52,498 - main - INFO - Included router: routers.settings.router
2026-04-15 02:57:52,618 - main - INFO - Included router: routers.storage.router
2026-04-15 02:57:52,714 - main - INFO - Included router: routers.user.router
2026-04-15 02:57:52,717 - main - INFO - === Application startup initiated ===
2026-04-15 02:57:52,717 - services.database - INFO - Ignore creating tables
2026-04-15 02:57:52,718 - services.mock_data - INFO - Ignore initialize data
2026-04-15 02:57:52,718 - services.auth - INFO - Ignore initialize admin
2026-04-15 02:57:52,718 - main - INFO - === Application startup completed successfully ===
2026-04-15 02:57:56,068 - core.database - DEBUG - [DB_OP] Starting get_db session creation
2026-04-15 02:57:56,069 - core.database - WARNING - Database session maker not available, attempting lazy initialization...
2026-04-15 02:57:56,069 - core.database - WARNING - Database not initialized, attempting lazy initialization...
2026-04-15 02:57:56,070 - core.database - INFO - Starting database initialization...
2026-04-15 02:57:56,070 - core.config - DEBUG - Read dynamic attribute database_url from environment variable DATABASE_URL
2026-04-15 02:57:56,070 - core.database - INFO - Normalizing database URL for async compatibility...
2026-04-15 02:57:56,071 - core.database - INFO - Creating async database engine...
2026-04-15 02:57:56,071 - core.database - INFO - Using QueuePool with connection pooling for non-Lambda environment
2026-04-15 02:57:56,315 - core.database - INFO - Database engine created successfully
2026-04-15 02:57:56,316 - core.database - INFO - Creating async session maker...
2026-04-15 02:57:56,316 - core.database - INFO - Async session maker created successfully
2026-04-15 02:57:56,316 - core.database - INFO - Database connection initialized successfully
2026-04-15 02:57:56,317 - core.database - DEBUG - [DB_OP] Starting create_tables
2026-04-15 02:57:56,317 - core.database - INFO - 🔧 Starting table creation...
2026-04-15 02:57:57,039 - core.database - DEBUG - [DB_OP] Starting get_db session creation
2026-04-15 02:57:57,040 - core.database - DEBUG - [DB_OP] Database session created successfully in 0.0006s
2026-04-15 02:57:57,040 - routers.auth - INFO - [token/exchange] Received platform token exchange request
2026-04-15 02:57:57,040 - core.config - DEBUG - Read dynamic attribute oidc_issuer_url from environment variable OIDC_ISSUER_URL
2026-04-15 02:57:57,041 - routers.auth - DEBUG - [token/exchange] Verifying token with issuer: https://auth.atoms.dev/api/v1/oidc/platform/tokens/verify
2026-04-15 02:57:57,528 - httpcore.connection - DEBUG - connect_tcp.started host='auth.atoms.dev' port=443 local_address=None timeout=5.0 socket_options=None
2026-04-15 02:57:57,541 - httpcore.connection - DEBUG - connect_tcp.complete return_value=<httpcore._backends.anyio.AnyIOStream object at 0x7fb61acbe470>
2026-04-15 02:57:57,542 - httpcore.connection - DEBUG - start_tls.started ssl_context=<ssl.SSLContext object at 0x7fb61a32a340> server_hostname='auth.atoms.dev' timeout=5.0
2026-04-15 02:57:57,551 - httpcore.connection - DEBUG - start_tls.complete return_value=<httpcore._backends.anyio.AnyIOStream object at 0x7fb6165dcf10>
2026-04-15 02:57:57,552 - httpcore.http11 - DEBUG - send_request_headers.started request=<Request [b'POST']>
2026-04-15 02:57:57,555 - httpcore.http11 - DEBUG - send_request_headers.complete
2026-04-15 02:57:57,555 - httpcore.http11 - DEBUG - send_request_body.started request=<Request [b'POST']>
2026-04-15 02:57:57,556 - httpcore.http11 - DEBUG - send_request_body.complete
2026-04-15 02:57:57,556 - httpcore.http11 - DEBUG - receive_response_headers.started request=<Request [b'POST']>
2026-04-15 02:57:57,585 - httpcore.http11 - DEBUG - receive_response_headers.complete return_value=(b'HTTP/1.1', 200, b'OK', [(b'Date', b'Wed, 15 Apr 2026 09:57:57 GMT'), (b'Content-Type', b'application/json'), (b'Transfer-Encoding', b'chunked'), (b'Connection', b'keep-alive'), (b'x-response-time', b'0.001s'), (b'x-request-id', b'0380134b526ab270d7e13dd4dbba7e31'), (b'cf-cache-status', b'DYNAMIC'), (b'Content-Encoding', b'gzip'), (b'Server', b'cloudflare'), (b'CF-RAY', b'9eca16c8784d08d6-LAX')])
2026-04-15 02:57:57,585 - httpx - INFO - HTTP Request: POST https://auth.atoms.dev/api/v1/oidc/platform/tokens/verify "HTTP/1.1 200 OK"
2026-04-15 02:57:57,586 - httpcore.http11 - DEBUG - receive_response_body.started request=<Request [b'POST']>
2026-04-15 02:57:57,587 - httpcore.http11 - DEBUG - receive_response_body.complete
2026-04-15 02:57:57,587 - httpcore.http11 - DEBUG - response_closed.started
2026-04-15 02:57:57,588 - httpcore.http11 - DEBUG - response_closed.complete
2026-04-15 02:57:57,588 - httpcore.connection - DEBUG - close.started
2026-04-15 02:57:57,589 - httpcore.connection - DEBUG - close.complete
2026-04-15 02:57:57,589 - routers.auth - DEBUG - [token/exchange] Issuer response status: 200
2026-04-15 02:57:57,589 - routers.auth - DEBUG - [token/exchange] Issuer response body: {'success': True, 'data': {'exp': 1778398175, 'user_id': 627674, 'email': 'oktavianus@usahakreatif.co.id', 'pv': 0}, 'message': 'Platform token verified', 'code': 0, 'timestamp': '2026-04-15T09:57:57.224078'}
2026-04-15 02:57:57,589 - routers.auth - INFO - [token/exchange] Token verified, platform_user_id=627674, email=oktavianus@usahakreatif.co.id
2026-04-15 02:57:57,590 - core.config - DEBUG - Read dynamic attribute admin_user_id from environment variable ADMIN_USER_ID
2026-04-15 02:57:57,590 - routers.auth - INFO - [token/exchange] User verified: platform_user_id=627674, role=admin
2026-04-15 02:57:57,593 - routers.auth - DEBUG - [token/exchange] User object for token issuance: id=627674, email=oktavianus@usahakreatif.co.id, role=admin
2026-04-15 02:57:57,593 - core.config - DEBUG - Read dynamic attribute jwt_expire_minutes from environment variable JWT_EXPIRE_MINUTES
2026-04-15 02:57:57,593 - core.config - DEBUG - Read dynamic attribute jwt_secret_key from environment variable JWT_SECRET_KEY
2026-04-15 02:57:57,593 - core.config - DEBUG - Read dynamic attribute jwt_algorithm from environment variable JWT_ALGORITHM
2026-04-15 02:57:57,786 - core.auth - DEBUG - Authentication token created for user hash: cac403a5
2026-04-15 02:57:57,786 - routers.auth - INFO - [token/exchange] Token issued successfully for user_id=627674, expires_at=2026-05-15 09:57:57.593481+00:00
2026-04-15 02:57:57,787 - core.database - DEBUG - [DB_OP] Database session cleanup after 0.7474s
2026-04-15 02:57:58,483 - core.database - INFO - Tables initialized successfully
2026-04-15 02:57:58,483 - core.database - DEBUG - [DB_OP] Create tables completed in 2.1665s
2026-04-15 02:57:58,546 - core.database - INFO - Lazy database initialization completed successfully
2026-04-15 02:57:58,547 - core.database - DEBUG - [DB_OP] Database session created successfully in 2.4784s
2026-04-15 02:57:58,548 - routers.auth - INFO - [token/exchange] Received platform token exchange request
2026-04-15 02:57:58,548 - routers.auth - DEBUG - [token/exchange] Verifying token with issuer: https://auth.atoms.dev/api/v1/oidc/platform/tokens/verify
2026-04-15 02:57:58,585 - httpcore.connection - DEBUG - connect_tcp.started host='auth.atoms.dev' port=443 local_address=None timeout=5.0 socket_options=None
2026-04-15 02:57:58,599 - httpcore.connection - DEBUG - connect_tcp.complete return_value=<httpcore._backends.anyio.AnyIOStream object at 0x7fb616678d00>
2026-04-15 02:57:58,599 - httpcore.connection - DEBUG - start_tls.started ssl_context=<ssl.SSLContext object at 0x7fb61a32b2c0> server_hostname='auth.atoms.dev' timeout=5.0
2026-04-15 02:57:58,608 - httpcore.connection - DEBUG - start_tls.complete return_value=<httpcore._backends.anyio.AnyIOStream object at 0x7fb616678c70>
2026-04-15 02:57:58,609 - httpcore.http11 - DEBUG - send_request_headers.started request=<Request [b'POST']>
2026-04-15 02:57:58,609 - httpcore.http11 - DEBUG - send_request_headers.complete
2026-04-15 02:57:58,610 - httpcore.http11 - DEBUG - send_request_body.started request=<Request [b'POST']>
2026-04-15 02:57:58,611 - httpcore.http11 - DEBUG - send_request_body.complete
2026-04-15 02:57:58,611 - httpcore.http11 - DEBUG - receive_response_headers.started request=<Request [b'POST']>
2026-04-15 02:57:58,646 - httpcore.http11 - DEBUG - receive_response_headers.complete return_value=(b'HTTP/1.1', 200, b'OK', [(b'Date', b'Wed, 15 Apr 2026 09:57:58 GMT'), (b'Content-Type', b'application/json'), (b'Transfer-Encoding', b'chunked'), (b'Connection', b'keep-alive'), (b'x-response-time', b'0.001s'), (b'x-request-id', b'0cd860d094d5241a27c1c5dee51a0ea7'), (b'cf-cache-status', b'DYNAMIC'), (b'Content-Encoding', b'gzip'), (b'Server', b'cloudflare'), (b'CF-RAY', b'9eca16cf1f8ddbe1-LAX')])
2026-04-15 02:57:58,647 - httpx - INFO - HTTP Request: POST https://auth.atoms.dev/api/v1/oidc/platform/tokens/verify "HTTP/1.1 200 OK"
2026-04-15 02:57:58,648 - httpcore.http11 - DEBUG - receive_response_body.started request=<Request [b'POST']>
2026-04-15 02:57:58,648 - httpcore.http11 - DEBUG - receive_response_body.complete
2026-04-15 02:57:58,648 - httpcore.http11 - DEBUG - response_closed.started
2026-04-15 02:57:58,648 - httpcore.http11 - DEBUG - response_closed.complete
2026-04-15 02:57:58,649 - httpcore.connection - DEBUG - close.started
2026-04-15 02:57:58,649 - httpcore.connection - DEBUG - close.complete
2026-04-15 02:57:58,649 - routers.auth - DEBUG - [token/exchange] Issuer response status: 200
2026-04-15 02:57:58,650 - routers.auth - DEBUG - [token/exchange] Issuer response body: {'success': True, 'data': {'exp': 1778398175, 'user_id': 627674, 'email': 'oktavianus@usahakreatif.co.id', 'pv': 0}, 'message': 'Platform token verified', 'code': 0, 'timestamp': '2026-04-15T09:57:58.285345'}
2026-04-15 02:57:58,650 - routers.auth - INFO - [token/exchange] Token verified, platform_user_id=627674, email=oktavianus@usahakreatif.co.id
2026-04-15 02:57:58,650 - routers.auth - INFO - [token/exchange] User verified: platform_user_id=627674, role=admin
2026-04-15 02:57:58,650 - routers.auth - DEBUG - [token/exchange] User object for token issuance: id=627674, email=oktavianus@usahakreatif.co.id, role=admin
2026-04-15 02:57:58,650 - core.auth - DEBUG - Authentication token created for user hash: cac403a5
2026-04-15 02:57:58,650 - routers.auth - INFO - [token/exchange] Token issued successfully for user_id=627674, expires_at=2026-05-15 09:57:58.650604+00:00
2026-04-15 02:57:58,651 - core.database - DEBUG - [DB_OP] Database session cleanup after 2.5823s
2026-04-15 03:17:28,894 - core.auth - DEBUG - Authentication token validated for user hash: cac403a5
2026-04-15 03:18:13,240 - dependencies.auth - DEBUG - Authentication required for request GET /api/v1/auth/me
2026-04-15 03:19:01,595 - core.auth - DEBUG - Authentication token validated for user hash: cac403a5
2026-04-15 03:19:01,829 - dependencies.auth - DEBUG - Authentication required for request GET /api/v1/auth/me
2026-04-15 03:19:24,271 - services.database - DEBUG - [DB_OP] Starting database close
2026-04-15 03:19:24,272 - core.database - INFO - Database connection closed and engine disposed
2026-04-15 03:19:24,272 - services.database - INFO - Database connections closed
2026-04-15 03:19:24,272 - services.database - DEBUG - [DB_OP] Database close completed in 0.0011s
