2026-04-15 21:25:31,388 - main - INFO - === Logging system initialized ===
2026-04-15 21:25:31,388 - main - INFO - Log file: logs/app_20260415_212531.log
2026-04-15 21:25:31,388 - main - INFO - Log level: INFO
2026-04-15 21:25:31,388 - main - INFO - Timestamp: 20260415_212531
2026-04-15 21:25:32,338 - main - INFO - Included router: routers.aihub.router
2026-04-15 21:25:32,357 - main - INFO - Included router: routers.auth.router
2026-04-15 21:25:32,403 - main - INFO - Included router: routers.bins.router
2026-04-15 21:25:32,454 - main - INFO - Included router: routers.bom_lines.router
2026-04-15 21:25:32,507 - main - INFO - Included router: routers.bom_recipes.router
2026-04-15 21:25:32,511 - main - INFO - Included router: routers.health.router
2026-04-15 21:25:32,564 - main - INFO - Included router: routers.inventory_lots.router
2026-04-15 21:25:32,621 - main - INFO - Included router: routers.products.router
2026-04-15 21:25:32,670 - main - INFO - Included router: routers.receiving_documents.router
2026-04-15 21:25:32,733 - main - INFO - Included router: routers.receiving_lines.router
2026-04-15 21:25:32,762 - main - INFO - Included router: routers.settings.router
2026-04-15 21:25:32,899 - main - INFO - Included router: routers.stock_movements.router
2026-04-15 21:25:32,965 - main - INFO - Included router: routers.storage.router
2026-04-15 21:25:33,022 - main - INFO - Included router: routers.suppliers.router
2026-04-15 21:25:33,057 - main - INFO - Included router: routers.user.router
2026-04-15 21:25:33,106 - main - INFO - Included router: routers.warehouses.router
2026-04-15 21:25:33,153 - main - INFO - Included router: routers.zones.router
2026-04-15 21:25:33,155 - main - INFO - === Application startup initiated ===
2026-04-15 21:25:33,155 - services.database - INFO - Ignore creating tables
2026-04-15 21:25:33,155 - services.mock_data - INFO - Ignore initialize data
2026-04-15 21:25:33,155 - services.auth - INFO - Ignore initialize admin
2026-04-15 21:25:33,155 - main - INFO - === Application startup completed successfully ===
2026-04-15 21:25:39,947 - core.database - DEBUG - [DB_OP] Starting get_db session creation
2026-04-15 21:25:39,947 - core.database - WARNING - Database session maker not available, attempting lazy initialization...
2026-04-15 21:25:39,947 - core.database - WARNING - Database not initialized, attempting lazy initialization...
2026-04-15 21:25:39,948 - core.database - INFO - Starting database initialization...
2026-04-15 21:25:39,948 - core.config - DEBUG - Read dynamic attribute database_url from environment variable DATABASE_URL
2026-04-15 21:25:39,948 - core.database - INFO - Normalizing database URL for async compatibility...
2026-04-15 21:25:39,949 - core.database - INFO - Creating async database engine...
2026-04-15 21:25:39,949 - core.database - INFO - Using QueuePool with connection pooling for non-Lambda environment
2026-04-15 21:25:40,001 - core.database - INFO - Database engine created successfully
2026-04-15 21:25:40,002 - core.database - INFO - Creating async session maker...
2026-04-15 21:25:40,002 - core.database - INFO - Async session maker created successfully
2026-04-15 21:25:40,002 - core.database - INFO - Database connection initialized successfully
2026-04-15 21:25:40,002 - core.database - DEBUG - [DB_OP] Starting create_tables
2026-04-15 21:25:40,003 - core.database - INFO - 🔧 Starting table creation...
2026-04-15 21:25:40,047 - core.config - DEBUG - Read dynamic attribute jwt_secret_key from environment variable JWT_SECRET_KEY
2026-04-15 21:25:40,048 - core.config - DEBUG - Read dynamic attribute jwt_algorithm from environment variable JWT_ALGORITHM
2026-04-15 21:25:40,060 - core.auth - DEBUG - Authentication token validated for user hash: cac403a5
2026-04-15 21:25:40,064 - core.database - DEBUG - [DB_OP] Starting get_db session creation
2026-04-15 21:25:40,064 - core.database - DEBUG - [DB_OP] Database session created successfully in 0.0005s
2026-04-15 21:25:40,064 - routers.stock_movements - DEBUG - Querying stock_movementss: query=None, sort=-created_at, skip=0, limit=100, fields=None
2026-04-15 21:25:40,069 - core.database - DEBUG - [DB_OP] Starting get_db session creation
2026-04-15 21:25:40,069 - core.database - DEBUG - [DB_OP] Database session created successfully in 0.0002s
2026-04-15 21:25:40,069 - routers.inventory_lots - DEBUG - Querying inventory_lotss: query=None, sort=None, skip=0, limit=100, fields=None
2026-04-15 21:25:40,072 - core.database - DEBUG - [DB_OP] Starting get_db session creation
2026-04-15 21:25:40,073 - core.database - DEBUG - [DB_OP] Database session created successfully in 0.0005s
2026-04-15 21:25:40,073 - routers.products - DEBUG - Querying productss: query=None, sort=None, skip=0, limit=100, fields=None
2026-04-15 21:25:41,461 - routers.products - DEBUG - Found 8 productss
2026-04-15 21:25:41,462 - core.database - DEBUG - [DB_OP] Database session cleanup after 1.3901s
2026-04-15 21:25:41,464 - routers.stock_movements - DEBUG - Found 7 stock_movementss
2026-04-15 21:25:41,465 - core.database - DEBUG - [DB_OP] Database session cleanup after 1.4016s
2026-04-15 21:25:41,527 - routers.inventory_lots - DEBUG - Found 10 inventory_lotss
2026-04-15 21:25:41,528 - core.database - DEBUG - [DB_OP] Database session cleanup after 1.4588s
2026-04-15 21:25:42,087 - core.database - INFO - Tables initialized successfully
2026-04-15 21:25:42,087 - core.database - DEBUG - [DB_OP] Create tables completed in 2.0850s
2026-04-15 21:25:42,151 - core.database - INFO - Lazy database initialization completed successfully
2026-04-15 21:25:42,151 - core.database - DEBUG - [DB_OP] Database session created successfully in 2.2046s
2026-04-15 21:25:42,152 - routers.receiving_documents - DEBUG - Querying receiving_documentss: query=None, sort=None, skip=0, limit=100, fields=None
2026-04-15 21:25:42,724 - routers.receiving_documents - DEBUG - Found 5 receiving_documentss
2026-04-15 21:25:42,730 - core.database - DEBUG - [DB_OP] Database session cleanup after 2.7832s
2026-04-15 21:30:19,421 - core.database - DEBUG - [DB_OP] Starting get_db session creation
2026-04-15 21:30:19,422 - core.database - DEBUG - [DB_OP] Database session created successfully in 0.0005s
2026-04-15 21:30:19,422 - routers.inventory_lots - DEBUG - Querying inventory_lotss: query=None, sort=None, skip=0, limit=100, fields=None
2026-04-15 21:30:19,423 - core.database - DEBUG - [DB_OP] Starting get_db session creation
2026-04-15 21:30:19,424 - core.database - DEBUG - [DB_OP] Database session created successfully in 0.0004s
2026-04-15 21:30:19,424 - routers.products - DEBUG - Querying productss: query=None, sort=None, skip=0, limit=100, fields=None
2026-04-15 21:30:19,426 - core.database - DEBUG - [DB_OP] Starting get_db session creation
2026-04-15 21:30:19,426 - core.database - DEBUG - [DB_OP] Database session created successfully in 0.0003s
2026-04-15 21:30:19,426 - routers.receiving_documents - DEBUG - Querying receiving_documentss: query=None, sort=None, skip=0, limit=100, fields=None
2026-04-15 21:30:19,429 - core.auth - DEBUG - Authentication token validated for user hash: cac403a5
2026-04-15 21:30:19,430 - core.database - DEBUG - [DB_OP] Starting get_db session creation
2026-04-15 21:30:19,430 - core.database - DEBUG - [DB_OP] Database session created successfully in 0.0003s
2026-04-15 21:30:19,430 - routers.stock_movements - DEBUG - Querying stock_movementss: query=None, sort=-created_at, skip=0, limit=100, fields=None
2026-04-15 21:30:19,933 - routers.stock_movements - DEBUG - Found 7 stock_movementss
2026-04-15 21:30:19,934 - core.database - DEBUG - [DB_OP] Database session cleanup after 0.5044s
2026-04-15 21:30:19,991 - routers.products - DEBUG - Found 8 productss
2026-04-15 21:30:19,992 - core.database - DEBUG - [DB_OP] Database session cleanup after 0.5684s
2026-04-15 21:30:19,995 - routers.inventory_lots - DEBUG - Found 10 inventory_lotss
2026-04-15 21:30:19,996 - core.database - DEBUG - [DB_OP] Database session cleanup after 0.5747s
2026-04-15 21:30:19,998 - routers.receiving_documents - DEBUG - Found 5 receiving_documentss
2026-04-15 21:30:19,999 - core.database - DEBUG - [DB_OP] Database session cleanup after 0.5736s
2026-04-15 21:36:12,213 - services.database - DEBUG - [DB_OP] Starting database close
2026-04-15 21:36:12,215 - core.database - INFO - Database connection closed and engine disposed
2026-04-15 21:36:12,215 - services.database - INFO - Database connections closed
2026-04-15 21:36:12,215 - services.database - DEBUG - [DB_OP] Database close completed in 0.0018s
