2026-04-18 11:23:23,649 - main - INFO - === Logging system initialized ===
2026-04-18 11:23:23,650 - main - INFO - Log file: logs/app_20260418_112323.log
2026-04-18 11:23:23,650 - main - INFO - Log level: INFO
2026-04-18 11:23:23,650 - main - INFO - Timestamp: 20260418_112323
2026-04-18 11:23:23,969 - main - INFO - Included router: routers.aihub.router
2026-04-18 11:23:23,986 - main - INFO - Included router: routers.auth.router
2026-04-18 11:23:24,002 - main - INFO - Included router: routers.bins.router
2026-04-18 11:23:24,022 - main - INFO - Included router: routers.bom_lines.router
2026-04-18 11:23:24,040 - main - INFO - Included router: routers.bom_recipes.router
2026-04-18 11:23:24,056 - main - INFO - Included router: routers.branches.router
2026-04-18 11:23:24,056 - main - INFO - Included router: routers.health.router
2026-04-18 11:23:24,074 - main - INFO - Included router: routers.inventory_lots.router
2026-04-18 11:23:24,086 - main - INFO - Included router: routers.label_templates.router
2026-04-18 11:23:24,130 - main - INFO - Included router: routers.products.router
2026-04-18 11:23:24,133 - main - INFO - Included router: routers.rbac.router
2026-04-18 11:23:24,150 - main - INFO - Included router: routers.receiving_documents.router
2026-04-18 11:23:24,213 - main - INFO - Included router: routers.receiving_lines.router
2026-04-18 11:23:24,221 - main - INFO - Included router: routers.settings.router
2026-04-18 11:23:24,239 - main - INFO - Included router: routers.stock_movements.router
2026-04-18 11:23:24,259 - main - INFO - Included router: routers.stock_transfers.router
2026-04-18 11:23:24,276 - main - INFO - Included router: routers.storage.router
2026-04-18 11:23:24,293 - main - INFO - Included router: routers.suppliers.router
2026-04-18 11:23:24,301 - main - INFO - Included router: routers.user.router
2026-04-18 11:23:24,316 - main - INFO - Included router: routers.warehouses.router
2026-04-18 11:23:24,331 - main - INFO - Included router: routers.zones.router
2026-04-18 11:23:24,332 - main - INFO - === Application startup initiated ===
2026-04-18 11:23:24,332 - services.database - DEBUG - [DB_OP] Starting database initialization
2026-04-18 11:23:24,332 - services.database - INFO - 🔧 Starting database initialization...
2026-04-18 11:23:24,332 - core.database - INFO - Starting database initialization...
2026-04-18 11:23:24,332 - core.config - DEBUG - Read dynamic attribute database_url from environment variable DATABASE_URL
2026-04-18 11:23:24,332 - core.database - INFO - Normalizing database URL for async compatibility...
2026-04-18 11:23:24,332 - core.database - WARNING - Adjusted database URL driver for async compatibility
2026-04-18 11:23:24,332 - core.database - INFO - Creating async database engine...
2026-04-18 11:23:24,332 - core.database - INFO - Using QueuePool with connection pooling for non-Lambda environment
2026-04-18 11:23:24,353 - core.database - INFO - Database engine created successfully
2026-04-18 11:23:24,353 - core.database - INFO - Creating async session maker...
2026-04-18 11:23:24,353 - core.database - INFO - Async session maker created successfully
2026-04-18 11:23:24,353 - core.database - INFO - Database connection initialized successfully
2026-04-18 11:23:24,353 - services.database - INFO - 🔧 Database connection initialized, now creating tables if tables not exist...
2026-04-18 11:23:24,353 - core.database - DEBUG - [DB_OP] Starting create_tables
2026-04-18 11:23:24,353 - core.database - INFO - 🔧 Starting table creation...
2026-04-18 11:23:24,399 - core.database - INFO - Tables initialized successfully
2026-04-18 11:23:24,400 - core.database - DEBUG - [DB_OP] Create tables completed in 0.0465s
2026-04-18 11:23:24,400 - services.database - INFO - 🔧 Table creation completed
2026-04-18 11:23:24,400 - services.database - INFO - Database initialized successfully
2026-04-18 11:23:24,400 - services.database - DEBUG - [DB_OP] Database initialization completed in 0.0686s
2026-04-18 11:23:24,401 - services.mock_data - INFO - Processing mock data file bins.json for table bins
2026-04-18 11:23:24,401 - services.mock_data - INFO - Processing mock data file bom_lines.json for table bom_lines
2026-04-18 11:23:24,401 - services.mock_data - INFO - Processing mock data file bom_recipes.json for table bom_recipes
2026-04-18 11:23:24,402 - services.mock_data - INFO - Processing mock data file branches.json for table branches
2026-04-18 11:23:24,402 - services.mock_data - INFO - Processing mock data file inventory_lots.json for table inventory_lots
2026-04-18 11:23:24,454 - services.mock_data - INFO - Table bins already has 8 rows; skipping mock insert
2026-04-18 11:23:24,454 - services.mock_data - INFO - Table inventory_lots already has 10 rows; skipping mock insert
2026-04-18 11:23:24,454 - services.mock_data - INFO - Table branches already has 4 rows; skipping mock insert
2026-04-18 11:23:24,454 - services.mock_data - INFO - Table bom_lines already has 17 rows; skipping mock insert
2026-04-18 11:23:24,454 - services.mock_data - INFO - Processing mock data file products.json for table products
2026-04-18 11:23:24,455 - services.mock_data - INFO - Processing mock data file receiving_documents.json for table receiving_documents
2026-04-18 11:23:24,455 - services.mock_data - INFO - Processing mock data file receiving_lines.json for table receiving_lines
2026-04-18 11:23:24,455 - services.mock_data - INFO - Processing mock data file stock_movements.json for table stock_movements
2026-04-18 11:23:24,456 - services.mock_data - INFO - Table bom_recipes already has 6 rows; skipping mock insert
2026-04-18 11:23:24,456 - services.mock_data - INFO - Processing mock data file stock_transfers.json for table stock_transfers
2026-04-18 11:23:24,465 - services.mock_data - INFO - Table products already has 8 rows; skipping mock insert
2026-04-18 11:23:24,465 - services.mock_data - INFO - Table stock_movements already has 7 rows; skipping mock insert
2026-04-18 11:23:24,465 - services.mock_data - INFO - Table receiving_lines already has 5 rows; skipping mock insert
2026-04-18 11:23:24,466 - services.mock_data - INFO - Table receiving_documents already has 5 rows; skipping mock insert
2026-04-18 11:23:24,466 - services.mock_data - INFO - Processing mock data file suppliers.json for table suppliers
2026-04-18 11:23:24,466 - services.mock_data - INFO - Processing mock data file warehouses.json for table warehouses
2026-04-18 11:23:24,466 - services.mock_data - INFO - Processing mock data file zones.json for table zones
2026-04-18 11:23:24,466 - services.mock_data - INFO - Table stock_transfers already has 3 rows; skipping mock insert
2026-04-18 11:23:24,475 - services.mock_data - INFO - Table warehouses already has 3 rows; skipping mock insert
2026-04-18 11:23:24,475 - services.mock_data - INFO - Table zones already has 5 rows; skipping mock insert
2026-04-18 11:23:24,475 - services.mock_data - INFO - Table suppliers already has 5 rows; skipping mock insert
2026-04-18 11:23:24,475 - services.database - DEBUG - [DB_OP] Starting database initialization
2026-04-18 11:23:24,475 - services.database - INFO - 🔧 Starting database initialization...
2026-04-18 11:23:24,476 - core.database - INFO - Starting database initialization...
2026-04-18 11:23:24,476 - core.database - INFO - Database already initialized
2026-04-18 11:23:24,476 - services.database - INFO - 🔧 Database connection initialized, now creating tables if tables not exist...
2026-04-18 11:23:24,476 - core.database - DEBUG - [DB_OP] Starting create_tables
2026-04-18 11:23:24,476 - core.database - INFO - Tables already initialized
2026-04-18 11:23:24,476 - services.database - INFO - 🔧 Table creation completed
2026-04-18 11:23:24,476 - services.database - INFO - Database initialized successfully
2026-04-18 11:23:24,476 - services.database - DEBUG - [DB_OP] Database initialization completed in 0.0002s
2026-04-18 11:23:24,486 - services.auth - DEBUG - Created admin user: local-admin with email: admin@local.dev
2026-04-18 11:23:24,501 - services.auth - DEBUG - Created local admin credential for username: admin
2026-04-18 11:23:24,502 - main - INFO - === Application startup completed successfully ===
2026-04-18 11:23:28,790 - core.database - DEBUG - [DB_OP] Starting get_db session creation
2026-04-18 11:23:28,790 - core.database - DEBUG - [DB_OP] Database session created successfully in 0.0001s
2026-04-18 11:23:28,810 - core.database - ERROR - Database session error: 'Settings' object has no attribute 'jwt_secret_key'
Traceback (most recent call last):
  File "/Users/oktavianus/wms/backend/core/database.py", line 553, in get_db
    yield session
  File "/Users/oktavianus/wms/backend/.venv311/lib/python3.11/site-packages/fastapi/routing.py", line 120, in app
    response = await f(request)
               ^^^^^^^^^^^^^^^^
  File "/Users/oktavianus/wms/backend/.venv311/lib/python3.11/site-packages/fastapi/routing.py", line 674, in app
    raw_response = await run_endpoint_function(
                   ^^^^^^^^^^^^^^^^^^^^^^^^^^^^
  File "/Users/oktavianus/wms/backend/.venv311/lib/python3.11/site-packages/fastapi/routing.py", line 328, in run_endpoint_function
    return await dependant.call(**values)
           ^^^^^^^^^^^^^^^^^^^^^^^^^^^^^^
  File "/Users/oktavianus/wms/backend/routers/auth.py", line 246, in local_login
    token, _expires_at, _claims = await auth_service.issue_app_token(user=user)
                                  ^^^^^^^^^^^^^^^^^^^^^^^^^^^^^^^^^^^^^^^^^^^^^
  File "/Users/oktavianus/wms/backend/services/auth.py", line 73, in issue_app_token
    token = create_access_token(claims, expires_minutes=expires_minutes)
            ^^^^^^^^^^^^^^^^^^^^^^^^^^^^^^^^^^^^^^^^^^^^^^^^^^^^^^^^^^^^
  File "/Users/oktavianus/wms/backend/core/auth.py", line 102, in create_access_token
    if not settings.jwt_secret_key:
           ^^^^^^^^^^^^^^^^^^^^^^^
  File "/Users/oktavianus/wms/backend/core/config.py", line 96, in __getattr__
    raise AttributeError(f"'{self.__class__.__name__}' object has no attribute '{name}'")
AttributeError: 'Settings' object has no attribute 'jwt_secret_key'
2026-04-18 11:23:28,812 - core.database - DEBUG - [DB_OP] Database session cleanup after 0.0220s
2026-04-18 11:23:28,812 - core.database - ERROR - Failed to create database session: 'Settings' object has no attribute 'jwt_secret_key'
Traceback (most recent call last):
  File "/Users/oktavianus/wms/backend/core/database.py", line 553, in get_db
    yield session
  File "/Users/oktavianus/wms/backend/.venv311/lib/python3.11/site-packages/fastapi/routing.py", line 120, in app
    response = await f(request)
               ^^^^^^^^^^^^^^^^
  File "/Users/oktavianus/wms/backend/.venv311/lib/python3.11/site-packages/fastapi/routing.py", line 674, in app
    raw_response = await run_endpoint_function(
                   ^^^^^^^^^^^^^^^^^^^^^^^^^^^^
  File "/Users/oktavianus/wms/backend/.venv311/lib/python3.11/site-packages/fastapi/routing.py", line 328, in run_endpoint_function
    return await dependant.call(**values)
           ^^^^^^^^^^^^^^^^^^^^^^^^^^^^^^
  File "/Users/oktavianus/wms/backend/routers/auth.py", line 246, in local_login
    token, _expires_at, _claims = await auth_service.issue_app_token(user=user)
                                  ^^^^^^^^^^^^^^^^^^^^^^^^^^^^^^^^^^^^^^^^^^^^^
  File "/Users/oktavianus/wms/backend/services/auth.py", line 73, in issue_app_token
    token = create_access_token(claims, expires_minutes=expires_minutes)
            ^^^^^^^^^^^^^^^^^^^^^^^^^^^^^^^^^^^^^^^^^^^^^^^^^^^^^^^^^^^^
  File "/Users/oktavianus/wms/backend/core/auth.py", line 102, in create_access_token
    if not settings.jwt_secret_key:
           ^^^^^^^^^^^^^^^^^^^^^^^
  File "/Users/oktavianus/wms/backend/core/config.py", line 96, in __getattr__
    raise AttributeError(f"'{self.__class__.__name__}' object has no attribute '{name}'")
AttributeError: 'Settings' object has no attribute 'jwt_secret_key'
2026-04-18 11:23:28,815 - main - ERROR - Exception: AttributeError: 'Settings' object has no attribute 'jwt_secret_key'
Traceback (most recent call last):
  File "/Users/oktavianus/wms/backend/.venv311/lib/python3.11/site-packages/starlette/middleware/errors.py", line 164, in __call__
    await self.app(scope, receive, _send)
  File "/Users/oktavianus/wms/backend/.venv311/lib/python3.11/site-packages/starlette/middleware/cors.py", line 96, in __call__
    await self.simple_response(scope, receive, send, request_headers=headers)
  File "/Users/oktavianus/wms/backend/.venv311/lib/python3.11/site-packages/starlette/middleware/cors.py", line 154, in simple_response
    await self.app(scope, receive, send)
  File "/Users/oktavianus/wms/backend/.venv311/lib/python3.11/site-packages/starlette/middleware/exceptions.py", line 63, in __call__
    await wrap_app_handling_exceptions(self.app, conn)(scope, receive, send)
  File "/Users/oktavianus/wms/backend/.venv311/lib/python3.11/site-packages/starlette/_exception_handler.py", line 53, in wrapped_app
    raise exc
  File "/Users/oktavianus/wms/backend/.venv311/lib/python3.11/site-packages/starlette/_exception_handler.py", line 42, in wrapped_app
    await app(scope, receive, sender)
  File "/Users/oktavianus/wms/backend/.venv311/lib/python3.11/site-packages/fastapi/middleware/asyncexitstack.py", line 18, in __call__
    await self.app(scope, receive, send)
  File "/Users/oktavianus/wms/backend/.venv311/lib/python3.11/site-packages/starlette/routing.py", line 660, in __call__
    await self.middleware_stack(scope, receive, send)
  File "/Users/oktavianus/wms/backend/.venv311/lib/python3.11/site-packages/starlette/routing.py", line 680, in app
    await route.handle(scope, receive, send)
  File "/Users/oktavianus/wms/backend/.venv311/lib/python3.11/site-packages/starlette/routing.py", line 276, in handle
    await self.app(scope, receive, send)
  File "/Users/oktavianus/wms/backend/.venv311/lib/python3.11/site-packages/fastapi/routing.py", line 134, in app
    await wrap_app_handling_exceptions(app, request)(scope, receive, send)
  File "/Users/oktavianus/wms/backend/.venv311/lib/python3.11/site-packages/starlette/_exception_handler.py", line 53, in wrapped_app
    raise exc
  File "/Users/oktavianus/wms/backend/.venv311/lib/python3.11/site-packages/starlette/_exception_handler.py", line 42, in wrapped_app
    await app(scope, receive, sender)
  File "/Users/oktavianus/wms/backend/.venv311/lib/python3.11/site-packages/fastapi/routing.py", line 120, in app
    response = await f(request)
               ^^^^^^^^^^^^^^^^
  File "/Users/oktavianus/wms/backend/.venv311/lib/python3.11/site-packages/fastapi/routing.py", line 674, in app
    raw_response = await run_endpoint_function(
                   ^^^^^^^^^^^^^^^^^^^^^^^^^^^^
  File "/Users/oktavianus/wms/backend/.venv311/lib/python3.11/site-packages/fastapi/routing.py", line 328, in run_endpoint_function
    return await dependant.call(**values)
           ^^^^^^^^^^^^^^^^^^^^^^^^^^^^^^
  File "/Users/oktavianus/wms/backend/routers/auth.py", line 246, in local_login
    token, _expires_at, _claims = await auth_service.issue_app_token(user=user)
                                  ^^^^^^^^^^^^^^^^^^^^^^^^^^^^^^^^^^^^^^^^^^^^^
  File "/Users/oktavianus/wms/backend/services/auth.py", line 73, in issue_app_token
    token = create_access_token(claims, expires_minutes=expires_minutes)
            ^^^^^^^^^^^^^^^^^^^^^^^^^^^^^^^^^^^^^^^^^^^^^^^^^^^^^^^^^^^^
  File "/Users/oktavianus/wms/backend/core/auth.py", line 102, in create_access_token
    if not settings.jwt_secret_key:
           ^^^^^^^^^^^^^^^^^^^^^^^
  File "/Users/oktavianus/wms/backend/core/config.py", line 96, in __getattr__
    raise AttributeError(f"'{self.__class__.__name__}' object has no attribute '{name}'")
AttributeError: 'Settings' object has no attribute 'jwt_secret_key'

2026-04-18 11:25:31,182 - services.database - DEBUG - [DB_OP] Starting database close
2026-04-18 11:25:31,200 - core.database - INFO - Database connection closed and engine disposed
2026-04-18 11:25:31,200 - services.database - INFO - Database connections closed
2026-04-18 11:25:31,201 - services.database - DEBUG - [DB_OP] Database close completed in 0.0183s
