2026-06-22 23:10:41,982 - main - INFO - === Logging system initialized ===
2026-06-22 23:10:41,982 - main - INFO - Log file: logs/app_20260622_231041.log
2026-06-22 23:10:41,982 - main - INFO - Log level: INFO
2026-06-22 23:10:41,982 - main - INFO - Timestamp: 20260622_231041
2026-06-22 23:10:42,620 - main - INFO - Included router: routers.aihub.router
2026-06-22 23:10:42,639 - main - INFO - Included router: routers.auth.router
2026-06-22 23:10:42,652 - main - INFO - Included router: routers.bins.router
2026-06-22 23:10:42,667 - main - INFO - Included router: routers.bom_lines.router
2026-06-22 23:10:42,684 - main - INFO - Included router: routers.bom_recipes.router
2026-06-22 23:10:42,728 - main - INFO - Included router: routers.branches.router
2026-06-22 23:10:42,729 - main - INFO - Included router: routers.config.router
2026-06-22 23:10:42,730 - main - INFO - Included router: routers.health.router
2026-06-22 23:10:42,747 - main - INFO - Included router: routers.inventory_lots.router
2026-06-22 23:10:42,756 - main - INFO - Included router: routers.label_templates.router
2026-06-22 23:10:42,772 - main - INFO - Included router: routers.products.router
2026-06-22 23:10:42,778 - main - INFO - Included router: routers.rbac.router
2026-06-22 23:10:42,793 - main - INFO - Included router: routers.receiving_documents.router
2026-06-22 23:10:42,808 - main - INFO - Included router: routers.receiving_lines.router
2026-06-22 23:10:42,815 - main - INFO - Included router: routers.settings.router
2026-06-22 23:10:42,831 - main - INFO - Included router: routers.stock_movements.router
2026-06-22 23:10:42,849 - main - INFO - Included router: routers.stock_transfers.router
2026-06-22 23:10:42,861 - main - INFO - Included router: routers.storage.router
2026-06-22 23:10:42,877 - main - INFO - Included router: routers.suppliers.router
2026-06-22 23:10:42,888 - main - INFO - Included router: routers.uhf_readers.router
2026-06-22 23:10:42,898 - main - INFO - Included router: routers.uhf_tag_reads.router
2026-06-22 23:10:42,950 - main - INFO - Included router: routers.uhf_tags.router
2026-06-22 23:10:42,959 - main - INFO - Included router: routers.user.router
2026-06-22 23:10:42,975 - main - INFO - Included router: routers.warehouses.router
2026-06-22 23:10:42,990 - main - INFO - Included router: routers.zones.router
2026-06-22 23:10:42,990 - main - INFO - === Application startup initiated ===
2026-06-22 23:10:42,991 - services.database - DEBUG - [DB_OP] Starting database initialization
2026-06-22 23:10:42,991 - services.database - INFO - 🔧 Starting database initialization...
2026-06-22 23:10:42,991 - core.database - INFO - Starting database initialization...
2026-06-22 23:10:42,991 - core.config - DEBUG - Read dynamic attribute database_url from environment variable DATABASE_URL
2026-06-22 23:10:42,992 - core.database - INFO - Normalizing database URL for async compatibility...
2026-06-22 23:10:42,992 - core.database - WARNING - Adjusted database URL driver for async compatibility
2026-06-22 23:10:42,992 - core.database - INFO - Creating async database engine...
2026-06-22 23:10:42,993 - core.database - INFO - Using QueuePool with connection pooling for non-Lambda environment
2026-06-22 23:10:43,033 - core.database - INFO - Database engine created successfully
2026-06-22 23:10:43,034 - core.database - INFO - Creating async session maker...
2026-06-22 23:10:43,034 - core.database - INFO - Async session maker created successfully
2026-06-22 23:10:43,034 - core.database - INFO - Database connection initialized successfully
2026-06-22 23:10:43,034 - services.database - INFO - 🔧 Database connection initialized, now creating tables if tables not exist...
2026-06-22 23:10:43,035 - core.database - DEBUG - [DB_OP] Starting create_tables
2026-06-22 23:10:43,035 - core.database - INFO - 🔧 Starting table creation...
2026-06-22 23:10:43,039 - core.database - ERROR - Failed to create tables: [Errno 1] Operation not permitted
2026-06-22 23:10:43,040 - services.database - ERROR - Failed to initialize database: [Errno 1] Operation not permitted
