2026-04-17 09:22:59,311 - main - INFO - === Logging system initialized ===
2026-04-17 09:22:59,312 - main - INFO - Log file: logs/app_20260417_092259.log
2026-04-17 09:22:59,312 - main - INFO - Log level: INFO
2026-04-17 09:22:59,312 - main - INFO - Timestamp: 20260417_092259
2026-04-17 09:23:02,905 - main - INFO - Included router: routers.aihub.router
2026-04-17 09:23:02,959 - main - INFO - Included router: routers.auth.router
2026-04-17 09:23:03,064 - main - INFO - Included router: routers.bins.router
2026-04-17 09:23:03,164 - main - INFO - Included router: routers.bom_lines.router
2026-04-17 09:23:03,290 - main - INFO - Included router: routers.bom_recipes.router
2026-04-17 09:23:03,403 - main - INFO - Included router: routers.branches.router
2026-04-17 09:23:03,406 - main - INFO - Included router: routers.health.router
2026-04-17 09:23:03,708 - main - INFO - Included router: routers.inventory_lots.router
2026-04-17 09:23:03,815 - main - INFO - Included router: routers.products.router
2026-04-17 09:23:03,929 - main - INFO - Included router: routers.receiving_documents.router
2026-04-17 09:23:04,052 - main - INFO - Included router: routers.receiving_lines.router
2026-04-17 09:23:04,102 - main - INFO - Included router: routers.settings.router
2026-04-17 09:23:04,231 - main - INFO - Included router: routers.stock_movements.router
2026-04-17 09:23:04,394 - main - INFO - Included router: routers.stock_transfers.router
2026-04-17 09:23:04,485 - main - INFO - Included router: routers.storage.router
2026-04-17 09:23:04,605 - main - INFO - Included router: routers.suppliers.router
2026-04-17 09:23:04,630 - main - INFO - Included router: routers.user.router
2026-04-17 09:23:04,729 - main - INFO - Included router: routers.warehouses.router
2026-04-17 09:23:04,831 - main - INFO - Included router: routers.zones.router
2026-04-17 09:23:04,836 - main - INFO - === Application startup initiated ===
2026-04-17 09:23:04,836 - services.database - DEBUG - [DB_OP] Starting database initialization
2026-04-17 09:23:04,836 - services.database - INFO - 🔧 Starting database initialization...
2026-04-17 09:23:04,840 - core.database - INFO - Starting database initialization...
2026-04-17 09:23:04,841 - services.database - ERROR - Failed to initialize database: 'Settings' object has no attribute 'database_url'
