2026-04-15 22:40:01,491 - main - INFO - === Logging system initialized ===
2026-04-15 22:40:01,491 - main - INFO - Log file: logs/app_20260415_224001.log
2026-04-15 22:40:01,491 - main - INFO - Log level: INFO
2026-04-15 22:40:01,491 - main - INFO - Timestamp: 20260415_224001
2026-04-15 22:40:03,071 - main - INFO - Included router: routers.aihub.router
2026-04-15 22:40:03,095 - main - INFO - Included router: routers.auth.router
2026-04-15 22:40:03,143 - main - INFO - Included router: routers.bins.router
2026-04-15 22:40:03,194 - main - INFO - Included router: routers.bom_lines.router
2026-04-15 22:40:03,251 - main - INFO - Included router: routers.bom_recipes.router
2026-04-15 22:40:03,361 - main - INFO - Included router: routers.branches.router
2026-04-15 22:40:03,364 - main - INFO - Included router: routers.health.router
2026-04-15 22:40:03,414 - main - INFO - Included router: routers.inventory_lots.router
2026-04-15 22:40:03,465 - main - INFO - Included router: routers.products.router
2026-04-15 22:40:03,511 - main - INFO - Included router: routers.receiving_documents.router
2026-04-15 22:40:03,717 - main - INFO - Included router: routers.receiving_lines.router
2026-04-15 22:40:03,759 - main - INFO - Included router: routers.settings.router
2026-04-15 22:40:03,819 - main - INFO - Included router: routers.stock_movements.router
2026-04-15 22:40:03,979 - main - INFO - Included router: routers.stock_transfers.router
2026-04-15 22:40:04,027 - main - INFO - Included router: routers.storage.router
2026-04-15 22:40:04,103 - main - INFO - Included router: routers.suppliers.router
2026-04-15 22:40:04,115 - main - INFO - Included router: routers.user.router
2026-04-15 22:40:04,274 - main - INFO - Included router: routers.warehouses.router
2026-04-15 22:40:04,319 - main - INFO - Included router: routers.zones.router
2026-04-15 22:40:04,321 - main - INFO - === Application startup initiated ===
2026-04-15 22:40:04,321 - services.database - INFO - Ignore creating tables
2026-04-15 22:40:04,321 - services.mock_data - INFO - Ignore initialize data
2026-04-15 22:40:04,321 - services.auth - INFO - Ignore initialize admin
2026-04-15 22:40:04,321 - main - INFO - === Application startup completed successfully ===
2026-04-15 22:40:15,429 - core.database - DEBUG - [DB_OP] Starting get_db session creation
2026-04-15 22:40:15,430 - core.database - WARNING - Database session maker not available, attempting lazy initialization...
2026-04-15 22:40:15,430 - core.database - WARNING - Database not initialized, attempting lazy initialization...
2026-04-15 22:40:15,430 - core.database - INFO - Starting database initialization...
2026-04-15 22:40:15,430 - core.config - DEBUG - Read dynamic attribute database_url from environment variable DATABASE_URL
2026-04-15 22:40:15,430 - core.database - INFO - Normalizing database URL for async compatibility...
2026-04-15 22:40:15,432 - core.database - INFO - Creating async database engine...
2026-04-15 22:40:15,432 - core.database - INFO - Using QueuePool with connection pooling for non-Lambda environment
2026-04-15 22:40:15,492 - core.database - INFO - Database engine created successfully
2026-04-15 22:40:15,492 - core.database - INFO - Creating async session maker...
2026-04-15 22:40:15,493 - core.database - INFO - Async session maker created successfully
2026-04-15 22:40:15,494 - core.database - INFO - Database connection initialized successfully
2026-04-15 22:40:15,494 - core.database - DEBUG - [DB_OP] Starting create_tables
2026-04-15 22:40:15,494 - core.database - INFO - 🔧 Starting table creation...
2026-04-15 22:40:15,503 - core.database - DEBUG - [DB_OP] Starting get_db session creation
2026-04-15 22:40:15,503 - core.database - DEBUG - [DB_OP] Database session created successfully in 0.0004s
2026-04-15 22:40:15,504 - routers.inventory_lots - DEBUG - Querying inventory_lotss: query=None, sort=None, skip=0, limit=100, fields=None
2026-04-15 22:40:15,509 - core.database - DEBUG - [DB_OP] Starting get_db session creation
2026-04-15 22:40:15,510 - core.database - DEBUG - [DB_OP] Database session created successfully in 0.0004s
2026-04-15 22:40:15,510 - routers.receiving_documents - DEBUG - Querying receiving_documentss: query=None, sort=None, skip=0, limit=100, fields=None
2026-04-15 22:40:15,516 - core.database - DEBUG - [DB_OP] Starting get_db session creation
2026-04-15 22:40:15,516 - core.database - DEBUG - [DB_OP] Database session created successfully in 0.0005s
2026-04-15 22:40:15,517 - routers.stock_movements - DEBUG - Querying stock_movementss: query=None, sort=-created_at, skip=0, limit=100, fields=None
2026-04-15 22:40:15,523 - core.config - DEBUG - Read dynamic attribute jwt_secret_key from environment variable JWT_SECRET_KEY
2026-04-15 22:40:15,523 - core.config - DEBUG - Read dynamic attribute jwt_algorithm from environment variable JWT_ALGORITHM
2026-04-15 22:40:15,541 - core.auth - DEBUG - Authentication token validated for user hash: cac403a5
2026-04-15 22:40:16,906 - routers.receiving_documents - DEBUG - Found 5 receiving_documentss
2026-04-15 22:40:16,907 - core.database - DEBUG - [DB_OP] Database session cleanup after 1.3977s
2026-04-15 22:40:16,908 - routers.stock_movements - DEBUG - Found 7 stock_movementss
2026-04-15 22:40:16,908 - core.database - DEBUG - [DB_OP] Database session cleanup after 1.3928s
2026-04-15 22:40:16,963 - routers.inventory_lots - DEBUG - Found 10 inventory_lotss
2026-04-15 22:40:16,965 - core.database - DEBUG - [DB_OP] Database session cleanup after 1.4618s
2026-04-15 22:40:17,638 - core.database - INFO - Tables initialized successfully
2026-04-15 22:40:17,639 - core.database - DEBUG - [DB_OP] Create tables completed in 2.1449s
2026-04-15 22:40:17,702 - core.database - INFO - Lazy database initialization completed successfully
2026-04-15 22:40:17,703 - core.database - DEBUG - [DB_OP] Database session created successfully in 2.2732s
2026-04-15 22:40:17,703 - routers.products - DEBUG - Querying productss: query=None, sort=None, skip=0, limit=100, fields=None
2026-04-15 22:40:18,278 - routers.products - DEBUG - Found 8 productss
2026-04-15 22:40:18,280 - core.database - DEBUG - [DB_OP] Database session cleanup after 2.8501s
2026-04-15 22:40:22,774 - services.database - DEBUG - [DB_OP] Starting database close
2026-04-15 22:40:23,038 - core.database - INFO - Database connection closed and engine disposed
2026-04-15 22:40:23,038 - services.database - INFO - Database connections closed
2026-04-15 22:40:23,038 - services.database - DEBUG - [DB_OP] Database close completed in 0.2647s
