2026-04-17 01:24:00,645 - main - INFO - === Logging system initialized ===
2026-04-17 01:24:00,646 - main - INFO - Log file: logs/app_20260417_012400.log
2026-04-17 01:24:00,646 - main - INFO - Log level: INFO
2026-04-17 01:24:00,646 - main - INFO - Timestamp: 20260417_012400
2026-04-17 01:24:01,999 - main - INFO - Included router: routers.aihub.router
2026-04-17 01:24:02,019 - main - INFO - Included router: routers.auth.router
2026-04-17 01:24:02,069 - main - INFO - Included router: routers.bins.router
2026-04-17 01:24:02,124 - main - INFO - Included router: routers.bom_lines.router
2026-04-17 01:24:02,234 - main - INFO - Included router: routers.bom_recipes.router
2026-04-17 01:24:02,286 - main - INFO - Included router: routers.branches.router
2026-04-17 01:24:02,289 - main - INFO - Included router: routers.health.router
2026-04-17 01:24:02,445 - main - INFO - Included router: routers.inventory_lots.router
2026-04-17 01:24:02,500 - main - INFO - Included router: routers.products.router
2026-04-17 01:24:02,545 - main - INFO - Included router: routers.receiving_documents.router
2026-04-17 01:24:02,606 - main - INFO - Included router: routers.receiving_lines.router
2026-04-17 01:24:02,633 - main - INFO - Included router: routers.settings.router
2026-04-17 01:24:02,697 - main - INFO - Included router: routers.stock_movements.router
2026-04-17 01:24:02,757 - main - INFO - Included router: routers.stock_transfers.router
2026-04-17 01:24:02,805 - main - INFO - Included router: routers.storage.router
2026-04-17 01:24:02,867 - main - INFO - Included router: routers.suppliers.router
2026-04-17 01:24:02,877 - main - INFO - Included router: routers.user.router
2026-04-17 01:24:02,933 - main - INFO - Included router: routers.warehouses.router
2026-04-17 01:24:02,987 - main - INFO - Included router: routers.zones.router
2026-04-17 01:24:02,991 - main - INFO - === Application startup initiated ===
2026-04-17 01:24:02,991 - services.database - DEBUG - [DB_OP] Starting database initialization
2026-04-17 01:24:02,991 - services.database - INFO - 🔧 Starting database initialization...
2026-04-17 01:24:02,992 - core.database - INFO - Starting database initialization...
2026-04-17 01:24:02,992 - services.database - ERROR - Failed to initialize database: 'Settings' object has no attribute 'database_url'
