2026-04-17 01:20:26,399 - main - INFO - === Logging system initialized ===
2026-04-17 01:20:26,399 - main - INFO - Log file: logs/app_20260417_012026.log
2026-04-17 01:20:26,399 - main - INFO - Log level: INFO
2026-04-17 01:20:26,399 - main - INFO - Timestamp: 20260417_012026
2026-04-17 01:20:27,907 - main - INFO - Included router: routers.aihub.router
2026-04-17 01:20:27,936 - main - INFO - Included router: routers.auth.router
2026-04-17 01:20:28,002 - main - INFO - Included router: routers.bins.router
2026-04-17 01:20:28,060 - main - INFO - Included router: routers.bom_lines.router
2026-04-17 01:20:28,128 - main - INFO - Included router: routers.bom_recipes.router
2026-04-17 01:20:28,190 - main - INFO - Included router: routers.branches.router
2026-04-17 01:20:28,195 - main - INFO - Included router: routers.health.router
2026-04-17 01:20:28,355 - main - INFO - Included router: routers.inventory_lots.router
2026-04-17 01:20:28,419 - main - INFO - Included router: routers.products.router
2026-04-17 01:20:28,491 - main - INFO - Included router: routers.receiving_documents.router
2026-04-17 01:20:28,555 - main - INFO - Included router: routers.receiving_lines.router
2026-04-17 01:20:28,582 - main - INFO - Included router: routers.settings.router
2026-04-17 01:20:28,649 - main - INFO - Included router: routers.stock_movements.router
2026-04-17 01:20:28,720 - main - INFO - Included router: routers.stock_transfers.router
2026-04-17 01:20:28,771 - main - INFO - Included router: routers.storage.router
2026-04-17 01:20:28,831 - main - INFO - Included router: routers.suppliers.router
2026-04-17 01:20:28,845 - main - INFO - Included router: routers.user.router
2026-04-17 01:20:28,886 - main - INFO - Included router: routers.warehouses.router
2026-04-17 01:20:28,943 - main - INFO - Included router: routers.zones.router
2026-04-17 01:20:28,946 - main - INFO - === Application startup initiated ===
2026-04-17 01:20:28,946 - services.database - DEBUG - [DB_OP] Starting database initialization
2026-04-17 01:20:28,946 - services.database - INFO - 🔧 Starting database initialization...
2026-04-17 01:20:28,946 - core.database - INFO - Starting database initialization...
2026-04-17 01:20:28,946 - services.database - ERROR - Failed to initialize database: 'Settings' object has no attribute 'database_url'
