2026-06-23 10:25:40,294 - main - INFO - === Logging system initialized ===
2026-06-23 10:25:40,294 - main - INFO - Log file: logs/app_20260623_102540.log
2026-06-23 10:25:40,295 - main - INFO - Log level: INFO
2026-06-23 10:25:40,295 - main - INFO - Timestamp: 20260623_102540
2026-06-23 10:25:40,668 - main - INFO - Included router: routers.aihub.router
2026-06-23 10:25:40,680 - main - INFO - Included router: routers.auth.router
2026-06-23 10:25:40,693 - main - INFO - Included router: routers.bins.router
2026-06-23 10:25:40,708 - main - INFO - Included router: routers.bom_lines.router
2026-06-23 10:25:40,724 - main - INFO - Included router: routers.bom_recipes.router
2026-06-23 10:25:40,741 - main - INFO - Included router: routers.branches.router
2026-06-23 10:25:40,742 - main - INFO - Included router: routers.config.router
2026-06-23 10:25:40,743 - main - INFO - Included router: routers.health.router
2026-06-23 10:25:40,758 - main - INFO - Included router: routers.inventory_lots.router
2026-06-23 10:25:40,767 - main - INFO - Included router: routers.label_templates.router
2026-06-23 10:25:40,773 - main - INFO - Included router: routers.notifications.router
2026-06-23 10:25:40,790 - main - INFO - Included router: routers.products.router
2026-06-23 10:25:40,797 - main - INFO - Included router: routers.rbac.router
2026-06-23 10:25:40,851 - main - INFO - Included router: routers.receiving_documents.router
2026-06-23 10:25:40,865 - main - INFO - Included router: routers.receiving_lines.router
2026-06-23 10:25:40,872 - main - INFO - Included router: routers.settings.router
2026-06-23 10:25:40,889 - main - INFO - Included router: routers.stock_movements.router
2026-06-23 10:25:40,910 - main - INFO - Included router: routers.stock_transfers.router
2026-06-23 10:25:40,923 - main - INFO - Included router: routers.storage.router
2026-06-23 10:25:40,938 - main - INFO - Included router: routers.suppliers.router
2026-06-23 10:25:40,951 - main - INFO - Included router: routers.uhf_readers.router
2026-06-23 10:25:40,962 - main - INFO - Included router: routers.uhf_tag_reads.router
2026-06-23 10:25:40,972 - main - INFO - Included router: routers.uhf_tags.router
2026-06-23 10:25:40,984 - main - INFO - Included router: routers.units.router
2026-06-23 10:25:40,991 - main - INFO - Included router: routers.user.router
2026-06-23 10:25:41,006 - main - INFO - Included router: routers.warehouses.router
2026-06-23 10:25:41,021 - main - INFO - Included router: routers.zones.router
2026-06-23 10:25:41,021 - main - INFO - === Application startup initiated ===
2026-06-23 10:25:41,022 - services.database - DEBUG - [DB_OP] Starting database initialization
2026-06-23 10:25:41,022 - services.database - INFO - 🔧 Starting database initialization...
2026-06-23 10:25:41,022 - core.database - INFO - Starting database initialization...
2026-06-23 10:25:41,023 - core.config - DEBUG - Read dynamic attribute database_url from environment variable DATABASE_URL
2026-06-23 10:25:41,023 - core.database - INFO - Normalizing database URL for async compatibility...
2026-06-23 10:25:41,023 - core.database - WARNING - Adjusted database URL driver for async compatibility
2026-06-23 10:25:41,024 - core.database - INFO - Creating async database engine...
2026-06-23 10:25:41,024 - core.database - INFO - Using QueuePool with connection pooling for non-Lambda environment
2026-06-23 10:25:41,042 - core.database - INFO - Database engine created successfully
2026-06-23 10:25:41,043 - core.database - INFO - Creating async session maker...
2026-06-23 10:25:41,043 - core.database - INFO - Async session maker created successfully
2026-06-23 10:25:41,043 - core.database - INFO - Database connection initialized successfully
2026-06-23 10:25:41,043 - services.database - INFO - 🔧 Database connection initialized, now creating tables if tables not exist...
2026-06-23 10:25:41,043 - core.database - DEBUG - [DB_OP] Starting create_tables
2026-06-23 10:25:41,044 - core.database - INFO - 🔧 Starting table creation...
2026-06-23 10:25:41,047 - core.database - ERROR - Failed to create tables: [Errno 1] Operation not permitted
2026-06-23 10:25:41,047 - services.database - ERROR - Failed to initialize database: [Errno 1] Operation not permitted
