2026-04-18 11:36:10,564 - main - INFO - === Logging system initialized ===
2026-04-18 11:36:10,564 - main - INFO - Log file: logs/app_20260418_113610.log
2026-04-18 11:36:10,564 - main - INFO - Log level: INFO
2026-04-18 11:36:10,564 - main - INFO - Timestamp: 20260418_113610
2026-04-18 11:36:10,862 - main - INFO - Included router: routers.aihub.router
2026-04-18 11:36:10,872 - main - WARNING - Failed to import module 'routers.auth': cannot import name 'get_role_permissions' from 'services.rbac' (/Users/oktavianus/wms/backend/services/rbac.py)
2026-04-18 11:36:10,887 - main - INFO - Included router: routers.bins.router
2026-04-18 11:36:10,932 - main - INFO - Included router: routers.bom_lines.router
2026-04-18 11:36:10,950 - main - INFO - Included router: routers.bom_recipes.router
2026-04-18 11:36:10,966 - main - INFO - Included router: routers.branches.router
2026-04-18 11:36:10,967 - main - INFO - Included router: routers.health.router
2026-04-18 11:36:10,985 - main - INFO - Included router: routers.inventory_lots.router
2026-04-18 11:36:10,993 - main - INFO - Included router: routers.label_templates.router
2026-04-18 11:36:11,013 - main - INFO - Included router: routers.products.router
2026-04-18 11:36:11,014 - main - WARNING - Failed to import module 'routers.rbac': cannot import name 'get_role_permissions' from 'services.rbac' (/Users/oktavianus/wms/backend/services/rbac.py)
2026-04-18 11:36:11,030 - main - INFO - Included router: routers.receiving_documents.router
2026-04-18 11:36:11,045 - main - INFO - Included router: routers.receiving_lines.router
2026-04-18 11:36:11,046 - main - WARNING - Failed to import module 'routers.settings': cannot import name 'get_role_permissions' from 'services.rbac' (/Users/oktavianus/wms/backend/services/rbac.py)
2026-04-18 11:36:11,102 - main - INFO - Included router: routers.stock_movements.router
2026-04-18 11:36:11,121 - main - INFO - Included router: routers.stock_transfers.router
2026-04-18 11:36:11,121 - main - WARNING - Failed to import module 'routers.storage': cannot import name 'get_role_permissions' from 'services.rbac' (/Users/oktavianus/wms/backend/services/rbac.py)
2026-04-18 11:36:11,140 - main - INFO - Included router: routers.suppliers.router
2026-04-18 11:36:11,142 - main - WARNING - Failed to import module 'routers.user': cannot import name 'get_role_permissions' from 'services.rbac' (/Users/oktavianus/wms/backend/services/rbac.py)
2026-04-18 11:36:11,158 - main - INFO - Included router: routers.warehouses.router
2026-04-18 11:36:11,172 - main - INFO - Included router: routers.zones.router
2026-04-18 11:36:11,173 - main - INFO - === Application startup initiated ===
2026-04-18 11:36:11,173 - services.database - DEBUG - [DB_OP] Starting database initialization
2026-04-18 11:36:11,173 - services.database - INFO - 🔧 Starting database initialization...
2026-04-18 11:36:11,173 - core.database - INFO - Starting database initialization...
2026-04-18 11:36:11,173 - core.config - DEBUG - Read dynamic attribute database_url from environment variable DATABASE_URL
2026-04-18 11:36:11,173 - core.database - INFO - Normalizing database URL for async compatibility...
2026-04-18 11:36:11,173 - core.database - WARNING - Adjusted database URL driver for async compatibility
2026-04-18 11:36:11,173 - core.database - INFO - Creating async database engine...
2026-04-18 11:36:11,173 - core.database - INFO - Using QueuePool with connection pooling for non-Lambda environment
2026-04-18 11:36:11,217 - core.database - INFO - Database engine created successfully
2026-04-18 11:36:11,217 - core.database - INFO - Creating async session maker...
2026-04-18 11:36:11,217 - core.database - INFO - Async session maker created successfully
2026-04-18 11:36:11,217 - core.database - INFO - Database connection initialized successfully
2026-04-18 11:36:11,217 - services.database - INFO - 🔧 Database connection initialized, now creating tables if tables not exist...
2026-04-18 11:36:11,217 - core.database - DEBUG - [DB_OP] Starting create_tables
2026-04-18 11:36:11,217 - core.database - INFO - 🔧 Starting table creation...
2026-04-18 11:36:11,256 - core.database - INFO - Tables initialized successfully
2026-04-18 11:36:11,256 - core.database - DEBUG - [DB_OP] Create tables completed in 0.0392s
2026-04-18 11:36:11,257 - services.database - INFO - 🔧 Table creation completed
2026-04-18 11:36:11,257 - services.database - INFO - Database initialized successfully
2026-04-18 11:36:11,257 - services.database - DEBUG - [DB_OP] Database initialization completed in 0.0842s
2026-04-18 11:36:11,268 - services.mock_data - INFO - Processing mock data file bins.json for table bins
2026-04-18 11:36:11,268 - services.mock_data - INFO - Processing mock data file bom_lines.json for table bom_lines
2026-04-18 11:36:11,269 - services.mock_data - INFO - Processing mock data file bom_recipes.json for table bom_recipes
2026-04-18 11:36:11,269 - services.mock_data - INFO - Processing mock data file branches.json for table branches
2026-04-18 11:36:11,270 - services.mock_data - INFO - Processing mock data file inventory_lots.json for table inventory_lots
2026-04-18 11:36:11,317 - services.mock_data - INFO - Table bins already has 8 rows; skipping mock insert
2026-04-18 11:36:11,317 - services.mock_data - INFO - Table inventory_lots already has 10 rows; skipping mock insert
2026-04-18 11:36:11,317 - services.mock_data - INFO - Table branches already has 4 rows; skipping mock insert
2026-04-18 11:36:11,317 - services.mock_data - INFO - Table bom_lines already has 17 rows; skipping mock insert
2026-04-18 11:36:11,317 - services.mock_data - INFO - Processing mock data file products.json for table products
2026-04-18 11:36:11,317 - services.mock_data - INFO - Processing mock data file receiving_documents.json for table receiving_documents
2026-04-18 11:36:11,317 - services.mock_data - INFO - Processing mock data file receiving_lines.json for table receiving_lines
2026-04-18 11:36:11,317 - services.mock_data - INFO - Processing mock data file stock_movements.json for table stock_movements
2026-04-18 11:36:11,317 - services.mock_data - INFO - Table bom_recipes already has 6 rows; skipping mock insert
2026-04-18 11:36:11,318 - services.mock_data - INFO - Processing mock data file stock_transfers.json for table stock_transfers
2026-04-18 11:36:11,328 - services.mock_data - INFO - Table products already has 8 rows; skipping mock insert
2026-04-18 11:36:11,328 - services.mock_data - INFO - Table receiving_lines already has 5 rows; skipping mock insert
2026-04-18 11:36:11,328 - services.mock_data - INFO - Processing mock data file suppliers.json for table suppliers
2026-04-18 11:36:11,328 - services.mock_data - INFO - Processing mock data file warehouses.json for table warehouses
2026-04-18 11:36:11,329 - services.mock_data - INFO - Table stock_transfers already has 3 rows; skipping mock insert
2026-04-18 11:36:11,329 - services.mock_data - INFO - Table receiving_documents already has 5 rows; skipping mock insert
2026-04-18 11:36:11,329 - services.mock_data - INFO - Table stock_movements already has 7 rows; skipping mock insert
2026-04-18 11:36:11,329 - services.mock_data - INFO - Processing mock data file zones.json for table zones
2026-04-18 11:36:11,335 - services.mock_data - INFO - Table warehouses already has 3 rows; skipping mock insert
2026-04-18 11:36:11,335 - services.mock_data - INFO - Table suppliers already has 5 rows; skipping mock insert
2026-04-18 11:36:11,336 - services.mock_data - INFO - Table zones already has 5 rows; skipping mock insert
2026-04-18 11:36:11,336 - services.database - DEBUG - [DB_OP] Starting database initialization
2026-04-18 11:36:11,336 - services.database - INFO - 🔧 Starting database initialization...
2026-04-18 11:36:11,336 - core.database - INFO - Starting database initialization...
2026-04-18 11:36:11,336 - core.database - INFO - Database already initialized
2026-04-18 11:36:11,336 - services.database - INFO - 🔧 Database connection initialized, now creating tables if tables not exist...
2026-04-18 11:36:11,336 - core.database - DEBUG - [DB_OP] Starting create_tables
2026-04-18 11:36:11,336 - core.database - INFO - Tables already initialized
2026-04-18 11:36:11,336 - services.database - INFO - 🔧 Table creation completed
2026-04-18 11:36:11,336 - services.database - INFO - Database initialized successfully
2026-04-18 11:36:11,336 - services.database - DEBUG - [DB_OP] Database initialization completed in 0.0002s
2026-04-18 11:36:11,336 - core.config - DEBUG - Read dynamic attribute local_admin_email from environment variable LOCAL_ADMIN_EMAIL
2026-04-18 11:36:11,336 - core.config - DEBUG - Read dynamic attribute local_admin_username from environment variable LOCAL_ADMIN_USERNAME
2026-04-18 11:36:11,336 - core.config - DEBUG - Read dynamic attribute local_admin_password from environment variable LOCAL_ADMIN_PASSWORD
2026-04-18 11:36:11,339 - services.auth - DEBUG - Admin user local-admin already exists
2026-04-18 11:36:11,340 - main - INFO - === Application startup completed successfully ===
2026-04-18 11:37:05,317 - services.database - DEBUG - [DB_OP] Starting database close
2026-04-18 11:37:05,368 - core.database - INFO - Database connection closed and engine disposed
2026-04-18 11:37:05,368 - services.database - INFO - Database connections closed
2026-04-18 11:37:05,368 - services.database - DEBUG - [DB_OP] Database close completed in 0.0504s
