2026-04-23 14:23:03,012 - main - INFO - === Logging system initialized ===
2026-04-23 14:23:03,012 - main - INFO - Log file: logs/app_20260423_142303.log
2026-04-23 14:23:03,012 - main - INFO - Log level: INFO
2026-04-23 14:23:03,012 - main - INFO - Timestamp: 20260423_142303
2026-04-23 14:23:03,416 - main - INFO - Included router: routers.aihub.router
2026-04-23 14:23:03,431 - main - INFO - Included router: routers.auth.router
2026-04-23 14:23:03,448 - main - INFO - Included router: routers.bins.router
2026-04-23 14:23:03,465 - main - INFO - Included router: routers.bom_lines.router
2026-04-23 14:23:03,488 - main - INFO - Included router: routers.bom_recipes.router
2026-04-23 14:23:03,505 - main - INFO - Included router: routers.branches.router
2026-04-23 14:23:03,506 - main - INFO - Included router: routers.health.router
2026-04-23 14:23:03,525 - main - INFO - Included router: routers.inventory_lots.router
2026-04-23 14:23:03,557 - main - INFO - Included router: routers.label_templates.router
2026-04-23 14:23:03,576 - main - INFO - Included router: routers.products.router
2026-04-23 14:23:03,583 - main - INFO - Included router: routers.rbac.router
2026-04-23 14:23:03,601 - main - INFO - Included router: routers.receiving_documents.router
2026-04-23 14:23:03,661 - main - INFO - Included router: routers.receiving_lines.router
2026-04-23 14:23:03,671 - main - INFO - Included router: routers.settings.router
2026-04-23 14:23:03,690 - main - INFO - Included router: routers.stock_movements.router
2026-04-23 14:23:03,710 - main - INFO - Included router: routers.stock_transfers.router
2026-04-23 14:23:03,724 - main - INFO - Included router: routers.storage.router
2026-04-23 14:23:03,762 - main - INFO - Included router: routers.suppliers.router
2026-04-23 14:23:03,776 - main - INFO - Included router: routers.uhf_readers.router
2026-04-23 14:23:03,789 - main - INFO - Included router: routers.uhf_tag_reads.router
2026-04-23 14:23:03,801 - main - INFO - Included router: routers.uhf_tags.router
2026-04-23 14:23:03,810 - main - INFO - Included router: routers.user.router
2026-04-23 14:23:03,827 - main - INFO - Included router: routers.warehouses.router
2026-04-23 14:23:03,844 - main - INFO - Included router: routers.zones.router
2026-04-23 14:23:03,845 - main - INFO - === Application startup initiated ===
2026-04-23 14:23:03,845 - services.database - DEBUG - [DB_OP] Starting database initialization
2026-04-23 14:23:03,845 - services.database - INFO - 🔧 Starting database initialization...
2026-04-23 14:23:03,845 - core.database - INFO - Starting database initialization...
2026-04-23 14:23:03,845 - core.config - DEBUG - Read dynamic attribute database_url from environment variable DATABASE_URL
2026-04-23 14:23:03,845 - core.database - INFO - Normalizing database URL for async compatibility...
2026-04-23 14:23:03,845 - core.database - WARNING - Adjusted database URL driver for async compatibility
2026-04-23 14:23:03,845 - core.database - INFO - Creating async database engine...
2026-04-23 14:23:03,845 - core.database - INFO - Using QueuePool with connection pooling for non-Lambda environment
2026-04-23 14:23:03,867 - core.database - INFO - Database engine created successfully
2026-04-23 14:23:03,867 - core.database - INFO - Creating async session maker...
2026-04-23 14:23:03,867 - core.database - INFO - Async session maker created successfully
2026-04-23 14:23:03,867 - core.database - INFO - Database connection initialized successfully
2026-04-23 14:23:03,867 - services.database - INFO - 🔧 Database connection initialized, now creating tables if tables not exist...
2026-04-23 14:23:03,867 - core.database - DEBUG - [DB_OP] Starting create_tables
2026-04-23 14:23:03,867 - core.database - INFO - 🔧 Starting table creation...
2026-04-23 14:23:03,979 - core.database - INFO - Tables initialized successfully
2026-04-23 14:23:03,979 - core.database - DEBUG - [DB_OP] Create tables completed in 0.1123s
2026-04-23 14:23:03,980 - services.database - INFO - 🔧 Table creation completed
2026-04-23 14:23:03,980 - services.database - INFO - Database initialized successfully
2026-04-23 14:23:03,980 - services.database - DEBUG - [DB_OP] Database initialization completed in 0.1353s
2026-04-23 14:23:03,998 - services.mock_data - INFO - Processing mock data file bins.json for table bins
2026-04-23 14:23:03,998 - services.mock_data - INFO - Processing mock data file bom_lines.json for table bom_lines
2026-04-23 14:23:03,999 - services.mock_data - INFO - Processing mock data file bom_recipes.json for table bom_recipes
2026-04-23 14:23:03,999 - services.mock_data - INFO - Processing mock data file branches.json for table branches
2026-04-23 14:23:03,999 - services.mock_data - INFO - Processing mock data file inventory_lots.json for table inventory_lots
2026-04-23 14:23:04,149 - services.mock_data - INFO - Table bom_recipes already has 6 rows; skipping mock insert
2026-04-23 14:23:04,149 - services.mock_data - INFO - Table bins already has 8 rows; skipping mock insert
2026-04-23 14:23:04,149 - services.mock_data - INFO - Table inventory_lots already has 10 rows; skipping mock insert
2026-04-23 14:23:04,149 - services.mock_data - INFO - Table bom_lines already has 17 rows; skipping mock insert
2026-04-23 14:23:04,149 - services.mock_data - INFO - Table branches already has 4 rows; skipping mock insert
2026-04-23 14:23:04,150 - services.mock_data - INFO - Processing mock data file products.json for table products
2026-04-23 14:23:04,151 - services.mock_data - INFO - Processing mock data file receiving_documents.json for table receiving_documents
2026-04-23 14:23:04,151 - services.mock_data - INFO - Processing mock data file receiving_lines.json for table receiving_lines
2026-04-23 14:23:04,151 - services.mock_data - INFO - Processing mock data file stock_movements.json for table stock_movements
2026-04-23 14:23:04,151 - services.mock_data - INFO - Processing mock data file stock_transfers.json for table stock_transfers
2026-04-23 14:23:04,203 - services.mock_data - INFO - Table products already has 8 rows; skipping mock insert
2026-04-23 14:23:04,204 - services.mock_data - INFO - Table receiving_documents already has 5 rows; skipping mock insert
2026-04-23 14:23:04,204 - services.mock_data - INFO - Table receiving_lines already has 5 rows; skipping mock insert
2026-04-23 14:23:04,204 - services.mock_data - INFO - Table stock_movements already has 7 rows; skipping mock insert
2026-04-23 14:23:04,205 - services.mock_data - INFO - Processing mock data file suppliers.json for table suppliers
2026-04-23 14:23:04,205 - services.mock_data - INFO - Processing mock data file uhf_readers.json for table uhf_readers
2026-04-23 14:23:04,205 - services.mock_data - INFO - Processing mock data file uhf_tag_reads.json for table uhf_tag_reads
2026-04-23 14:23:04,205 - services.mock_data - INFO - Processing mock data file uhf_tags.json for table uhf_tags
2026-04-23 14:23:04,225 - services.mock_data - INFO - Table stock_transfers already has 3 rows; skipping mock insert
2026-04-23 14:23:04,226 - services.mock_data - INFO - Processing mock data file warehouses.json for table warehouses
2026-04-23 14:23:04,230 - services.mock_data - INFO - Table suppliers already has 5 rows; skipping mock insert
2026-04-23 14:23:04,231 - services.mock_data - INFO - Processing mock data file zones.json for table zones
2026-04-23 14:23:04,244 - services.mock_data - INFO - Table warehouses already has 3 rows; skipping mock insert
2026-04-23 14:23:04,245 - services.mock_data - INFO - Table uhf_tag_reads already has 2 rows; skipping mock insert
2026-04-23 14:23:04,246 - services.mock_data - INFO - Table uhf_readers already has 2 rows; skipping mock insert
2026-04-23 14:23:04,246 - services.mock_data - INFO - Table uhf_tags already has 5 rows; skipping mock insert
2026-04-23 14:23:04,247 - services.mock_data - INFO - Table zones already has 5 rows; skipping mock insert
2026-04-23 14:23:04,248 - services.database - DEBUG - [DB_OP] Starting database initialization
2026-04-23 14:23:04,248 - services.database - INFO - 🔧 Starting database initialization...
2026-04-23 14:23:04,248 - core.database - INFO - Starting database initialization...
2026-04-23 14:23:04,248 - core.database - INFO - Database already initialized
2026-04-23 14:23:04,248 - services.database - INFO - 🔧 Database connection initialized, now creating tables if tables not exist...
2026-04-23 14:23:04,248 - core.database - DEBUG - [DB_OP] Starting create_tables
2026-04-23 14:23:04,248 - core.database - INFO - Tables already initialized
2026-04-23 14:23:04,248 - services.database - INFO - 🔧 Table creation completed
2026-04-23 14:23:04,248 - services.database - INFO - Database initialized successfully
2026-04-23 14:23:04,248 - services.database - DEBUG - [DB_OP] Database initialization completed in 0.0003s
2026-04-23 14:23:04,248 - core.config - DEBUG - Read dynamic attribute local_admin_email from environment variable LOCAL_ADMIN_EMAIL
2026-04-23 14:23:04,248 - core.config - DEBUG - Read dynamic attribute local_admin_username from environment variable LOCAL_ADMIN_USERNAME
2026-04-23 14:23:04,248 - core.config - DEBUG - Read dynamic attribute local_admin_password from environment variable LOCAL_ADMIN_PASSWORD
2026-04-23 14:23:04,255 - services.auth - DEBUG - Admin user local-admin already exists
2026-04-23 14:23:04,257 - main - INFO - === Application startup completed successfully ===
2026-04-23 14:27:42,837 - services.database - DEBUG - [DB_OP] Starting database close
2026-04-23 14:27:42,853 - core.database - INFO - Database connection closed and engine disposed
2026-04-23 14:27:42,854 - services.database - INFO - Database connections closed
2026-04-23 14:27:42,854 - services.database - DEBUG - [DB_OP] Database close completed in 0.0168s
