2026-06-23 08:08:50,038 - main - INFO - === Logging system initialized ===
2026-06-23 08:08:50,038 - main - INFO - Log file: logs/app_20260623_080850.log
2026-06-23 08:08:50,038 - main - INFO - Log level: INFO
2026-06-23 08:08:50,038 - main - INFO - Timestamp: 20260623_080850
2026-06-23 08:08:50,412 - main - INFO - Included router: routers.aihub.router
2026-06-23 08:08:50,424 - main - INFO - Included router: routers.auth.router
2026-06-23 08:08:50,437 - main - INFO - Included router: routers.bins.router
2026-06-23 08:08:50,451 - main - INFO - Included router: routers.bom_lines.router
2026-06-23 08:08:50,466 - main - INFO - Included router: routers.bom_recipes.router
2026-06-23 08:08:50,481 - main - INFO - Included router: routers.branches.router
2026-06-23 08:08:50,482 - main - INFO - Included router: routers.config.router
2026-06-23 08:08:50,483 - main - INFO - Included router: routers.health.router
2026-06-23 08:08:50,498 - main - INFO - Included router: routers.inventory_lots.router
2026-06-23 08:08:50,505 - main - INFO - Included router: routers.label_templates.router
2026-06-23 08:08:50,520 - main - INFO - Included router: routers.products.router
2026-06-23 08:08:50,526 - main - INFO - Included router: routers.rbac.router
2026-06-23 08:08:50,540 - main - INFO - Included router: routers.receiving_documents.router
2026-06-23 08:08:50,585 - main - INFO - Included router: routers.receiving_lines.router
2026-06-23 08:08:50,592 - main - INFO - Included router: routers.settings.router
2026-06-23 08:08:50,607 - main - INFO - Included router: routers.stock_movements.router
2026-06-23 08:08:50,623 - main - INFO - Included router: routers.stock_transfers.router
2026-06-23 08:08:50,634 - main - INFO - Included router: routers.storage.router
2026-06-23 08:08:50,648 - main - INFO - Included router: routers.suppliers.router
2026-06-23 08:08:50,660 - main - INFO - Included router: routers.uhf_readers.router
2026-06-23 08:08:50,670 - main - INFO - Included router: routers.uhf_tag_reads.router
2026-06-23 08:08:50,679 - main - INFO - Included router: routers.uhf_tags.router
2026-06-23 08:08:50,686 - main - INFO - Included router: routers.user.router
2026-06-23 08:08:50,698 - main - INFO - Included router: routers.warehouses.router
2026-06-23 08:08:50,712 - main - INFO - Included router: routers.zones.router
2026-06-23 08:08:50,713 - main - INFO - === Application startup initiated ===
2026-06-23 08:08:50,713 - services.database - DEBUG - [DB_OP] Starting database initialization
2026-06-23 08:08:50,713 - services.database - INFO - 🔧 Starting database initialization...
2026-06-23 08:08:50,713 - core.database - INFO - Starting database initialization...
2026-06-23 08:08:50,713 - core.config - DEBUG - Read dynamic attribute database_url from environment variable DATABASE_URL
2026-06-23 08:08:50,713 - core.database - INFO - Normalizing database URL for async compatibility...
2026-06-23 08:08:50,713 - core.database - WARNING - Adjusted database URL driver for async compatibility
2026-06-23 08:08:50,713 - core.database - INFO - Creating async database engine...
2026-06-23 08:08:50,713 - core.database - INFO - Using QueuePool with connection pooling for non-Lambda environment
2026-06-23 08:08:50,728 - core.database - INFO - Database engine created successfully
2026-06-23 08:08:50,728 - core.database - INFO - Creating async session maker...
2026-06-23 08:08:50,728 - core.database - INFO - Async session maker created successfully
2026-06-23 08:08:50,728 - core.database - INFO - Database connection initialized successfully
2026-06-23 08:08:50,728 - services.database - INFO - 🔧 Database connection initialized, now creating tables if tables not exist...
2026-06-23 08:08:50,728 - core.database - DEBUG - [DB_OP] Starting create_tables
2026-06-23 08:08:50,728 - core.database - INFO - 🔧 Starting table creation...
2026-06-23 08:08:50,804 - core.database - INFO - Tables initialized successfully
2026-06-23 08:08:50,804 - core.database - DEBUG - [DB_OP] Create tables completed in 0.0756s
2026-06-23 08:08:50,804 - services.database - INFO - 🔧 Table creation completed
2026-06-23 08:08:50,804 - services.database - INFO - Database initialized successfully
2026-06-23 08:08:50,804 - services.database - DEBUG - [DB_OP] Database initialization completed in 0.0914s
2026-06-23 08:08:50,817 - services.mock_data - INFO - Processing mock data file bins.json for table bins
2026-06-23 08:08:50,817 - services.mock_data - INFO - Processing mock data file bom_lines.json for table bom_lines
2026-06-23 08:08:50,818 - services.mock_data - INFO - Processing mock data file bom_recipes.json for table bom_recipes
2026-06-23 08:08:50,818 - services.mock_data - INFO - Processing mock data file branches.json for table branches
2026-06-23 08:08:50,818 - services.mock_data - INFO - Processing mock data file inventory_lots.json for table inventory_lots
2026-06-23 08:08:50,945 - services.mock_data - INFO - Table bom_recipes already has 6 rows; skipping mock insert
2026-06-23 08:08:50,945 - services.mock_data - INFO - Table bins already has 8 rows; skipping mock insert
2026-06-23 08:08:50,945 - services.mock_data - INFO - Table branches already has 4 rows; skipping mock insert
2026-06-23 08:08:50,945 - services.mock_data - INFO - Table inventory_lots already has 10 rows; skipping mock insert
2026-06-23 08:08:50,945 - services.mock_data - INFO - Table bom_lines already has 17 rows; skipping mock insert
2026-06-23 08:08:50,946 - services.mock_data - INFO - Processing mock data file products.json for table products
2026-06-23 08:08:50,946 - services.mock_data - INFO - Processing mock data file receiving_documents.json for table receiving_documents
2026-06-23 08:08:50,946 - services.mock_data - INFO - Processing mock data file receiving_lines.json for table receiving_lines
2026-06-23 08:08:50,946 - services.mock_data - INFO - Processing mock data file stock_movements.json for table stock_movements
2026-06-23 08:08:50,946 - services.mock_data - INFO - Processing mock data file stock_transfers.json for table stock_transfers
2026-06-23 08:08:50,958 - services.mock_data - INFO - Table receiving_lines already has 5 rows; skipping mock insert
2026-06-23 08:08:50,958 - services.mock_data - INFO - Table receiving_documents already has 5 rows; skipping mock insert
2026-06-23 08:08:50,959 - services.mock_data - INFO - Processing mock data file suppliers.json for table suppliers
2026-06-23 08:08:50,959 - services.mock_data - INFO - Processing mock data file uhf_readers.json for table uhf_readers
2026-06-23 08:08:50,959 - services.mock_data - INFO - Table products already has 8 rows; skipping mock insert
2026-06-23 08:08:50,959 - services.mock_data - INFO - Table stock_movements already has 7 rows; skipping mock insert
2026-06-23 08:08:50,960 - services.mock_data - INFO - Processing mock data file uhf_tag_reads.json for table uhf_tag_reads
2026-06-23 08:08:50,960 - services.mock_data - INFO - Processing mock data file uhf_tags.json for table uhf_tags
2026-06-23 08:08:50,960 - services.mock_data - INFO - Table stock_transfers already has 3 rows; skipping mock insert
2026-06-23 08:08:50,961 - services.mock_data - INFO - Processing mock data file warehouses.json for table warehouses
2026-06-23 08:08:50,969 - services.mock_data - INFO - Table uhf_readers already has 2 rows; skipping mock insert
2026-06-23 08:08:50,969 - services.mock_data - INFO - Table suppliers already has 5 rows; skipping mock insert
2026-06-23 08:08:50,969 - services.mock_data - INFO - Table uhf_tags already has 5 rows; skipping mock insert
2026-06-23 08:08:50,970 - services.mock_data - INFO - Processing mock data file zones.json for table zones
2026-06-23 08:08:50,970 - services.mock_data - INFO - Table warehouses already has 3 rows; skipping mock insert
2026-06-23 08:08:50,970 - services.mock_data - INFO - Table uhf_tag_reads already has 2 rows; skipping mock insert
2026-06-23 08:08:50,975 - services.mock_data - INFO - Table zones already has 5 rows; skipping mock insert
2026-06-23 08:08:50,975 - services.database - DEBUG - [DB_OP] Starting database initialization
2026-06-23 08:08:50,975 - services.database - INFO - 🔧 Starting database initialization...
2026-06-23 08:08:50,975 - core.database - INFO - Starting database initialization...
2026-06-23 08:08:50,975 - core.database - INFO - Database already initialized
2026-06-23 08:08:50,975 - services.database - INFO - 🔧 Database connection initialized, now creating tables if tables not exist...
2026-06-23 08:08:50,975 - core.database - DEBUG - [DB_OP] Starting create_tables
2026-06-23 08:08:50,975 - core.database - INFO - Tables already initialized
2026-06-23 08:08:50,975 - services.database - INFO - 🔧 Table creation completed
2026-06-23 08:08:50,975 - services.database - INFO - Database initialized successfully
2026-06-23 08:08:50,975 - services.database - DEBUG - [DB_OP] Database initialization completed in 0.0003s
2026-06-23 08:08:50,975 - core.config - DEBUG - Read dynamic attribute local_admin_email from environment variable LOCAL_ADMIN_EMAIL
2026-06-23 08:08:50,975 - core.config - DEBUG - Read dynamic attribute local_admin_username from environment variable LOCAL_ADMIN_USERNAME
2026-06-23 08:08:50,975 - core.config - DEBUG - Read dynamic attribute local_admin_password from environment variable LOCAL_ADMIN_PASSWORD
2026-06-23 08:08:50,979 - services.auth - DEBUG - Admin user local-admin already exists
2026-06-23 08:08:50,981 - main - INFO - === Application startup completed successfully ===
2026-06-23 08:09:40,449 - core.database - DEBUG - [DB_OP] Starting get_db session creation
2026-06-23 08:09:40,449 - core.database - DEBUG - [DB_OP] Database session created successfully in 0.0004s
2026-06-23 08:09:40,468 - core.config - DEBUG - Read dynamic attribute jwt_expire_minutes from environment variable JWT_EXPIRE_MINUTES
2026-06-23 08:09:40,472 - core.config - DEBUG - Read dynamic attribute jwt_secret_key from environment variable JWT_SECRET_KEY
2026-06-23 08:09:40,472 - core.config - DEBUG - Read dynamic attribute jwt_algorithm from environment variable JWT_ALGORITHM
2026-06-23 08:09:40,484 - core.auth - DEBUG - Authentication token created for user hash: 8aa20392
2026-06-23 08:09:40,485 - core.database - DEBUG - [DB_OP] Database session cleanup after 0.0363s
2026-06-23 08:10:23,722 - core.database - DEBUG - [DB_OP] Starting get_db session creation
2026-06-23 08:10:23,722 - core.database - DEBUG - [DB_OP] Database session created successfully in 0.0001s
2026-06-23 08:10:23,745 - core.auth - DEBUG - Authentication token created for user hash: 8aa20392
2026-06-23 08:10:23,746 - core.database - DEBUG - [DB_OP] Database session cleanup after 0.0239s
2026-06-23 08:10:36,427 - core.auth - DEBUG - Authentication token validated for user hash: 8aa20392
2026-06-23 08:10:46,786 - core.auth - DEBUG - Authentication token validated for user hash: 8aa20392
2026-06-23 08:10:46,787 - core.database - DEBUG - [DB_OP] Starting get_db session creation
2026-06-23 08:10:46,788 - core.database - DEBUG - [DB_OP] Database session created successfully in 0.0001s
2026-06-23 08:10:46,788 - routers.products - DEBUG - Querying productss: query=None, sort=None, skip=0, limit=1, fields=None
2026-06-23 08:10:46,792 - routers.products - DEBUG - Found 8 productss
2026-06-23 08:10:46,793 - core.database - DEBUG - [DB_OP] Database session cleanup after 0.0052s
2026-06-23 08:10:59,863 - core.database - DEBUG - [DB_OP] Starting get_db session creation
2026-06-23 08:10:59,863 - core.database - DEBUG - [DB_OP] Database session created successfully in 0.0001s
2026-06-23 08:10:59,864 - core.auth - DEBUG - Authentication token validated for user hash: 8aa20392
2026-06-23 08:10:59,867 - core.database - DEBUG - [DB_OP] Database session cleanup after 0.0039s
2026-06-23 08:17:20,014 - dependencies.auth - DEBUG - Authentication required for request GET /api/v1/auth/me
2026-06-23 08:18:45,875 - services.database - DEBUG - [DB_OP] Starting database close
2026-06-23 08:18:45,900 - core.database - INFO - Database connection closed and engine disposed
2026-06-23 08:18:45,900 - services.database - INFO - Database connections closed
2026-06-23 08:18:45,901 - services.database - DEBUG - [DB_OP] Database close completed in 0.0259s
