2026-04-17 12:54:09,206 - main - INFO - === Logging system initialized ===
2026-04-17 12:54:09,206 - main - INFO - Log file: logs/app_20260417_125409.log
2026-04-17 12:54:09,206 - main - INFO - Log level: INFO
2026-04-17 12:54:09,207 - main - INFO - Timestamp: 20260417_125409
2026-04-17 12:54:09,578 - main - INFO - Included router: routers.aihub.router
2026-04-17 12:54:09,585 - main - INFO - Included router: routers.auth.router
2026-04-17 12:54:09,601 - main - INFO - Included router: routers.bins.router
2026-04-17 12:54:09,665 - main - INFO - Included router: routers.bom_lines.router
2026-04-17 12:54:09,687 - main - INFO - Included router: routers.bom_recipes.router
2026-04-17 12:54:09,704 - main - INFO - Included router: routers.branches.router
2026-04-17 12:54:09,705 - main - INFO - Included router: routers.health.router
2026-04-17 12:54:09,723 - main - INFO - Included router: routers.inventory_lots.router
2026-04-17 12:54:09,734 - main - INFO - Included router: routers.label_templates.router
2026-04-17 12:54:09,756 - main - INFO - Included router: routers.products.router
2026-04-17 12:54:09,774 - main - INFO - Included router: routers.receiving_documents.router
2026-04-17 12:54:09,792 - main - INFO - Included router: routers.receiving_lines.router
2026-04-17 12:54:09,850 - main - INFO - Included router: routers.settings.router
2026-04-17 12:54:09,869 - main - INFO - Included router: routers.stock_movements.router
2026-04-17 12:54:09,889 - main - INFO - Included router: routers.stock_transfers.router
2026-04-17 12:54:09,906 - main - INFO - Included router: routers.storage.router
2026-04-17 12:54:09,924 - main - INFO - Included router: routers.suppliers.router
2026-04-17 12:54:09,928 - main - INFO - Included router: routers.user.router
2026-04-17 12:54:09,944 - main - INFO - Included router: routers.warehouses.router
2026-04-17 12:54:09,959 - main - INFO - Included router: routers.zones.router
2026-04-17 12:54:09,961 - main - INFO - === Application startup initiated ===
2026-04-17 12:54:09,961 - services.database - DEBUG - [DB_OP] Starting database initialization
2026-04-17 12:54:09,961 - services.database - INFO - 🔧 Starting database initialization...
2026-04-17 12:54:09,961 - core.database - INFO - Starting database initialization...
2026-04-17 12:54:09,962 - core.config - DEBUG - Read dynamic attribute database_url from environment variable DATABASE_URL
2026-04-17 12:54:09,962 - core.database - INFO - Normalizing database URL for async compatibility...
2026-04-17 12:54:09,962 - core.database - WARNING - Adjusted database URL driver for async compatibility
2026-04-17 12:54:09,963 - core.database - INFO - Creating async database engine...
2026-04-17 12:54:09,963 - core.database - INFO - Using QueuePool with connection pooling for non-Lambda environment
2026-04-17 12:54:09,984 - core.database - INFO - Database engine created successfully
2026-04-17 12:54:09,984 - core.database - INFO - Creating async session maker...
2026-04-17 12:54:09,984 - core.database - INFO - Async session maker created successfully
2026-04-17 12:54:09,985 - core.database - INFO - Database connection initialized successfully
2026-04-17 12:54:09,985 - services.database - INFO - 🔧 Database connection initialized, now creating tables if tables not exist...
2026-04-17 12:54:09,985 - core.database - DEBUG - [DB_OP] Starting create_tables
2026-04-17 12:54:09,985 - core.database - INFO - 🔧 Starting table creation...
2026-04-17 12:54:09,990 - core.database - ERROR - Failed to create tables: [Errno 1] Operation not permitted
2026-04-17 12:54:09,991 - services.database - ERROR - Failed to initialize database: [Errno 1] Operation not permitted
