2026-04-17 09:26:55,102 - main - INFO - === Logging system initialized ===
2026-04-17 09:26:55,102 - main - INFO - Log file: logs/app_20260417_092655.log
2026-04-17 09:26:55,103 - main - INFO - Log level: INFO
2026-04-17 09:26:55,103 - main - INFO - Timestamp: 20260417_092655
2026-04-17 09:26:56,417 - main - INFO - Included router: routers.aihub.router
2026-04-17 09:26:56,446 - main - INFO - Included router: routers.auth.router
2026-04-17 09:26:56,501 - main - INFO - Included router: routers.bins.router
2026-04-17 09:26:56,554 - main - INFO - Included router: routers.bom_lines.router
2026-04-17 09:26:56,636 - main - INFO - Included router: routers.bom_recipes.router
2026-04-17 09:26:56,688 - main - INFO - Included router: routers.branches.router
2026-04-17 09:26:56,690 - main - INFO - Included router: routers.health.router
2026-04-17 09:26:56,833 - main - INFO - Included router: routers.inventory_lots.router
2026-04-17 09:26:56,886 - main - INFO - Included router: routers.products.router
2026-04-17 09:26:56,938 - main - INFO - Included router: routers.receiving_documents.router
2026-04-17 09:26:56,994 - main - INFO - Included router: routers.receiving_lines.router
2026-04-17 09:26:57,015 - main - INFO - Included router: routers.settings.router
2026-04-17 09:26:57,076 - main - INFO - Included router: routers.stock_movements.router
2026-04-17 09:26:57,146 - main - INFO - Included router: routers.stock_transfers.router
2026-04-17 09:26:57,195 - main - INFO - Included router: routers.storage.router
2026-04-17 09:26:57,257 - main - INFO - Included router: routers.suppliers.router
2026-04-17 09:26:57,270 - main - INFO - Included router: routers.user.router
2026-04-17 09:26:57,327 - main - INFO - Included router: routers.warehouses.router
2026-04-17 09:26:57,383 - main - INFO - Included router: routers.zones.router
2026-04-17 09:26:57,384 - main - INFO - === Application startup initiated ===
2026-04-17 09:26:57,384 - services.database - DEBUG - [DB_OP] Starting database initialization
2026-04-17 09:26:57,384 - services.database - INFO - 🔧 Starting database initialization...
2026-04-17 09:26:57,384 - core.database - INFO - Starting database initialization...
2026-04-17 09:26:57,384 - core.config - DEBUG - Read dynamic attribute database_url from environment variable DATABASE_URL
2026-04-17 09:26:57,384 - core.database - INFO - Normalizing database URL for async compatibility...
2026-04-17 09:26:57,384 - core.database - INFO - Creating async database engine...
2026-04-17 09:26:57,386 - core.database - INFO - Using QueuePool with connection pooling for non-Lambda environment
2026-04-17 09:26:57,454 - core.database - INFO - Database engine created successfully
2026-04-17 09:26:57,454 - core.database - INFO - Creating async session maker...
2026-04-17 09:26:57,455 - core.database - INFO - Async session maker created successfully
2026-04-17 09:26:57,455 - core.database - INFO - Database connection initialized successfully
2026-04-17 09:26:57,455 - services.database - INFO - 🔧 Database connection initialized, now creating tables if tables not exist...
2026-04-17 09:26:57,455 - core.database - DEBUG - [DB_OP] Starting create_tables
2026-04-17 09:26:57,455 - core.database - INFO - 🔧 Starting table creation...
2026-04-17 09:26:57,600 - core.database - INFO - Tables initialized successfully
2026-04-17 09:26:57,603 - core.database - DEBUG - [DB_OP] Create tables completed in 0.1482s
2026-04-17 09:26:57,604 - services.database - INFO - 🔧 Table creation completed
2026-04-17 09:26:57,604 - services.database - INFO - Database initialized successfully
2026-04-17 09:26:57,604 - services.database - DEBUG - [DB_OP] Database initialization completed in 0.2201s
2026-04-17 09:26:57,606 - services.mock_data - INFO - Processing mock data file bins.json for table bins
2026-04-17 09:26:57,606 - services.mock_data - INFO - Processing mock data file bom_lines.json for table bom_lines
2026-04-17 09:26:57,611 - services.mock_data - INFO - Processing mock data file bom_recipes.json for table bom_recipes
2026-04-17 09:26:57,617 - services.mock_data - INFO - Processing mock data file branches.json for table branches
2026-04-17 09:26:57,620 - services.mock_data - INFO - Processing mock data file inventory_lots.json for table inventory_lots
2026-04-17 09:26:58,063 - services.mock_data - INFO - Table bins already has 8 rows; skipping mock insert
2026-04-17 09:26:58,065 - services.mock_data - INFO - Processing mock data file products.json for table products
2026-04-17 09:26:58,082 - services.mock_data - INFO - Table inventory_lots already has 10 rows; skipping mock insert
2026-04-17 09:26:58,084 - services.mock_data - INFO - Processing mock data file receiving_documents.json for table receiving_documents
2026-04-17 09:26:58,086 - services.mock_data - INFO - Table branches already has 4 rows; skipping mock insert
2026-04-17 09:26:58,093 - services.mock_data - INFO - Processing mock data file receiving_lines.json for table receiving_lines
2026-04-17 09:26:58,095 - services.mock_data - INFO - Table products already has 8 rows; skipping mock insert
2026-04-17 09:26:58,096 - services.mock_data - INFO - Table bom_recipes already has 6 rows; skipping mock insert
2026-04-17 09:26:58,100 - services.mock_data - INFO - Processing mock data file stock_movements.json for table stock_movements
2026-04-17 09:26:58,101 - services.mock_data - INFO - Processing mock data file stock_transfers.json for table stock_transfers
2026-04-17 09:26:58,104 - services.mock_data - INFO - Table bom_lines already has 17 rows; skipping mock insert
2026-04-17 09:26:58,105 - services.mock_data - INFO - Processing mock data file suppliers.json for table suppliers
2026-04-17 09:26:58,118 - services.mock_data - INFO - Table receiving_documents already has 5 rows; skipping mock insert
2026-04-17 09:26:58,120 - services.mock_data - INFO - Processing mock data file warehouses.json for table warehouses
2026-04-17 09:26:58,126 - services.mock_data - INFO - Table receiving_lines already has 5 rows; skipping mock insert
2026-04-17 09:26:58,127 - services.mock_data - INFO - Processing mock data file zones.json for table zones
2026-04-17 09:26:58,131 - services.mock_data - INFO - Table stock_movements already has 7 rows; skipping mock insert
2026-04-17 09:26:58,136 - services.mock_data - INFO - Table stock_transfers already has 3 rows; skipping mock insert
2026-04-17 09:26:58,140 - services.mock_data - INFO - Table suppliers already has 5 rows; skipping mock insert
2026-04-17 09:26:58,150 - services.mock_data - INFO - Table warehouses already has 3 rows; skipping mock insert
2026-04-17 09:26:58,154 - services.mock_data - INFO - Table zones already has 5 rows; skipping mock insert
2026-04-17 09:26:58,156 - services.database - DEBUG - [DB_OP] Starting database initialization
2026-04-17 09:26:58,156 - services.database - INFO - 🔧 Starting database initialization...
2026-04-17 09:26:58,156 - core.database - INFO - Starting database initialization...
2026-04-17 09:26:58,156 - core.database - INFO - Database already initialized
2026-04-17 09:26:58,156 - services.database - INFO - 🔧 Database connection initialized, now creating tables if tables not exist...
2026-04-17 09:26:58,156 - core.database - DEBUG - [DB_OP] Starting create_tables
2026-04-17 09:26:58,156 - core.database - INFO - Tables already initialized
2026-04-17 09:26:58,156 - services.database - INFO - 🔧 Table creation completed
2026-04-17 09:26:58,156 - services.database - INFO - Database initialized successfully
2026-04-17 09:26:58,156 - services.database - DEBUG - [DB_OP] Database initialization completed in 0.0000s
2026-04-17 09:26:58,156 - services.auth - WARNING - Admin user ID or email not configured, skipping admin initialization
2026-04-17 09:26:58,156 - main - INFO - === Application startup completed successfully ===
