2026-06-18 14:50:09,678 - main - INFO - === Logging system initialized ===
2026-06-18 14:50:09,678 - main - INFO - Log file: logs/app_20260618_145009.log
2026-06-18 14:50:09,678 - main - INFO - Log level: INFO
2026-06-18 14:50:09,678 - main - INFO - Timestamp: 20260618_145009
2026-06-18 14:50:10,144 - main - INFO - Included router: routers.aihub.router
2026-06-18 14:50:10,160 - main - INFO - Included router: routers.auth.router
2026-06-18 14:50:10,176 - main - INFO - Included router: routers.bins.router
2026-06-18 14:50:10,193 - main - INFO - Included router: routers.bom_lines.router
2026-06-18 14:50:10,215 - main - INFO - Included router: routers.bom_recipes.router
2026-06-18 14:50:10,229 - main - INFO - Included router: routers.branches.router
2026-06-18 14:50:10,230 - main - INFO - Included router: routers.config.router
2026-06-18 14:50:10,231 - main - INFO - Included router: routers.health.router
2026-06-18 14:50:10,250 - main - INFO - Included router: routers.inventory_lots.router
2026-06-18 14:50:10,261 - main - INFO - Included router: routers.label_templates.router
2026-06-18 14:50:10,280 - main - INFO - Included router: routers.products.router
2026-06-18 14:50:10,290 - main - INFO - Included router: routers.rbac.router
2026-06-18 14:50:10,308 - main - INFO - Included router: routers.receiving_documents.router
2026-06-18 14:50:10,374 - main - INFO - Included router: routers.receiving_lines.router
2026-06-18 14:50:10,382 - main - INFO - Included router: routers.settings.router
2026-06-18 14:50:10,402 - main - INFO - Included router: routers.stock_movements.router
2026-06-18 14:50:10,422 - main - INFO - Included router: routers.stock_transfers.router
2026-06-18 14:50:10,440 - main - INFO - Included router: routers.storage.router
2026-06-18 14:50:10,458 - main - INFO - Included router: routers.suppliers.router
2026-06-18 14:50:10,472 - main - INFO - Included router: routers.uhf_readers.router
2026-06-18 14:50:10,485 - main - INFO - Included router: routers.uhf_tag_reads.router
2026-06-18 14:50:10,497 - main - INFO - Included router: routers.uhf_tags.router
2026-06-18 14:50:10,508 - main - INFO - Included router: routers.user.router
2026-06-18 14:50:10,524 - main - INFO - Included router: routers.warehouses.router
2026-06-18 14:50:10,543 - main - INFO - Included router: routers.zones.router
2026-06-18 14:50:10,544 - main - INFO - === Application startup initiated ===
2026-06-18 14:50:10,544 - services.database - DEBUG - [DB_OP] Starting database initialization
2026-06-18 14:50:10,544 - services.database - INFO - 🔧 Starting database initialization...
2026-06-18 14:50:10,544 - core.database - INFO - Starting database initialization...
2026-06-18 14:50:10,544 - core.config - DEBUG - Read dynamic attribute database_url from environment variable DATABASE_URL
2026-06-18 14:50:10,544 - core.database - INFO - Normalizing database URL for async compatibility...
2026-06-18 14:50:10,545 - core.database - WARNING - Adjusted database URL driver for async compatibility
2026-06-18 14:50:10,545 - core.database - INFO - Creating async database engine...
2026-06-18 14:50:10,545 - core.database - INFO - Using QueuePool with connection pooling for non-Lambda environment
2026-06-18 14:50:10,571 - core.database - INFO - Database engine created successfully
2026-06-18 14:50:10,571 - core.database - INFO - Creating async session maker...
2026-06-18 14:50:10,571 - core.database - INFO - Async session maker created successfully
2026-06-18 14:50:10,571 - core.database - INFO - Database connection initialized successfully
2026-06-18 14:50:10,571 - services.database - INFO - 🔧 Database connection initialized, now creating tables if tables not exist...
2026-06-18 14:50:10,571 - core.database - DEBUG - [DB_OP] Starting create_tables
2026-06-18 14:50:10,572 - core.database - INFO - 🔧 Starting table creation...
2026-06-18 14:50:10,640 - core.database - INFO - Tables initialized successfully
2026-06-18 14:50:10,640 - core.database - DEBUG - [DB_OP] Create tables completed in 0.0688s
2026-06-18 14:50:10,641 - services.database - INFO - 🔧 Table creation completed
2026-06-18 14:50:10,641 - services.database - INFO - Database initialized successfully
2026-06-18 14:50:10,641 - services.database - DEBUG - [DB_OP] Database initialization completed in 0.0967s
2026-06-18 14:50:10,657 - services.mock_data - INFO - Processing mock data file bins.json for table bins
2026-06-18 14:50:10,657 - services.mock_data - INFO - Processing mock data file bom_lines.json for table bom_lines
2026-06-18 14:50:10,658 - services.mock_data - INFO - Processing mock data file bom_recipes.json for table bom_recipes
2026-06-18 14:50:10,658 - services.mock_data - INFO - Processing mock data file branches.json for table branches
2026-06-18 14:50:10,659 - services.mock_data - INFO - Processing mock data file inventory_lots.json for table inventory_lots
2026-06-18 14:50:10,785 - services.mock_data - INFO - Table bom_recipes already has 6 rows; skipping mock insert
2026-06-18 14:50:10,785 - services.mock_data - INFO - Table bom_lines already has 17 rows; skipping mock insert
2026-06-18 14:50:10,785 - services.mock_data - INFO - Table bins already has 8 rows; skipping mock insert
2026-06-18 14:50:10,785 - services.mock_data - INFO - Table inventory_lots already has 10 rows; skipping mock insert
2026-06-18 14:50:10,785 - services.mock_data - INFO - Table branches already has 4 rows; skipping mock insert
2026-06-18 14:50:10,786 - services.mock_data - INFO - Processing mock data file products.json for table products
2026-06-18 14:50:10,787 - services.mock_data - INFO - Processing mock data file receiving_documents.json for table receiving_documents
2026-06-18 14:50:10,787 - services.mock_data - INFO - Processing mock data file receiving_lines.json for table receiving_lines
2026-06-18 14:50:10,787 - services.mock_data - INFO - Processing mock data file stock_movements.json for table stock_movements
2026-06-18 14:50:10,787 - services.mock_data - INFO - Processing mock data file stock_transfers.json for table stock_transfers
2026-06-18 14:50:10,800 - services.mock_data - INFO - Table receiving_documents already has 5 rows; skipping mock insert
2026-06-18 14:50:10,800 - services.mock_data - INFO - Table receiving_lines already has 5 rows; skipping mock insert
2026-06-18 14:50:10,800 - services.mock_data - INFO - Table stock_movements already has 7 rows; skipping mock insert
2026-06-18 14:50:10,801 - services.mock_data - INFO - Processing mock data file suppliers.json for table suppliers
2026-06-18 14:50:10,801 - services.mock_data - INFO - Processing mock data file uhf_readers.json for table uhf_readers
2026-06-18 14:50:10,801 - services.mock_data - INFO - Processing mock data file uhf_tag_reads.json for table uhf_tag_reads
2026-06-18 14:50:10,802 - services.mock_data - INFO - Table products already has 8 rows; skipping mock insert
2026-06-18 14:50:10,802 - services.mock_data - INFO - Table stock_transfers already has 3 rows; skipping mock insert
2026-06-18 14:50:10,803 - services.mock_data - INFO - Processing mock data file uhf_tags.json for table uhf_tags
2026-06-18 14:50:10,803 - services.mock_data - INFO - Processing mock data file warehouses.json for table warehouses
2026-06-18 14:50:10,888 - services.mock_data - INFO - Table suppliers already has 5 rows; skipping mock insert
2026-06-18 14:50:10,888 - services.mock_data - INFO - Table warehouses already has 3 rows; skipping mock insert
2026-06-18 14:50:10,888 - services.mock_data - INFO - Processing mock data file zones.json for table zones
2026-06-18 14:50:10,933 - services.mock_data - INFO - Table uhf_readers already has 2 rows; skipping mock insert
2026-06-18 14:50:10,965 - services.mock_data - INFO - Table uhf_tag_reads already has 2 rows; skipping mock insert
2026-06-18 14:50:10,965 - services.mock_data - INFO - Table zones already has 5 rows; skipping mock insert
2026-06-18 14:50:10,965 - services.mock_data - INFO - Table uhf_tags already has 5 rows; skipping mock insert
2026-06-18 14:50:10,966 - services.database - DEBUG - [DB_OP] Starting database initialization
2026-06-18 14:50:10,966 - services.database - INFO - 🔧 Starting database initialization...
2026-06-18 14:50:10,966 - core.database - INFO - Starting database initialization...
2026-06-18 14:50:10,966 - core.database - INFO - Database already initialized
2026-06-18 14:50:10,966 - services.database - INFO - 🔧 Database connection initialized, now creating tables if tables not exist...
2026-06-18 14:50:10,966 - core.database - DEBUG - [DB_OP] Starting create_tables
2026-06-18 14:50:10,966 - core.database - INFO - Tables already initialized
2026-06-18 14:50:10,966 - services.database - INFO - 🔧 Table creation completed
2026-06-18 14:50:10,966 - services.database - INFO - Database initialized successfully
2026-06-18 14:50:10,967 - services.database - DEBUG - [DB_OP] Database initialization completed in 0.0010s
2026-06-18 14:50:10,967 - core.config - DEBUG - Read dynamic attribute local_admin_email from environment variable LOCAL_ADMIN_EMAIL
2026-06-18 14:50:10,967 - core.config - DEBUG - Read dynamic attribute local_admin_username from environment variable LOCAL_ADMIN_USERNAME
2026-06-18 14:50:10,967 - core.config - DEBUG - Read dynamic attribute local_admin_password from environment variable LOCAL_ADMIN_PASSWORD
2026-06-18 14:50:10,970 - services.auth - DEBUG - Admin user local-admin already exists
2026-06-18 14:50:10,973 - main - INFO - === Application startup completed successfully ===
2026-06-18 14:50:30,903 - core.database - DEBUG - [DB_OP] Starting get_db session creation
2026-06-18 14:50:30,903 - core.database - DEBUG - [DB_OP] Database session created successfully in 0.0004s
2026-06-18 14:50:30,925 - core.config - DEBUG - Read dynamic attribute jwt_expire_minutes from environment variable JWT_EXPIRE_MINUTES
2026-06-18 14:50:30,929 - core.config - DEBUG - Read dynamic attribute jwt_secret_key from environment variable JWT_SECRET_KEY
2026-06-18 14:50:30,929 - core.config - DEBUG - Read dynamic attribute jwt_algorithm from environment variable JWT_ALGORITHM
2026-06-18 14:50:30,937 - core.auth - DEBUG - Authentication token created for user hash: 8aa20392
2026-06-18 14:50:30,938 - core.database - DEBUG - [DB_OP] Database session cleanup after 0.0352s
2026-06-18 14:50:35,890 - core.database - DEBUG - [DB_OP] Starting get_db session creation
2026-06-18 14:50:35,890 - core.database - DEBUG - [DB_OP] Database session created successfully in 0.0001s
2026-06-18 14:50:35,908 - core.auth - DEBUG - Authentication token created for user hash: 8aa20392
2026-06-18 14:50:35,908 - core.database - DEBUG - [DB_OP] Database session cleanup after 0.0179s
2026-06-18 14:51:25,939 - core.database - DEBUG - [DB_OP] Starting get_db session creation
2026-06-18 14:51:25,941 - core.database - DEBUG - [DB_OP] Database session created successfully in 0.0022s
2026-06-18 14:51:25,972 - core.auth - DEBUG - Authentication token created for user hash: 8aa20392
2026-06-18 14:51:25,972 - core.database - DEBUG - [DB_OP] Database session cleanup after 0.0340s
2026-06-18 14:51:26,511 - core.auth - DEBUG - Authentication token validated for user hash: 8aa20392
2026-06-18 14:51:26,579 - core.database - DEBUG - [DB_OP] Starting get_db session creation
2026-06-18 14:51:26,580 - core.database - DEBUG - [DB_OP] Database session created successfully in 0.0009s
2026-06-18 14:51:26,581 - routers.products - DEBUG - Querying productss: query=None, sort=None, skip=0, limit=200, fields=None
2026-06-18 14:51:26,584 - core.database - DEBUG - [DB_OP] Starting get_db session creation
2026-06-18 14:51:26,584 - core.database - DEBUG - [DB_OP] Database session created successfully in 0.0001s
2026-06-18 14:51:26,584 - routers.inventory_lots - DEBUG - Querying inventory_lotss: query=None, sort=None, skip=0, limit=200, fields=None
2026-06-18 14:51:26,586 - core.database - DEBUG - [DB_OP] Starting get_db session creation
2026-06-18 14:51:26,587 - core.database - DEBUG - [DB_OP] Database session created successfully in 0.0002s
2026-06-18 14:51:26,587 - routers.receiving_documents - DEBUG - Querying receiving_documentss: query=None, sort=None, skip=0, limit=200, fields=None
2026-06-18 14:51:26,592 - core.database - DEBUG - [DB_OP] Starting get_db session creation
2026-06-18 14:51:26,593 - core.database - DEBUG - [DB_OP] Database session created successfully in 0.0003s
2026-06-18 14:51:26,593 - routers.stock_movements - DEBUG - Querying stock_movementss: query=None, sort=-created_at, skip=0, limit=200, fields=None
2026-06-18 14:51:26,597 - core.database - DEBUG - [DB_OP] Starting get_db session creation
2026-06-18 14:51:26,597 - core.database - DEBUG - [DB_OP] Database session created successfully in 0.0003s
2026-06-18 14:51:26,597 - routers.branches - DEBUG - Querying branchess: query=None, sort=None, skip=0, limit=200, fields=None
2026-06-18 14:51:26,601 - core.database - DEBUG - [DB_OP] Starting get_db session creation
2026-06-18 14:51:26,601 - core.database - DEBUG - [DB_OP] Database session created successfully in 0.0001s
2026-06-18 14:51:26,601 - routers.warehouses - DEBUG - Querying warehousess: query=None, sort=None, skip=0, limit=200, fields=None
2026-06-18 14:51:26,620 - routers.branches - DEBUG - Found 4 branchess
2026-06-18 14:51:26,621 - core.database - DEBUG - [DB_OP] Database session cleanup after 0.0243s
2026-06-18 14:51:26,624 - routers.receiving_documents - DEBUG - Found 5 receiving_documentss
2026-06-18 14:51:26,625 - core.database - DEBUG - [DB_OP] Database session cleanup after 0.0383s
2026-06-18 14:51:26,626 - routers.stock_movements - DEBUG - Found 7 stock_movementss
2026-06-18 14:51:26,627 - core.database - DEBUG - [DB_OP] Database session cleanup after 0.0346s
2026-06-18 14:51:26,631 - core.database - DEBUG - [DB_OP] Starting get_db session creation
2026-06-18 14:51:26,631 - core.database - DEBUG - [DB_OP] Database session created successfully in 0.0003s
2026-06-18 14:51:26,632 - routers.stock_transfers - DEBUG - Querying stock_transferss: query=None, sort=None, skip=0, limit=200, fields=None
2026-06-18 14:51:26,633 - routers.inventory_lots - DEBUG - Found 10 inventory_lotss
2026-06-18 14:51:26,634 - core.database - DEBUG - [DB_OP] Database session cleanup after 0.0503s
2026-06-18 14:51:26,635 - routers.products - DEBUG - Found 8 productss
2026-06-18 14:51:26,635 - core.database - DEBUG - [DB_OP] Database session cleanup after 0.0565s
2026-06-18 14:51:26,640 - routers.warehouses - DEBUG - Found 3 warehousess
2026-06-18 14:51:26,640 - core.database - DEBUG - [DB_OP] Database session cleanup after 0.0396s
2026-06-18 14:51:26,644 - routers.stock_transfers - DEBUG - Found 3 stock_transferss
2026-06-18 14:51:26,644 - core.database - DEBUG - [DB_OP] Database session cleanup after 0.0128s
2026-06-18 14:51:31,119 - core.database - DEBUG - [DB_OP] Starting get_db session creation
2026-06-18 14:51:31,120 - core.database - DEBUG - [DB_OP] Database session created successfully in 0.0003s
2026-06-18 14:51:31,120 - routers.inventory_lots - DEBUG - Querying inventory_lotss: query=None, sort=expiry_date, skip=0, limit=200, fields=None
2026-06-18 14:51:31,121 - core.database - DEBUG - [DB_OP] Starting get_db session creation
2026-06-18 14:51:31,122 - core.database - DEBUG - [DB_OP] Database session created successfully in 0.0003s
2026-06-18 14:51:31,122 - routers.products - DEBUG - Querying productss: query=None, sort=None, skip=0, limit=200, fields=None
2026-06-18 14:51:31,152 - core.database - DEBUG - [DB_OP] Starting get_db session creation
2026-06-18 14:51:31,152 - core.database - DEBUG - [DB_OP] Database session created successfully in 0.0002s
2026-06-18 14:51:31,152 - routers.zones - DEBUG - Querying zoness: query=None, sort=None, skip=0, limit=100, fields=None
2026-06-18 14:51:31,157 - routers.zones - DEBUG - Found 5 zoness
2026-06-18 14:51:31,159 - core.database - DEBUG - [DB_OP] Database session cleanup after 0.0068s
2026-06-18 14:51:31,159 - routers.products - DEBUG - Found 8 productss
2026-06-18 14:51:31,160 - core.database - DEBUG - [DB_OP] Database session cleanup after 0.0381s
2026-06-18 14:51:31,160 - routers.inventory_lots - DEBUG - Found 10 inventory_lotss
2026-06-18 14:51:31,161 - core.database - DEBUG - [DB_OP] Database session cleanup after 0.0418s
2026-06-18 14:55:47,618 - core.auth - DEBUG - Authentication token validated for user hash: 8aa20392
2026-06-18 14:55:47,652 - core.database - DEBUG - [DB_OP] Starting get_db session creation
2026-06-18 14:55:47,654 - core.database - DEBUG - [DB_OP] Database session created successfully in 0.0025s
2026-06-18 14:55:47,655 - routers.products - DEBUG - Querying productss: query=None, sort=None, skip=0, limit=200, fields=None
2026-06-18 14:55:47,670 - core.database - DEBUG - [DB_OP] Starting get_db session creation
2026-06-18 14:55:47,670 - core.database - DEBUG - [DB_OP] Database session created successfully in 0.0001s
2026-06-18 14:55:47,670 - routers.inventory_lots - DEBUG - Querying inventory_lotss: query=None, sort=None, skip=0, limit=200, fields=None
2026-06-18 14:55:47,671 - core.database - DEBUG - [DB_OP] Starting get_db session creation
2026-06-18 14:55:47,671 - core.database - DEBUG - [DB_OP] Database session created successfully in 0.0001s
2026-06-18 14:55:47,671 - routers.receiving_documents - DEBUG - Querying receiving_documentss: query=None, sort=None, skip=0, limit=200, fields=None
2026-06-18 14:55:47,674 - core.database - DEBUG - [DB_OP] Starting get_db session creation
2026-06-18 14:55:47,674 - core.database - DEBUG - [DB_OP] Database session created successfully in 0.0001s
2026-06-18 14:55:47,675 - routers.stock_movements - DEBUG - Querying stock_movementss: query=None, sort=-created_at, skip=0, limit=200, fields=None
2026-06-18 14:55:47,676 - core.database - DEBUG - [DB_OP] Starting get_db session creation
2026-06-18 14:55:47,676 - core.database - DEBUG - [DB_OP] Database session created successfully in 0.0001s
2026-06-18 14:55:47,676 - routers.branches - DEBUG - Querying branchess: query=None, sort=None, skip=0, limit=200, fields=None
2026-06-18 14:55:47,677 - core.database - DEBUG - [DB_OP] Starting get_db session creation
2026-06-18 14:55:47,677 - core.database - DEBUG - [DB_OP] Database session created successfully in 0.0000s
2026-06-18 14:55:47,677 - routers.warehouses - DEBUG - Querying warehousess: query=None, sort=None, skip=0, limit=200, fields=None
2026-06-18 14:55:47,686 - routers.products - DEBUG - Found 8 productss
2026-06-18 14:55:47,686 - core.database - DEBUG - [DB_OP] Database session cleanup after 0.0346s
2026-06-18 14:55:47,687 - routers.inventory_lots - DEBUG - Found 10 inventory_lotss
2026-06-18 14:55:47,688 - core.database - DEBUG - [DB_OP] Database session cleanup after 0.0183s
2026-06-18 14:55:47,689 - routers.receiving_documents - DEBUG - Found 5 receiving_documentss
2026-06-18 14:55:47,689 - core.database - DEBUG - [DB_OP] Database session cleanup after 0.0186s
2026-06-18 14:55:47,691 - core.database - DEBUG - [DB_OP] Starting get_db session creation
2026-06-18 14:55:47,691 - core.database - DEBUG - [DB_OP] Database session created successfully in 0.0001s
2026-06-18 14:55:47,691 - routers.stock_transfers - DEBUG - Querying stock_transferss: query=None, sort=None, skip=0, limit=200, fields=None
2026-06-18 14:55:47,697 - routers.branches - DEBUG - Found 4 branchess
2026-06-18 14:55:47,697 - core.database - DEBUG - [DB_OP] Database session cleanup after 0.0214s
2026-06-18 14:55:47,698 - routers.stock_movements - DEBUG - Found 7 stock_movementss
2026-06-18 14:55:47,699 - core.database - DEBUG - [DB_OP] Database session cleanup after 0.0245s
2026-06-18 14:55:47,700 - routers.warehouses - DEBUG - Found 3 warehousess
2026-06-18 14:55:47,700 - core.database - DEBUG - [DB_OP] Database session cleanup after 0.0229s
2026-06-18 14:55:47,703 - routers.stock_transfers - DEBUG - Found 3 stock_transferss
2026-06-18 14:55:47,703 - core.database - DEBUG - [DB_OP] Database session cleanup after 0.0126s
