2026-04-17 01:24:23,191 - main - INFO - === Logging system initialized ===
2026-04-17 01:24:23,192 - main - INFO - Log file: logs/app_20260417_012423.log
2026-04-17 01:24:23,192 - main - INFO - Log level: INFO
2026-04-17 01:24:23,192 - main - INFO - Timestamp: 20260417_012423
2026-04-17 01:24:24,537 - main - INFO - Included router: routers.aihub.router
2026-04-17 01:24:24,559 - main - INFO - Included router: routers.auth.router
2026-04-17 01:24:24,611 - main - INFO - Included router: routers.bins.router
2026-04-17 01:24:24,662 - main - INFO - Included router: routers.bom_lines.router
2026-04-17 01:24:24,719 - main - INFO - Included router: routers.bom_recipes.router
2026-04-17 01:24:24,771 - main - INFO - Included router: routers.branches.router
2026-04-17 01:24:24,771 - main - INFO - Included router: routers.health.router
2026-04-17 01:24:24,930 - main - INFO - Included router: routers.inventory_lots.router
2026-04-17 01:24:24,985 - main - INFO - Included router: routers.products.router
2026-04-17 01:24:25,037 - main - INFO - Included router: routers.receiving_documents.router
2026-04-17 01:24:25,091 - main - INFO - Included router: routers.receiving_lines.router
2026-04-17 01:24:25,122 - main - INFO - Included router: routers.settings.router
2026-04-17 01:24:25,181 - main - INFO - Included router: routers.stock_movements.router
2026-04-17 01:24:25,241 - main - INFO - Included router: routers.stock_transfers.router
2026-04-17 01:24:25,282 - main - INFO - Included router: routers.storage.router
2026-04-17 01:24:25,349 - main - INFO - Included router: routers.suppliers.router
2026-04-17 01:24:25,359 - main - INFO - Included router: routers.user.router
2026-04-17 01:24:25,412 - main - INFO - Included router: routers.warehouses.router
2026-04-17 01:24:25,459 - main - INFO - Included router: routers.zones.router
2026-04-17 01:24:25,461 - main - INFO - === Application startup initiated ===
2026-04-17 01:24:25,461 - services.database - DEBUG - [DB_OP] Starting database initialization
2026-04-17 01:24:25,461 - services.database - INFO - 🔧 Starting database initialization...
2026-04-17 01:24:25,461 - core.database - INFO - Starting database initialization...
2026-04-17 01:24:25,461 - services.database - ERROR - Failed to initialize database: 'Settings' object has no attribute 'database_url'
