2026-04-21 01:05:23,430 - main - INFO - === Logging system initialized ===
2026-04-21 01:05:23,431 - main - INFO - Log file: logs/app_20260421_010523.log
2026-04-21 01:05:23,431 - main - INFO - Log level: INFO
2026-04-21 01:05:23,431 - main - INFO - Timestamp: 20260421_010523
2026-04-21 01:05:24,846 - main - INFO - Included router: routers.aihub.router
2026-04-21 01:05:24,872 - main - INFO - Included router: routers.auth.router
2026-04-21 01:05:24,930 - main - INFO - Included router: routers.bins.router
2026-04-21 01:05:24,968 - main - INFO - Included router: routers.bom_lines.router
2026-04-21 01:05:25,017 - main - INFO - Included router: routers.bom_recipes.router
2026-04-21 01:05:25,087 - main - INFO - Included router: routers.branches.router
2026-04-21 01:05:25,088 - main - INFO - Included router: routers.health.router
2026-04-21 01:05:25,125 - main - INFO - Included router: routers.inventory_lots.router
2026-04-21 01:05:25,170 - main - INFO - Included router: routers.label_templates.router
2026-04-21 01:05:25,224 - main - INFO - Included router: routers.products.router
2026-04-21 01:05:25,246 - main - INFO - Included router: routers.rbac.router
2026-04-21 01:05:25,304 - main - INFO - Included router: routers.receiving_documents.router
2026-04-21 01:05:25,430 - main - INFO - Included router: routers.receiving_lines.router
2026-04-21 01:05:25,493 - main - INFO - Included router: routers.settings.router
2026-04-21 01:05:25,564 - main - INFO - Included router: routers.stock_movements.router
2026-04-21 01:05:25,642 - main - INFO - Included router: routers.stock_transfers.router
2026-04-21 01:05:25,692 - main - INFO - Included router: routers.storage.router
2026-04-21 01:05:25,786 - main - INFO - Included router: routers.suppliers.router
2026-04-21 01:05:25,828 - main - INFO - Included router: routers.uhf_readers.router
2026-04-21 01:05:25,864 - main - INFO - Included router: routers.uhf_tag_reads.router
2026-04-21 01:05:25,911 - main - INFO - Included router: routers.uhf_tags.router
2026-04-21 01:05:25,933 - main - INFO - Included router: routers.user.router
2026-04-21 01:05:26,025 - main - INFO - Included router: routers.warehouses.router
2026-04-21 01:05:26,066 - main - INFO - Included router: routers.zones.router
2026-04-21 01:05:26,068 - main - INFO - === Application startup initiated ===
2026-04-21 01:05:26,068 - services.database - DEBUG - [DB_OP] Starting database initialization
2026-04-21 01:05:26,068 - services.database - INFO - 🔧 Starting database initialization...
2026-04-21 01:05:26,068 - core.database - INFO - Starting database initialization...
2026-04-21 01:05:26,068 - core.config - DEBUG - Read dynamic attribute database_url from environment variable DATABASE_URL
2026-04-21 01:05:26,068 - core.database - INFO - Normalizing database URL for async compatibility...
2026-04-21 01:05:26,069 - core.database - WARNING - Adjusted database URL driver for async compatibility
2026-04-21 01:05:26,069 - core.database - INFO - Creating async database engine...
2026-04-21 01:05:26,069 - core.database - INFO - Using QueuePool with connection pooling for non-Lambda environment
2026-04-21 01:05:26,105 - core.database - INFO - Database engine created successfully
2026-04-21 01:05:26,105 - core.database - INFO - Creating async session maker...
2026-04-21 01:05:26,105 - core.database - INFO - Async session maker created successfully
2026-04-21 01:05:26,105 - core.database - INFO - Database connection initialized successfully
2026-04-21 01:05:26,105 - services.database - INFO - 🔧 Database connection initialized, now creating tables if tables not exist...
2026-04-21 01:05:26,105 - core.database - DEBUG - [DB_OP] Starting create_tables
2026-04-21 01:05:26,105 - core.database - INFO - 🔧 Starting table creation...
2026-04-21 01:05:26,294 - core.database - INFO - Tables initialized successfully
2026-04-21 01:05:26,295 - core.database - DEBUG - [DB_OP] Create tables completed in 0.1892s
2026-04-21 01:05:26,296 - services.database - INFO - 🔧 Table creation completed
2026-04-21 01:05:26,297 - services.database - INFO - Database initialized successfully
2026-04-21 01:05:26,297 - services.database - DEBUG - [DB_OP] Database initialization completed in 0.2288s
2026-04-21 01:05:26,332 - services.mock_data - INFO - Processing mock data file bins.json for table bins
2026-04-21 01:05:26,333 - services.mock_data - INFO - Processing mock data file bom_lines.json for table bom_lines
2026-04-21 01:05:26,334 - services.mock_data - INFO - Processing mock data file bom_recipes.json for table bom_recipes
2026-04-21 01:05:26,334 - services.mock_data - INFO - Processing mock data file branches.json for table branches
2026-04-21 01:05:26,336 - services.mock_data - INFO - Processing mock data file inventory_lots.json for table inventory_lots
2026-04-21 01:05:26,629 - services.mock_data - INFO - Table branches already has 4 rows; skipping mock insert
2026-04-21 01:05:26,630 - services.mock_data - INFO - Table inventory_lots already has 10 rows; skipping mock insert
2026-04-21 01:05:26,630 - services.mock_data - INFO - Table bom_lines already has 17 rows; skipping mock insert
2026-04-21 01:05:26,631 - services.mock_data - INFO - Table bins already has 8 rows; skipping mock insert
2026-04-21 01:05:26,631 - services.mock_data - INFO - Processing mock data file products.json for table products
2026-04-21 01:05:26,632 - services.mock_data - INFO - Processing mock data file receiving_documents.json for table receiving_documents
2026-04-21 01:05:26,633 - services.mock_data - INFO - Processing mock data file receiving_lines.json for table receiving_lines
2026-04-21 01:05:26,633 - services.mock_data - INFO - Processing mock data file stock_movements.json for table stock_movements
2026-04-21 01:05:26,633 - services.mock_data - INFO - Table bom_recipes already has 6 rows; skipping mock insert
2026-04-21 01:05:26,636 - services.mock_data - INFO - Processing mock data file stock_transfers.json for table stock_transfers
2026-04-21 01:05:26,662 - services.mock_data - INFO - Table receiving_documents already has 5 rows; skipping mock insert
2026-04-21 01:05:26,665 - services.mock_data - INFO - Table receiving_lines already has 5 rows; skipping mock insert
2026-04-21 01:05:26,665 - services.mock_data - INFO - Table products already has 8 rows; skipping mock insert
2026-04-21 01:05:26,666 - services.mock_data - INFO - Table stock_movements already has 7 rows; skipping mock insert
2026-04-21 01:05:26,666 - services.mock_data - INFO - Processing mock data file suppliers.json for table suppliers
2026-04-21 01:05:26,667 - services.mock_data - INFO - Processing mock data file uhf_readers.json for table uhf_readers
2026-04-21 01:05:26,667 - services.mock_data - INFO - Processing mock data file uhf_tag_reads.json for table uhf_tag_reads
2026-04-21 01:05:26,667 - services.mock_data - INFO - Processing mock data file uhf_tags.json for table uhf_tags
2026-04-21 01:05:26,668 - services.mock_data - INFO - Table stock_transfers already has 3 rows; skipping mock insert
2026-04-21 01:05:26,672 - services.mock_data - INFO - Processing mock data file warehouses.json for table warehouses
2026-04-21 01:05:26,699 - services.mock_data - INFO - Inserted 2 mock records into uhf_tag_reads
2026-04-21 01:05:26,699 - services.mock_data - INFO - Table suppliers already has 5 rows; skipping mock insert
2026-04-21 01:05:26,700 - services.mock_data - INFO - Processing mock data file zones.json for table zones
2026-04-21 01:05:26,717 - services.mock_data - INFO - Table warehouses already has 3 rows; skipping mock insert
2026-04-21 01:05:26,731 - services.mock_data - INFO - Inserted 2 mock records into uhf_tags
2026-04-21 01:05:26,731 - services.mock_data - INFO - Inserted 2 mock records into uhf_readers
2026-04-21 01:05:26,746 - services.mock_data - INFO - Table zones already has 5 rows; skipping mock insert
2026-04-21 01:05:26,747 - services.database - DEBUG - [DB_OP] Starting database initialization
2026-04-21 01:05:26,747 - services.database - INFO - 🔧 Starting database initialization...
2026-04-21 01:05:26,747 - core.database - INFO - Starting database initialization...
2026-04-21 01:05:26,747 - core.database - INFO - Database already initialized
2026-04-21 01:05:26,747 - services.database - INFO - 🔧 Database connection initialized, now creating tables if tables not exist...
2026-04-21 01:05:26,748 - core.database - DEBUG - [DB_OP] Starting create_tables
2026-04-21 01:05:26,748 - core.database - INFO - Tables already initialized
2026-04-21 01:05:26,748 - services.database - INFO - 🔧 Table creation completed
2026-04-21 01:05:26,748 - services.database - INFO - Database initialized successfully
2026-04-21 01:05:26,748 - services.database - DEBUG - [DB_OP] Database initialization completed in 0.0010s
2026-04-21 01:05:26,748 - core.config - DEBUG - Read dynamic attribute local_admin_email from environment variable LOCAL_ADMIN_EMAIL
2026-04-21 01:05:26,748 - core.config - DEBUG - Read dynamic attribute local_admin_username from environment variable LOCAL_ADMIN_USERNAME
2026-04-21 01:05:26,748 - core.config - DEBUG - Read dynamic attribute local_admin_password from environment variable LOCAL_ADMIN_PASSWORD
2026-04-21 01:05:26,753 - services.auth - DEBUG - Admin user local-admin already exists
2026-04-21 01:05:26,757 - main - INFO - === Application startup completed successfully ===
2026-04-21 01:05:26,860 - services.database - DEBUG - [DB_OP] Starting database close
2026-04-21 01:05:26,882 - core.database - INFO - Database connection closed and engine disposed
2026-04-21 01:05:26,882 - services.database - INFO - Database connections closed
2026-04-21 01:05:26,882 - services.database - DEBUG - [DB_OP] Database close completed in 0.0222s
