2026-04-15 03:19:36,306 - main - INFO - === Logging system initialized ===
2026-04-15 03:19:36,307 - main - INFO - Log file: logs/app_20260415_031936.log
2026-04-15 03:19:36,307 - main - INFO - Log level: INFO
2026-04-15 03:19:36,307 - main - INFO - Timestamp: 20260415_031936
2026-04-15 03:19:37,669 - main - INFO - Included router: routers.aihub.router
2026-04-15 03:19:37,687 - main - INFO - Included router: routers.auth.router
2026-04-15 03:19:37,783 - main - INFO - Included router: routers.bins.router
2026-04-15 03:19:37,786 - main - INFO - Included router: routers.health.router
2026-04-15 03:19:37,913 - main - INFO - Included router: routers.inventory_lots.router
2026-04-15 03:19:38,002 - main - INFO - Included router: routers.products.router
2026-04-15 03:19:38,178 - main - INFO - Included router: routers.receiving_documents.router
2026-04-15 03:19:38,288 - main - INFO - Included router: routers.receiving_lines.router
2026-04-15 03:19:38,315 - main - INFO - Included router: routers.settings.router
2026-04-15 03:19:38,471 - main - INFO - Included router: routers.stock_movements.router
2026-04-15 03:19:38,517 - main - INFO - Included router: routers.storage.router
2026-04-15 03:19:38,729 - main - INFO - Included router: routers.suppliers.router
2026-04-15 03:19:38,747 - main - INFO - Included router: routers.user.router
2026-04-15 03:19:38,921 - main - INFO - Included router: routers.warehouses.router
2026-04-15 03:19:39,057 - main - INFO - Included router: routers.zones.router
2026-04-15 03:19:39,058 - main - INFO - === Application startup initiated ===
2026-04-15 03:19:39,058 - services.database - INFO - Ignore creating tables
2026-04-15 03:19:39,058 - services.mock_data - INFO - Ignore initialize data
2026-04-15 03:19:39,059 - services.auth - INFO - Ignore initialize admin
2026-04-15 03:19:39,059 - main - INFO - === Application startup completed successfully ===
2026-04-15 03:19:43,590 - services.database - DEBUG - [DB_OP] Starting database close
2026-04-15 03:19:43,591 - services.database - INFO - Database connections closed
2026-04-15 03:19:43,591 - services.database - DEBUG - [DB_OP] Database close completed in 0.0010s
