2026-04-17 09:25:18,428 - main - INFO - === Logging system initialized ===
2026-04-17 09:25:18,431 - main - INFO - Log file: logs/app_20260417_092518.log
2026-04-17 09:25:18,431 - main - INFO - Log level: INFO
2026-04-17 09:25:18,431 - main - INFO - Timestamp: 20260417_092518
2026-04-17 09:25:18,433 - main - INFO - === Logging system initialized ===
2026-04-17 09:25:18,433 - main - INFO - Log file: logs/app_20260417_092518.log
2026-04-17 09:25:18,433 - main - INFO - Log level: INFO
2026-04-17 09:25:18,433 - main - INFO - Timestamp: 20260417_092518
2026-04-17 09:25:19,541 - main - INFO - Included router: routers.aihub.router
2026-04-17 09:25:19,561 - main - INFO - Included router: routers.aihub.router
2026-04-17 09:25:19,612 - main - INFO - Included router: routers.auth.router
2026-04-17 09:25:19,621 - main - INFO - Included router: routers.auth.router
2026-04-17 09:25:19,664 - main - INFO - Included router: routers.bins.router
2026-04-17 09:25:19,671 - main - INFO - Included router: routers.bins.router
2026-04-17 09:25:19,717 - main - INFO - Included router: routers.bom_lines.router
2026-04-17 09:25:19,721 - main - INFO - Included router: routers.bom_lines.router
2026-04-17 09:25:19,772 - main - INFO - Included router: routers.bom_recipes.router
2026-04-17 09:25:19,778 - main - INFO - Included router: routers.bom_recipes.router
2026-04-17 09:25:19,824 - main - INFO - Included router: routers.branches.router
2026-04-17 09:25:19,828 - main - INFO - Included router: routers.health.router
2026-04-17 09:25:19,828 - main - INFO - Included router: routers.branches.router
2026-04-17 09:25:19,831 - main - INFO - Included router: routers.health.router
2026-04-17 09:25:19,968 - main - INFO - Included router: routers.inventory_lots.router
2026-04-17 09:25:19,978 - main - INFO - Included router: routers.inventory_lots.router
2026-04-17 09:25:20,024 - main - INFO - Included router: routers.products.router
2026-04-17 09:25:20,033 - main - INFO - Included router: routers.products.router
2026-04-17 09:25:20,081 - main - INFO - Included router: routers.receiving_documents.router
2026-04-17 09:25:20,081 - main - INFO - Included router: routers.receiving_documents.router
2026-04-17 09:25:20,135 - main - INFO - Included router: routers.receiving_lines.router
2026-04-17 09:25:20,138 - main - INFO - Included router: routers.receiving_lines.router
2026-04-17 09:25:20,161 - main - INFO - Included router: routers.settings.router
2026-04-17 09:25:20,164 - main - INFO - Included router: routers.settings.router
2026-04-17 09:25:20,215 - main - INFO - Included router: routers.stock_movements.router
2026-04-17 09:25:20,215 - main - INFO - Included router: routers.stock_movements.router
2026-04-17 09:25:20,279 - main - INFO - Included router: routers.stock_transfers.router
2026-04-17 09:25:20,279 - main - INFO - Included router: routers.stock_transfers.router
2026-04-17 09:25:20,317 - main - INFO - Included router: routers.storage.router
2026-04-17 09:25:20,322 - main - INFO - Included router: routers.storage.router
2026-04-17 09:25:20,364 - main - INFO - Included router: routers.suppliers.router
2026-04-17 09:25:20,371 - main - INFO - Included router: routers.user.router
2026-04-17 09:25:20,374 - main - INFO - Included router: routers.suppliers.router
2026-04-17 09:25:20,382 - main - INFO - Included router: routers.user.router
2026-04-17 09:25:20,417 - main - INFO - Included router: routers.warehouses.router
2026-04-17 09:25:20,431 - main - INFO - Included router: routers.warehouses.router
2026-04-17 09:25:20,460 - main - INFO - Included router: routers.zones.router
2026-04-17 09:25:20,462 - main - INFO - === Application startup initiated ===
2026-04-17 09:25:20,462 - services.database - DEBUG - [DB_OP] Starting database initialization
2026-04-17 09:25:20,462 - services.database - INFO - 🔧 Starting database initialization...
2026-04-17 09:25:20,462 - core.database - INFO - Starting database initialization...
2026-04-17 09:25:20,462 - services.database - ERROR - Failed to initialize database: 'Settings' object has no attribute 'database_url'
2026-04-17 09:25:20,482 - main - INFO - Included router: routers.zones.router
2026-04-17 09:25:20,482 - main - INFO - === Application startup initiated ===
2026-04-17 09:25:20,482 - services.database - DEBUG - [DB_OP] Starting database initialization
2026-04-17 09:25:20,482 - services.database - INFO - 🔧 Starting database initialization...
2026-04-17 09:25:20,482 - core.database - INFO - Starting database initialization...
2026-04-17 09:25:20,482 - services.database - ERROR - Failed to initialize database: 'Settings' object has no attribute 'database_url'
