2026-04-17 01:21:35,267 - main - INFO - === Logging system initialized ===
2026-04-17 01:21:35,267 - main - INFO - Log file: logs/app_20260417_012135.log
2026-04-17 01:21:35,267 - main - INFO - Log level: INFO
2026-04-17 01:21:35,267 - main - INFO - Timestamp: 20260417_012135
2026-04-17 01:21:37,346 - main - INFO - Included router: routers.aihub.router
2026-04-17 01:21:37,394 - main - INFO - Included router: routers.auth.router
2026-04-17 01:21:37,476 - main - INFO - Included router: routers.bins.router
2026-04-17 01:21:37,572 - main - INFO - Included router: routers.bom_lines.router
2026-04-17 01:21:37,681 - main - INFO - Included router: routers.bom_recipes.router
2026-04-17 01:21:37,778 - main - INFO - Included router: routers.branches.router
2026-04-17 01:21:37,781 - main - INFO - Included router: routers.health.router
2026-04-17 01:21:38,031 - main - INFO - Included router: routers.inventory_lots.router
2026-04-17 01:21:38,138 - main - INFO - Included router: routers.products.router
2026-04-17 01:21:38,236 - main - INFO - Included router: routers.receiving_documents.router
2026-04-17 01:21:38,335 - main - INFO - Included router: routers.receiving_lines.router
2026-04-17 01:21:38,393 - main - INFO - Included router: routers.settings.router
2026-04-17 01:21:38,466 - main - INFO - Included router: routers.stock_movements.router
2026-04-17 01:21:38,546 - main - INFO - Included router: routers.stock_transfers.router
2026-04-17 01:21:38,604 - main - INFO - Included router: routers.storage.router
2026-04-17 01:21:38,674 - main - INFO - Included router: routers.suppliers.router
2026-04-17 01:21:38,690 - main - INFO - Included router: routers.user.router
2026-04-17 01:21:38,759 - main - INFO - Included router: routers.warehouses.router
2026-04-17 01:21:38,828 - main - INFO - Included router: routers.zones.router
2026-04-17 01:21:38,831 - main - INFO - === Application startup initiated ===
2026-04-17 01:21:38,831 - services.database - DEBUG - [DB_OP] Starting database initialization
2026-04-17 01:21:38,831 - services.database - INFO - 🔧 Starting database initialization...
2026-04-17 01:21:38,831 - core.database - INFO - Starting database initialization...
2026-04-17 01:21:38,831 - services.database - ERROR - Failed to initialize database: 'Settings' object has no attribute 'database_url'
