2026-04-16 09:07:46,363 - main - INFO - === Logging system initialized ===
2026-04-16 09:07:46,364 - main - INFO - Log file: logs/app_20260416_090746.log
2026-04-16 09:07:46,364 - main - INFO - Log level: INFO
2026-04-16 09:07:46,364 - main - INFO - Timestamp: 20260416_090746
2026-04-16 09:07:47,335 - main - INFO - Included router: routers.aihub.router
2026-04-16 09:07:47,353 - main - INFO - Included router: routers.auth.router
2026-04-16 09:07:47,400 - main - INFO - Included router: routers.bins.router
2026-04-16 09:07:47,447 - main - INFO - Included router: routers.bom_lines.router
2026-04-16 09:07:47,502 - main - INFO - Included router: routers.bom_recipes.router
2026-04-16 09:07:47,558 - main - INFO - Included router: routers.branches.router
2026-04-16 09:07:47,561 - main - INFO - Included router: routers.health.router
2026-04-16 09:07:47,613 - main - INFO - Included router: routers.inventory_lots.router
2026-04-16 09:07:47,666 - main - INFO - Included router: routers.products.router
2026-04-16 09:07:47,719 - main - INFO - Included router: routers.receiving_documents.router
2026-04-16 09:07:47,836 - main - INFO - Included router: routers.receiving_lines.router
2026-04-16 09:07:47,856 - main - INFO - Included router: routers.settings.router
2026-04-16 09:07:47,903 - main - INFO - Included router: routers.stock_movements.router
2026-04-16 09:07:47,957 - main - INFO - Included router: routers.stock_transfers.router
2026-04-16 09:07:47,995 - main - INFO - Included router: routers.storage.router
2026-04-16 09:07:48,040 - main - INFO - Included router: routers.suppliers.router
2026-04-16 09:07:48,049 - main - INFO - Included router: routers.user.router
2026-04-16 09:07:48,094 - main - INFO - Included router: routers.warehouses.router
2026-04-16 09:07:48,133 - main - INFO - Included router: routers.zones.router
2026-04-16 09:07:48,135 - main - INFO - === Application startup initiated ===
2026-04-16 09:07:48,135 - services.database - INFO - Ignore creating tables
2026-04-16 09:07:48,135 - services.mock_data - INFO - Ignore initialize data
2026-04-16 09:07:48,135 - services.auth - INFO - Ignore initialize admin
2026-04-16 09:07:48,135 - main - INFO - === Application startup completed successfully ===
2026-04-16 09:08:10,902 - services.database - DEBUG - [DB_OP] Starting database close
2026-04-16 09:08:10,902 - services.database - INFO - Database connections closed
2026-04-16 09:08:10,902 - services.database - DEBUG - [DB_OP] Database close completed in 0.0006s
