2026-04-17 01:14:04,466 - main - INFO - === Logging system initialized ===
2026-04-17 01:14:04,468 - main - INFO - Log file: logs/app_20260417_011404.log
2026-04-17 01:14:04,468 - main - INFO - Log level: INFO
2026-04-17 01:14:04,468 - main - INFO - Timestamp: 20260417_011404
2026-04-17 01:14:06,519 - main - INFO - Included router: routers.aihub.router
2026-04-17 01:14:06,554 - main - INFO - Included router: routers.auth.router
2026-04-17 01:14:06,608 - main - INFO - Included router: routers.bins.router
2026-04-17 01:14:06,686 - main - INFO - Included router: routers.bom_lines.router
2026-04-17 01:14:06,776 - main - INFO - Included router: routers.bom_recipes.router
2026-04-17 01:14:06,833 - main - INFO - Included router: routers.branches.router
2026-04-17 01:14:06,848 - main - INFO - Included router: routers.health.router
2026-04-17 01:14:07,019 - main - INFO - Included router: routers.inventory_lots.router
2026-04-17 01:14:07,094 - main - INFO - Included router: routers.products.router
2026-04-17 01:14:07,160 - main - INFO - Included router: routers.receiving_documents.router
2026-04-17 01:14:07,231 - main - INFO - Included router: routers.receiving_lines.router
2026-04-17 01:14:07,258 - main - INFO - Included router: routers.settings.router
2026-04-17 01:14:07,326 - main - INFO - Included router: routers.stock_movements.router
2026-04-17 01:14:07,404 - main - INFO - Included router: routers.stock_transfers.router
2026-04-17 01:14:07,453 - main - INFO - Included router: routers.storage.router
2026-04-17 01:14:07,506 - main - INFO - Included router: routers.suppliers.router
2026-04-17 01:14:07,526 - main - INFO - Included router: routers.user.router
2026-04-17 01:14:07,580 - main - INFO - Included router: routers.warehouses.router
2026-04-17 01:14:07,635 - main - INFO - Included router: routers.zones.router
2026-04-17 01:14:07,637 - main - INFO - === Application startup initiated ===
2026-04-17 01:14:07,638 - services.database - DEBUG - [DB_OP] Starting database initialization
2026-04-17 01:14:07,638 - services.database - INFO - 🔧 Starting database initialization...
2026-04-17 01:14:07,640 - core.database - INFO - Starting database initialization...
2026-04-17 01:14:07,641 - services.database - ERROR - Failed to initialize database: 'Settings' object has no attribute 'database_url'
