2026-04-15 03:36:22,014 - main - INFO - === Logging system initialized ===
2026-04-15 03:36:22,015 - main - INFO - Log file: logs/app_20260415_033622.log
2026-04-15 03:36:22,015 - main - INFO - Log level: INFO
2026-04-15 03:36:22,015 - main - INFO - Timestamp: 20260415_033622
2026-04-15 03:36:24,665 - main - INFO - Included router: routers.aihub.router
2026-04-15 03:36:24,686 - main - INFO - Included router: routers.auth.router
2026-04-15 03:36:24,732 - main - INFO - Included router: routers.bins.router
2026-04-15 03:36:24,735 - main - INFO - Included router: routers.health.router
2026-04-15 03:36:24,789 - main - INFO - Included router: routers.inventory_lots.router
2026-04-15 03:36:24,849 - main - INFO - Included router: routers.products.router
2026-04-15 03:36:24,899 - main - INFO - Included router: routers.receiving_documents.router
2026-04-15 03:36:24,953 - main - INFO - Included router: routers.receiving_lines.router
2026-04-15 03:36:24,975 - main - INFO - Included router: routers.settings.router
2026-04-15 03:36:25,024 - main - INFO - Included router: routers.stock_movements.router
2026-04-15 03:36:25,063 - main - INFO - Included router: routers.storage.router
2026-04-15 03:36:25,206 - main - INFO - Included router: routers.suppliers.router
2026-04-15 03:36:25,216 - main - INFO - Included router: routers.user.router
2026-04-15 03:36:25,263 - main - INFO - Included router: routers.warehouses.router
2026-04-15 03:36:25,308 - main - INFO - Included router: routers.zones.router
2026-04-15 03:36:25,310 - main - INFO - === Application startup initiated ===
2026-04-15 03:36:25,310 - services.database - INFO - Ignore creating tables
2026-04-15 03:36:25,310 - services.mock_data - INFO - Ignore initialize data
2026-04-15 03:36:25,310 - services.auth - INFO - Ignore initialize admin
2026-04-15 03:36:25,310 - main - INFO - === Application startup completed successfully ===
2026-04-15 03:40:01,729 - services.database - DEBUG - [DB_OP] Starting database close
2026-04-15 03:40:01,730 - services.database - INFO - Database connections closed
2026-04-15 03:40:01,731 - services.database - DEBUG - [DB_OP] Database close completed in 0.0013s
