2026-04-23 14:27:44,623 - main - INFO - === Logging system initialized ===
2026-04-23 14:27:44,623 - main - INFO - Log file: logs/app_20260423_142744.log
2026-04-23 14:27:44,623 - main - INFO - Log level: INFO
2026-04-23 14:27:44,623 - main - INFO - Timestamp: 20260423_142744
2026-04-23 14:27:44,935 - main - INFO - Included router: routers.aihub.router
2026-04-23 14:27:44,969 - main - INFO - Included router: routers.auth.router
2026-04-23 14:27:44,989 - main - INFO - Included router: routers.bins.router
2026-04-23 14:27:45,006 - main - INFO - Included router: routers.bom_lines.router
2026-04-23 14:27:45,025 - main - INFO - Included router: routers.bom_recipes.router
2026-04-23 14:27:45,041 - main - INFO - Included router: routers.branches.router
2026-04-23 14:27:45,042 - main - INFO - Included router: routers.health.router
2026-04-23 14:27:45,060 - main - INFO - Included router: routers.inventory_lots.router
2026-04-23 14:27:45,072 - main - INFO - Included router: routers.label_templates.router
2026-04-23 14:27:45,090 - main - INFO - Included router: routers.products.router
2026-04-23 14:27:45,099 - main - INFO - Included router: routers.rbac.router
2026-04-23 14:27:45,116 - main - INFO - Included router: routers.receiving_documents.router
2026-04-23 14:27:45,171 - main - INFO - Included router: routers.receiving_lines.router
2026-04-23 14:27:45,178 - main - INFO - Included router: routers.settings.router
2026-04-23 14:27:45,199 - main - INFO - Included router: routers.stock_movements.router
2026-04-23 14:27:45,221 - main - INFO - Included router: routers.stock_transfers.router
2026-04-23 14:27:45,255 - main - INFO - Included router: routers.storage.router
2026-04-23 14:27:45,277 - main - INFO - Included router: routers.suppliers.router
2026-04-23 14:27:45,290 - main - INFO - Included router: routers.uhf_readers.router
2026-04-23 14:27:45,302 - main - INFO - Included router: routers.uhf_tag_reads.router
2026-04-23 14:27:45,315 - main - INFO - Included router: routers.uhf_tags.router
2026-04-23 14:27:45,324 - main - INFO - Included router: routers.user.router
2026-04-23 14:27:45,340 - main - INFO - Included router: routers.warehouses.router
2026-04-23 14:27:45,355 - main - INFO - Included router: routers.zones.router
2026-04-23 14:27:45,356 - main - INFO - === Application startup initiated ===
2026-04-23 14:27:45,356 - services.database - DEBUG - [DB_OP] Starting database initialization
2026-04-23 14:27:45,356 - services.database - INFO - 🔧 Starting database initialization...
2026-04-23 14:27:45,356 - core.database - INFO - Starting database initialization...
2026-04-23 14:27:45,356 - core.config - DEBUG - Read dynamic attribute database_url from environment variable DATABASE_URL
2026-04-23 14:27:45,356 - core.database - INFO - Normalizing database URL for async compatibility...
2026-04-23 14:27:45,356 - core.database - WARNING - Adjusted database URL driver for async compatibility
2026-04-23 14:27:45,356 - core.database - INFO - Creating async database engine...
2026-04-23 14:27:45,356 - core.database - INFO - Using QueuePool with connection pooling for non-Lambda environment
2026-04-23 14:27:45,375 - core.database - INFO - Database engine created successfully
2026-04-23 14:27:45,375 - core.database - INFO - Creating async session maker...
2026-04-23 14:27:45,375 - core.database - INFO - Async session maker created successfully
2026-04-23 14:27:45,375 - core.database - INFO - Database connection initialized successfully
2026-04-23 14:27:45,375 - services.database - INFO - 🔧 Database connection initialized, now creating tables if tables not exist...
2026-04-23 14:27:45,375 - core.database - DEBUG - [DB_OP] Starting create_tables
2026-04-23 14:27:45,375 - core.database - INFO - 🔧 Starting table creation...
2026-04-23 14:27:45,399 - core.database - INFO - Tables initialized successfully
2026-04-23 14:27:45,399 - core.database - DEBUG - [DB_OP] Create tables completed in 0.0240s
2026-04-23 14:27:45,400 - services.database - INFO - 🔧 Table creation completed
2026-04-23 14:27:45,400 - services.database - INFO - Database initialized successfully
2026-04-23 14:27:45,400 - services.database - DEBUG - [DB_OP] Database initialization completed in 0.0440s
2026-04-23 14:27:45,410 - services.mock_data - INFO - Processing mock data file bins.json for table bins
2026-04-23 14:27:45,410 - services.mock_data - INFO - Processing mock data file bom_lines.json for table bom_lines
2026-04-23 14:27:45,410 - services.mock_data - INFO - Processing mock data file bom_recipes.json for table bom_recipes
2026-04-23 14:27:45,411 - services.mock_data - INFO - Processing mock data file branches.json for table branches
2026-04-23 14:27:45,411 - services.mock_data - INFO - Processing mock data file inventory_lots.json for table inventory_lots
2026-04-23 14:27:45,543 - services.mock_data - INFO - Table branches already has 4 rows; skipping mock insert
2026-04-23 14:27:45,543 - services.mock_data - INFO - Table inventory_lots already has 10 rows; skipping mock insert
2026-04-23 14:27:45,544 - services.mock_data - INFO - Table bom_recipes already has 6 rows; skipping mock insert
2026-04-23 14:27:45,544 - services.mock_data - INFO - Table bins already has 8 rows; skipping mock insert
2026-04-23 14:27:45,544 - services.mock_data - INFO - Processing mock data file products.json for table products
2026-04-23 14:27:45,544 - services.mock_data - INFO - Processing mock data file receiving_documents.json for table receiving_documents
2026-04-23 14:27:45,544 - services.mock_data - INFO - Processing mock data file receiving_lines.json for table receiving_lines
2026-04-23 14:27:45,544 - services.mock_data - INFO - Processing mock data file stock_movements.json for table stock_movements
2026-04-23 14:27:45,545 - services.mock_data - INFO - Table bom_lines already has 17 rows; skipping mock insert
2026-04-23 14:27:45,546 - services.mock_data - INFO - Processing mock data file stock_transfers.json for table stock_transfers
2026-04-23 14:27:45,557 - services.mock_data - INFO - Table products already has 8 rows; skipping mock insert
2026-04-23 14:27:45,557 - services.mock_data - INFO - Table receiving_documents already has 5 rows; skipping mock insert
2026-04-23 14:27:45,558 - services.mock_data - INFO - Table stock_movements already has 7 rows; skipping mock insert
2026-04-23 14:27:45,558 - services.mock_data - INFO - Processing mock data file suppliers.json for table suppliers
2026-04-23 14:27:45,558 - services.mock_data - INFO - Processing mock data file uhf_readers.json for table uhf_readers
2026-04-23 14:27:45,558 - services.mock_data - INFO - Processing mock data file uhf_tag_reads.json for table uhf_tag_reads
2026-04-23 14:27:45,559 - services.mock_data - INFO - Table receiving_lines already has 5 rows; skipping mock insert
2026-04-23 14:27:45,560 - services.mock_data - INFO - Processing mock data file uhf_tags.json for table uhf_tags
2026-04-23 14:27:45,561 - services.mock_data - INFO - Table stock_transfers already has 3 rows; skipping mock insert
2026-04-23 14:27:45,562 - services.mock_data - INFO - Processing mock data file warehouses.json for table warehouses
2026-04-23 14:27:45,571 - services.mock_data - INFO - Table suppliers already has 5 rows; skipping mock insert
2026-04-23 14:27:45,571 - services.mock_data - INFO - Table uhf_tag_reads already has 2 rows; skipping mock insert
2026-04-23 14:27:45,572 - services.mock_data - INFO - Table uhf_readers already has 2 rows; skipping mock insert
2026-04-23 14:27:45,572 - services.mock_data - INFO - Processing mock data file zones.json for table zones
2026-04-23 14:27:45,573 - services.mock_data - INFO - Table uhf_tags already has 5 rows; skipping mock insert
2026-04-23 14:27:45,574 - services.mock_data - INFO - Table warehouses already has 3 rows; skipping mock insert
2026-04-23 14:27:45,578 - services.mock_data - INFO - Table zones already has 5 rows; skipping mock insert
2026-04-23 14:27:45,579 - services.database - DEBUG - [DB_OP] Starting database initialization
2026-04-23 14:27:45,579 - services.database - INFO - 🔧 Starting database initialization...
2026-04-23 14:27:45,579 - core.database - INFO - Starting database initialization...
2026-04-23 14:27:45,579 - core.database - INFO - Database already initialized
2026-04-23 14:27:45,579 - services.database - INFO - 🔧 Database connection initialized, now creating tables if tables not exist...
2026-04-23 14:27:45,579 - core.database - DEBUG - [DB_OP] Starting create_tables
2026-04-23 14:27:45,579 - core.database - INFO - Tables already initialized
2026-04-23 14:27:45,579 - services.database - INFO - 🔧 Table creation completed
2026-04-23 14:27:45,579 - services.database - INFO - Database initialized successfully
2026-04-23 14:27:45,579 - services.database - DEBUG - [DB_OP] Database initialization completed in 0.0002s
2026-04-23 14:27:45,579 - core.config - DEBUG - Read dynamic attribute local_admin_email from environment variable LOCAL_ADMIN_EMAIL
2026-04-23 14:27:45,579 - core.config - DEBUG - Read dynamic attribute local_admin_username from environment variable LOCAL_ADMIN_USERNAME
2026-04-23 14:27:45,579 - core.config - DEBUG - Read dynamic attribute local_admin_password from environment variable LOCAL_ADMIN_PASSWORD
2026-04-23 14:27:45,581 - services.auth - DEBUG - Admin user local-admin already exists
2026-04-23 14:27:45,583 - main - INFO - === Application startup completed successfully ===
2026-04-23 14:28:42,523 - services.database - DEBUG - [DB_OP] Starting database close
2026-04-23 14:28:42,539 - core.database - INFO - Database connection closed and engine disposed
2026-04-23 14:28:42,539 - services.database - INFO - Database connections closed
2026-04-23 14:28:42,539 - services.database - DEBUG - [DB_OP] Database close completed in 0.0168s
