2026-04-17 01:26:13,295 - main - INFO - === Logging system initialized ===
2026-04-17 01:26:13,295 - main - INFO - Log file: logs/app_20260417_012613.log
2026-04-17 01:26:13,297 - main - INFO - Log level: INFO
2026-04-17 01:26:13,297 - main - INFO - Timestamp: 20260417_012613
2026-04-17 01:26:15,019 - main - INFO - Included router: routers.aihub.router
2026-04-17 01:26:15,050 - main - INFO - Included router: routers.auth.router
2026-04-17 01:26:15,101 - main - INFO - Included router: routers.bins.router
2026-04-17 01:26:15,175 - main - INFO - Included router: routers.bom_lines.router
2026-04-17 01:26:15,290 - main - INFO - Included router: routers.bom_recipes.router
2026-04-17 01:26:15,360 - main - INFO - Included router: routers.branches.router
2026-04-17 01:26:15,361 - main - INFO - Included router: routers.health.router
2026-04-17 01:26:15,536 - main - INFO - Included router: routers.inventory_lots.router
2026-04-17 01:26:15,608 - main - INFO - Included router: routers.products.router
2026-04-17 01:26:15,679 - main - INFO - Included router: routers.receiving_documents.router
2026-04-17 01:26:15,729 - main - INFO - Included router: routers.receiving_lines.router
2026-04-17 01:26:15,760 - main - INFO - Included router: routers.settings.router
2026-04-17 01:26:15,819 - main - INFO - Included router: routers.stock_movements.router
2026-04-17 01:26:15,894 - main - INFO - Included router: routers.stock_transfers.router
2026-04-17 01:26:15,939 - main - INFO - Included router: routers.storage.router
2026-04-17 01:26:16,004 - main - INFO - Included router: routers.suppliers.router
2026-04-17 01:26:16,017 - main - INFO - Included router: routers.user.router
2026-04-17 01:26:16,069 - main - INFO - Included router: routers.warehouses.router
2026-04-17 01:26:16,125 - main - INFO - Included router: routers.zones.router
2026-04-17 01:26:16,126 - main - INFO - === Application startup initiated ===
2026-04-17 01:26:16,126 - services.database - DEBUG - [DB_OP] Starting database initialization
2026-04-17 01:26:16,126 - services.database - INFO - 🔧 Starting database initialization...
2026-04-17 01:26:16,126 - core.database - INFO - Starting database initialization...
2026-04-17 01:26:16,126 - services.database - ERROR - Failed to initialize database: 'Settings' object has no attribute 'database_url'
