2026-06-23 14:42:38,906 - main - INFO - === Logging system initialized ===
2026-06-23 14:42:38,906 - main - INFO - Log file: logs/app_20260623_144238.log
2026-06-23 14:42:38,906 - main - INFO - Log level: INFO
2026-06-23 14:42:38,906 - main - INFO - Timestamp: 20260623_144238
2026-06-23 14:42:39,259 - main - INFO - Included router: routers.aihub.router
2026-06-23 14:42:39,271 - main - INFO - Included router: routers.auth.router
2026-06-23 14:42:39,284 - main - INFO - Included router: routers.bins.router
2026-06-23 14:42:39,297 - main - INFO - Included router: routers.bom_lines.router
2026-06-23 14:42:39,312 - main - INFO - Included router: routers.bom_recipes.router
2026-06-23 14:42:39,326 - main - INFO - Included router: routers.branches.router
2026-06-23 14:42:39,327 - main - INFO - Included router: routers.config.router
2026-06-23 14:42:39,327 - main - INFO - Included router: routers.health.router
2026-06-23 14:42:39,342 - main - INFO - Included router: routers.inventory_lots.router
2026-06-23 14:42:39,349 - main - INFO - Included router: routers.label_templates.router
2026-06-23 14:42:39,354 - main - INFO - Included router: routers.notifications.router
2026-06-23 14:42:39,363 - main - INFO - Included router: routers.payment_types.router
2026-06-23 14:42:39,377 - main - INFO - Included router: routers.products.router
2026-06-23 14:42:39,383 - main - INFO - Included router: routers.rbac.router
2026-06-23 14:42:39,426 - main - INFO - Included router: routers.receiving_documents.router
2026-06-23 14:42:39,440 - main - INFO - Included router: routers.receiving_lines.router
2026-06-23 14:42:39,446 - main - INFO - Included router: routers.settings.router
2026-06-23 14:42:39,461 - main - INFO - Included router: routers.stock_movements.router
2026-06-23 14:42:39,479 - main - INFO - Included router: routers.stock_transfers.router
2026-06-23 14:42:39,490 - main - INFO - Included router: routers.storage.router
2026-06-23 14:42:39,515 - main - INFO - Included router: routers.suppliers.router
2026-06-23 14:42:39,526 - main - INFO - Included router: routers.uhf_readers.router
2026-06-23 14:42:39,536 - main - INFO - Included router: routers.uhf_tag_reads.router
2026-06-23 14:42:39,546 - main - INFO - Included router: routers.uhf_tags.router
2026-06-23 14:42:39,555 - main - INFO - Included router: routers.units.router
2026-06-23 14:42:39,562 - main - INFO - Included router: routers.user.router
2026-06-23 14:42:39,576 - main - INFO - Included router: routers.warehouses.router
2026-06-23 14:42:39,590 - main - INFO - Included router: routers.zones.router
2026-06-23 14:42:39,591 - main - INFO - === Application startup initiated ===
2026-06-23 14:42:39,591 - services.database - DEBUG - [DB_OP] Starting database initialization
2026-06-23 14:42:39,591 - services.database - INFO - 🔧 Starting database initialization...
2026-06-23 14:42:39,591 - core.database - INFO - Starting database initialization...
2026-06-23 14:42:39,591 - core.config - DEBUG - Read dynamic attribute database_url from environment variable DATABASE_URL
2026-06-23 14:42:39,591 - core.database - INFO - Normalizing database URL for async compatibility...
2026-06-23 14:42:39,591 - core.database - WARNING - Adjusted database URL driver for async compatibility
2026-06-23 14:42:39,591 - core.database - INFO - Creating async database engine...
2026-06-23 14:42:39,591 - core.database - INFO - Using QueuePool with connection pooling for non-Lambda environment
2026-06-23 14:42:39,645 - core.database - INFO - Database engine created successfully
2026-06-23 14:42:39,645 - core.database - INFO - Creating async session maker...
2026-06-23 14:42:39,645 - core.database - INFO - Async session maker created successfully
2026-06-23 14:42:39,645 - core.database - INFO - Database connection initialized successfully
2026-06-23 14:42:39,645 - services.database - INFO - 🔧 Database connection initialized, now creating tables if tables not exist...
2026-06-23 14:42:39,645 - core.database - DEBUG - [DB_OP] Starting create_tables
2026-06-23 14:42:39,645 - core.database - INFO - 🔧 Starting table creation...
2026-06-23 14:42:39,694 - core.database - INFO - Tables initialized successfully
2026-06-23 14:42:39,694 - core.database - DEBUG - [DB_OP] Create tables completed in 0.0483s
2026-06-23 14:42:39,694 - services.database - INFO - 🔧 Table creation completed
2026-06-23 14:42:39,696 - services.database - INFO - User branch/warehouse scope columns are ready
2026-06-23 14:42:39,700 - services.database - INFO - Supplier detail schema is ready
2026-06-23 14:42:39,700 - services.database - INFO - Database initialized successfully
2026-06-23 14:42:39,700 - services.database - DEBUG - [DB_OP] Database initialization completed in 0.1095s
2026-06-23 14:42:39,711 - services.mock_data - INFO - Processing mock data file bins.json for table bins
2026-06-23 14:42:39,711 - services.mock_data - INFO - Processing mock data file bom_lines.json for table bom_lines
2026-06-23 14:42:39,711 - services.mock_data - INFO - Processing mock data file bom_recipes.json for table bom_recipes
2026-06-23 14:42:39,712 - services.mock_data - INFO - Processing mock data file branches.json for table branches
2026-06-23 14:42:39,712 - services.mock_data - INFO - Processing mock data file inventory_lots.json for table inventory_lots
2026-06-23 14:42:39,760 - services.mock_data - INFO - Table bom_recipes already has 6 rows; skipping mock insert
2026-06-23 14:42:39,760 - services.mock_data - INFO - Table branches already has 4 rows; skipping mock insert
2026-06-23 14:42:39,760 - services.mock_data - INFO - Table bom_lines already has 17 rows; skipping mock insert
2026-06-23 14:42:39,760 - services.mock_data - INFO - Table bins already has 8 rows; skipping mock insert
2026-06-23 14:42:39,760 - services.mock_data - INFO - Processing mock data file payment_types.json for table payment_types
2026-06-23 14:42:39,761 - services.mock_data - INFO - Processing mock data file products.json for table products
2026-06-23 14:42:39,761 - services.mock_data - INFO - Processing mock data file receiving_documents.json for table receiving_documents
2026-06-23 14:42:39,761 - services.mock_data - INFO - Processing mock data file receiving_lines.json for table receiving_lines
2026-06-23 14:42:39,762 - services.mock_data - INFO - Table inventory_lots already has 10 rows; skipping mock insert
2026-06-23 14:42:39,762 - services.mock_data - INFO - Processing mock data file stock_movements.json for table stock_movements
2026-06-23 14:42:39,773 - services.mock_data - INFO - Table receiving_lines already has 5 rows; skipping mock insert
2026-06-23 14:42:39,774 - services.mock_data - INFO - Processing mock data file stock_transfers.json for table stock_transfers
2026-06-23 14:42:39,775 - services.mock_data - INFO - Table products already has 8 rows; skipping mock insert
2026-06-23 14:42:39,775 - services.mock_data - INFO - Table receiving_documents already has 5 rows; skipping mock insert
2026-06-23 14:42:39,775 - services.mock_data - INFO - Inserted 7 mock records into payment_types
2026-06-23 14:42:39,775 - services.mock_data - INFO - Processing mock data file supplier_products.json for table supplier_products
2026-06-23 14:42:39,775 - services.mock_data - INFO - Processing mock data file suppliers.json for table suppliers
2026-06-23 14:42:39,775 - services.mock_data - INFO - Processing mock data file uhf_readers.json for table uhf_readers
2026-06-23 14:42:39,775 - services.mock_data - INFO - Table stock_movements already has 7 rows; skipping mock insert
2026-06-23 14:42:39,776 - services.mock_data - INFO - Processing mock data file uhf_tag_reads.json for table uhf_tag_reads
2026-06-23 14:42:39,783 - services.mock_data - INFO - Table stock_transfers already has 3 rows; skipping mock insert
2026-06-23 14:42:39,783 - services.mock_data - INFO - Table suppliers already has 5 rows; skipping mock insert
2026-06-23 14:42:39,783 - services.mock_data - INFO - Table supplier_products already has 7 rows; skipping mock insert
2026-06-23 14:42:39,783 - services.mock_data - INFO - Processing mock data file uhf_tags.json for table uhf_tags
2026-06-23 14:42:39,783 - services.mock_data - INFO - Table uhf_readers already has 2 rows; skipping mock insert
2026-06-23 14:42:39,784 - services.mock_data - INFO - Processing mock data file units.json for table units
2026-06-23 14:42:39,784 - services.mock_data - INFO - Processing mock data file warehouses.json for table warehouses
2026-06-23 14:42:39,784 - services.mock_data - INFO - Processing mock data file zones.json for table zones
2026-06-23 14:42:39,785 - services.mock_data - INFO - Table uhf_tag_reads already has 2 rows; skipping mock insert
2026-06-23 14:42:39,791 - services.mock_data - INFO - Table uhf_tags already has 5 rows; skipping mock insert
2026-06-23 14:42:39,792 - services.mock_data - INFO - Table zones already has 5 rows; skipping mock insert
2026-06-23 14:42:39,792 - services.mock_data - INFO - Table warehouses already has 3 rows; skipping mock insert
2026-06-23 14:42:39,792 - services.mock_data - INFO - Table units already has 12 rows; skipping mock insert
2026-06-23 14:42:39,792 - services.database - DEBUG - [DB_OP] Starting database initialization
2026-06-23 14:42:39,792 - services.database - INFO - 🔧 Starting database initialization...
2026-06-23 14:42:39,792 - core.database - INFO - Starting database initialization...
2026-06-23 14:42:39,792 - core.database - INFO - Database already initialized
2026-06-23 14:42:39,792 - services.database - INFO - 🔧 Database connection initialized, now creating tables if tables not exist...
2026-06-23 14:42:39,792 - core.database - DEBUG - [DB_OP] Starting create_tables
2026-06-23 14:42:39,793 - core.database - INFO - Tables already initialized
2026-06-23 14:42:39,793 - services.database - INFO - 🔧 Table creation completed
2026-06-23 14:42:39,794 - services.database - INFO - User branch/warehouse scope columns are ready
2026-06-23 14:42:39,796 - services.database - INFO - Supplier detail schema is ready
2026-06-23 14:42:39,796 - services.database - INFO - Database initialized successfully
2026-06-23 14:42:39,796 - services.database - DEBUG - [DB_OP] Database initialization completed in 0.0036s
2026-06-23 14:42:39,796 - core.config - DEBUG - Read dynamic attribute local_admin_email from environment variable LOCAL_ADMIN_EMAIL
2026-06-23 14:42:39,796 - core.config - DEBUG - Read dynamic attribute local_admin_username from environment variable LOCAL_ADMIN_USERNAME
2026-06-23 14:42:39,796 - core.config - DEBUG - Read dynamic attribute local_admin_password from environment variable LOCAL_ADMIN_PASSWORD
2026-06-23 14:42:39,797 - services.auth - DEBUG - Admin user local-admin already exists
2026-06-23 14:42:39,799 - main - INFO - === Application startup completed successfully ===
2026-06-23 14:43:03,688 - core.database - DEBUG - [DB_OP] Starting get_db session creation
2026-06-23 14:43:03,689 - core.database - DEBUG - [DB_OP] Database session created successfully in 0.0005s
2026-06-23 14:43:03,689 - core.config - DEBUG - Read dynamic attribute jwt_secret_key from environment variable JWT_SECRET_KEY
2026-06-23 14:43:03,689 - core.config - DEBUG - Read dynamic attribute jwt_algorithm from environment variable JWT_ALGORITHM
2026-06-23 14:43:03,689 - core.config - DEBUG - Read dynamic attribute jwt_expire_minutes from environment variable JWT_EXPIRE_MINUTES
2026-06-23 14:43:03,700 - core.auth - INFO - Authentication token has expired
2026-06-23 14:43:03,700 - dependencies.auth - WARNING - Token validation failed: AccessTokenError
2026-06-23 14:43:03,700 - core.database - ERROR - Database session error: 401: Token has expired
Traceback (most recent call last):
  File "/Users/oktavianus/wms/backend/core/auth.py", line 192, in decode_access_token
    payload = jwt.decode(token, jwt_settings["jwt_secret_key"], algorithms=[jwt_settings["jwt_algorithm"]])
              ^^^^^^^^^^^^^^^^^^^^^^^^^^^^^^^^^^^^^^^^^^^^^^^^^^^^^^^^^^^^^^^^^^^^^^^^^^^^^^^^^^^^^^^^^^^^^
  File "/Users/oktavianus/wms/backend/.venv311/lib/python3.11/site-packages/jose/jwt.py", line 174, in decode
    _validate_claims(
  File "/Users/oktavianus/wms/backend/.venv311/lib/python3.11/site-packages/jose/jwt.py", line 497, in _validate_claims
    _validate_exp(claims, leeway=leeway)
  File "/Users/oktavianus/wms/backend/.venv311/lib/python3.11/site-packages/jose/jwt.py", line 331, in _validate_exp
    raise ExpiredSignatureError("Signature has expired.")
jose.exceptions.ExpiredSignatureError: Signature has expired.

The above exception was the direct cause of the following exception:

Traceback (most recent call last):
  File "/Users/oktavianus/wms/backend/dependencies/auth.py", line 31, in get_current_user
    payload = decode_access_token(token)
              ^^^^^^^^^^^^^^^^^^^^^^^^^^
  File "/Users/oktavianus/wms/backend/core/auth.py", line 200, in decode_access_token
    raise AccessTokenError("Token has expired") from exc
core.auth.AccessTokenError: Token has expired

During handling of the above exception, another exception occurred:

Traceback (most recent call last):
  File "/Users/oktavianus/wms/backend/core/database.py", line 553, in get_db
    yield session
  File "/Users/oktavianus/wms/backend/.venv311/lib/python3.11/site-packages/fastapi/routing.py", line 120, in app
    response = await f(request)
               ^^^^^^^^^^^^^^^^
  File "/Users/oktavianus/wms/backend/.venv311/lib/python3.11/site-packages/fastapi/routing.py", line 457, in app
    solved_result = await solve_dependencies(
                    ^^^^^^^^^^^^^^^^^^^^^^^^^
  File "/Users/oktavianus/wms/backend/.venv311/lib/python3.11/site-packages/fastapi/dependencies/utils.py", line 678, in solve_dependencies
    solved = await call(**solved_result.values)
             ^^^^^^^^^^^^^^^^^^^^^^^^^^^^^^^^^^
  File "/Users/oktavianus/wms/backend/dependencies/auth.py", line 35, in get_current_user
    raise HTTPException(status_code=status.HTTP_401_UNAUTHORIZED, detail=exc.message)
fastapi.exceptions.HTTPException: 401: Token has expired
2026-06-23 14:43:03,704 - core.database - DEBUG - [DB_OP] Database session cleanup after 0.0161s
2026-06-23 14:43:03,705 - core.database - ERROR - Failed to create database session: 401: Token has expired
Traceback (most recent call last):
  File "/Users/oktavianus/wms/backend/core/auth.py", line 192, in decode_access_token
    payload = jwt.decode(token, jwt_settings["jwt_secret_key"], algorithms=[jwt_settings["jwt_algorithm"]])
              ^^^^^^^^^^^^^^^^^^^^^^^^^^^^^^^^^^^^^^^^^^^^^^^^^^^^^^^^^^^^^^^^^^^^^^^^^^^^^^^^^^^^^^^^^^^^^
  File "/Users/oktavianus/wms/backend/.venv311/lib/python3.11/site-packages/jose/jwt.py", line 174, in decode
    _validate_claims(
  File "/Users/oktavianus/wms/backend/.venv311/lib/python3.11/site-packages/jose/jwt.py", line 497, in _validate_claims
    _validate_exp(claims, leeway=leeway)
  File "/Users/oktavianus/wms/backend/.venv311/lib/python3.11/site-packages/jose/jwt.py", line 331, in _validate_exp
    raise ExpiredSignatureError("Signature has expired.")
jose.exceptions.ExpiredSignatureError: Signature has expired.

The above exception was the direct cause of the following exception:

Traceback (most recent call last):
  File "/Users/oktavianus/wms/backend/dependencies/auth.py", line 31, in get_current_user
    payload = decode_access_token(token)
              ^^^^^^^^^^^^^^^^^^^^^^^^^^
  File "/Users/oktavianus/wms/backend/core/auth.py", line 200, in decode_access_token
    raise AccessTokenError("Token has expired") from exc
core.auth.AccessTokenError: Token has expired

During handling of the above exception, another exception occurred:

Traceback (most recent call last):
  File "/Users/oktavianus/wms/backend/core/database.py", line 553, in get_db
    yield session
  File "/Users/oktavianus/wms/backend/.venv311/lib/python3.11/site-packages/fastapi/routing.py", line 120, in app
    response = await f(request)
               ^^^^^^^^^^^^^^^^
  File "/Users/oktavianus/wms/backend/.venv311/lib/python3.11/site-packages/fastapi/routing.py", line 457, in app
    solved_result = await solve_dependencies(
                    ^^^^^^^^^^^^^^^^^^^^^^^^^
  File "/Users/oktavianus/wms/backend/.venv311/lib/python3.11/site-packages/fastapi/dependencies/utils.py", line 678, in solve_dependencies
    solved = await call(**solved_result.values)
             ^^^^^^^^^^^^^^^^^^^^^^^^^^^^^^^^^^
  File "/Users/oktavianus/wms/backend/dependencies/auth.py", line 35, in get_current_user
    raise HTTPException(status_code=status.HTTP_401_UNAUTHORIZED, detail=exc.message)
fastapi.exceptions.HTTPException: 401: Token has expired
2026-06-23 14:43:03,709 - core.database - DEBUG - [DB_OP] Starting get_db session creation
2026-06-23 14:43:03,709 - core.database - DEBUG - [DB_OP] Database session created successfully in 0.0001s
2026-06-23 14:43:03,709 - core.auth - INFO - Authentication token has expired
2026-06-23 14:43:03,709 - dependencies.auth - WARNING - Token validation failed: AccessTokenError
2026-06-23 14:43:03,710 - core.database - ERROR - Database session error: 401: Token has expired
Traceback (most recent call last):
  File "/Users/oktavianus/wms/backend/core/auth.py", line 192, in decode_access_token
    payload = jwt.decode(token, jwt_settings["jwt_secret_key"], algorithms=[jwt_settings["jwt_algorithm"]])
              ^^^^^^^^^^^^^^^^^^^^^^^^^^^^^^^^^^^^^^^^^^^^^^^^^^^^^^^^^^^^^^^^^^^^^^^^^^^^^^^^^^^^^^^^^^^^^
  File "/Users/oktavianus/wms/backend/.venv311/lib/python3.11/site-packages/jose/jwt.py", line 174, in decode
    _validate_claims(
  File "/Users/oktavianus/wms/backend/.venv311/lib/python3.11/site-packages/jose/jwt.py", line 497, in _validate_claims
    _validate_exp(claims, leeway=leeway)
  File "/Users/oktavianus/wms/backend/.venv311/lib/python3.11/site-packages/jose/jwt.py", line 331, in _validate_exp
    raise ExpiredSignatureError("Signature has expired.")
jose.exceptions.ExpiredSignatureError: Signature has expired.

The above exception was the direct cause of the following exception:

Traceback (most recent call last):
  File "/Users/oktavianus/wms/backend/dependencies/auth.py", line 31, in get_current_user
    payload = decode_access_token(token)
              ^^^^^^^^^^^^^^^^^^^^^^^^^^
  File "/Users/oktavianus/wms/backend/core/auth.py", line 200, in decode_access_token
    raise AccessTokenError("Token has expired") from exc
core.auth.AccessTokenError: Token has expired

During handling of the above exception, another exception occurred:

Traceback (most recent call last):
  File "/Users/oktavianus/wms/backend/core/database.py", line 553, in get_db
    yield session
  File "/Users/oktavianus/wms/backend/.venv311/lib/python3.11/site-packages/fastapi/routing.py", line 120, in app
    response = await f(request)
               ^^^^^^^^^^^^^^^^
  File "/Users/oktavianus/wms/backend/.venv311/lib/python3.11/site-packages/fastapi/routing.py", line 457, in app
    solved_result = await solve_dependencies(
                    ^^^^^^^^^^^^^^^^^^^^^^^^^
  File "/Users/oktavianus/wms/backend/.venv311/lib/python3.11/site-packages/fastapi/dependencies/utils.py", line 678, in solve_dependencies
    solved = await call(**solved_result.values)
             ^^^^^^^^^^^^^^^^^^^^^^^^^^^^^^^^^^
  File "/Users/oktavianus/wms/backend/dependencies/auth.py", line 35, in get_current_user
    raise HTTPException(status_code=status.HTTP_401_UNAUTHORIZED, detail=exc.message)
fastapi.exceptions.HTTPException: 401: Token has expired
2026-06-23 14:43:03,710 - core.database - DEBUG - [DB_OP] Database session cleanup after 0.0010s
2026-06-23 14:43:03,710 - core.database - ERROR - Failed to create database session: 401: Token has expired
Traceback (most recent call last):
  File "/Users/oktavianus/wms/backend/core/auth.py", line 192, in decode_access_token
    payload = jwt.decode(token, jwt_settings["jwt_secret_key"], algorithms=[jwt_settings["jwt_algorithm"]])
              ^^^^^^^^^^^^^^^^^^^^^^^^^^^^^^^^^^^^^^^^^^^^^^^^^^^^^^^^^^^^^^^^^^^^^^^^^^^^^^^^^^^^^^^^^^^^^
  File "/Users/oktavianus/wms/backend/.venv311/lib/python3.11/site-packages/jose/jwt.py", line 174, in decode
    _validate_claims(
  File "/Users/oktavianus/wms/backend/.venv311/lib/python3.11/site-packages/jose/jwt.py", line 497, in _validate_claims
    _validate_exp(claims, leeway=leeway)
  File "/Users/oktavianus/wms/backend/.venv311/lib/python3.11/site-packages/jose/jwt.py", line 331, in _validate_exp
    raise ExpiredSignatureError("Signature has expired.")
jose.exceptions.ExpiredSignatureError: Signature has expired.

The above exception was the direct cause of the following exception:

Traceback (most recent call last):
  File "/Users/oktavianus/wms/backend/dependencies/auth.py", line 31, in get_current_user
    payload = decode_access_token(token)
              ^^^^^^^^^^^^^^^^^^^^^^^^^^
  File "/Users/oktavianus/wms/backend/core/auth.py", line 200, in decode_access_token
    raise AccessTokenError("Token has expired") from exc
core.auth.AccessTokenError: Token has expired

During handling of the above exception, another exception occurred:

Traceback (most recent call last):
  File "/Users/oktavianus/wms/backend/core/database.py", line 553, in get_db
    yield session
  File "/Users/oktavianus/wms/backend/.venv311/lib/python3.11/site-packages/fastapi/routing.py", line 120, in app
    response = await f(request)
               ^^^^^^^^^^^^^^^^
  File "/Users/oktavianus/wms/backend/.venv311/lib/python3.11/site-packages/fastapi/routing.py", line 457, in app
    solved_result = await solve_dependencies(
                    ^^^^^^^^^^^^^^^^^^^^^^^^^
  File "/Users/oktavianus/wms/backend/.venv311/lib/python3.11/site-packages/fastapi/dependencies/utils.py", line 678, in solve_dependencies
    solved = await call(**solved_result.values)
             ^^^^^^^^^^^^^^^^^^^^^^^^^^^^^^^^^^
  File "/Users/oktavianus/wms/backend/dependencies/auth.py", line 35, in get_current_user
    raise HTTPException(status_code=status.HTTP_401_UNAUTHORIZED, detail=exc.message)
fastapi.exceptions.HTTPException: 401: Token has expired
2026-06-23 14:44:04,696 - core.database - DEBUG - [DB_OP] Starting get_db session creation
2026-06-23 14:44:04,699 - core.database - DEBUG - [DB_OP] Database session created successfully in 0.0027s
2026-06-23 14:44:04,701 - core.auth - INFO - Authentication token has expired
2026-06-23 14:44:04,701 - dependencies.auth - WARNING - Token validation failed: AccessTokenError
2026-06-23 14:44:04,701 - core.database - ERROR - Database session error: 401: Token has expired
Traceback (most recent call last):
  File "/Users/oktavianus/wms/backend/core/auth.py", line 192, in decode_access_token
    payload = jwt.decode(token, jwt_settings["jwt_secret_key"], algorithms=[jwt_settings["jwt_algorithm"]])
              ^^^^^^^^^^^^^^^^^^^^^^^^^^^^^^^^^^^^^^^^^^^^^^^^^^^^^^^^^^^^^^^^^^^^^^^^^^^^^^^^^^^^^^^^^^^^^
  File "/Users/oktavianus/wms/backend/.venv311/lib/python3.11/site-packages/jose/jwt.py", line 174, in decode
    _validate_claims(
  File "/Users/oktavianus/wms/backend/.venv311/lib/python3.11/site-packages/jose/jwt.py", line 497, in _validate_claims
    _validate_exp(claims, leeway=leeway)
  File "/Users/oktavianus/wms/backend/.venv311/lib/python3.11/site-packages/jose/jwt.py", line 331, in _validate_exp
    raise ExpiredSignatureError("Signature has expired.")
jose.exceptions.ExpiredSignatureError: Signature has expired.

The above exception was the direct cause of the following exception:

Traceback (most recent call last):
  File "/Users/oktavianus/wms/backend/dependencies/auth.py", line 31, in get_current_user
    payload = decode_access_token(token)
              ^^^^^^^^^^^^^^^^^^^^^^^^^^
  File "/Users/oktavianus/wms/backend/core/auth.py", line 200, in decode_access_token
    raise AccessTokenError("Token has expired") from exc
core.auth.AccessTokenError: Token has expired

During handling of the above exception, another exception occurred:

Traceback (most recent call last):
  File "/Users/oktavianus/wms/backend/core/database.py", line 553, in get_db
    yield session
  File "/Users/oktavianus/wms/backend/.venv311/lib/python3.11/site-packages/fastapi/routing.py", line 120, in app
    response = await f(request)
               ^^^^^^^^^^^^^^^^
  File "/Users/oktavianus/wms/backend/.venv311/lib/python3.11/site-packages/fastapi/routing.py", line 457, in app
    solved_result = await solve_dependencies(
                    ^^^^^^^^^^^^^^^^^^^^^^^^^
  File "/Users/oktavianus/wms/backend/.venv311/lib/python3.11/site-packages/fastapi/dependencies/utils.py", line 678, in solve_dependencies
    solved = await call(**solved_result.values)
             ^^^^^^^^^^^^^^^^^^^^^^^^^^^^^^^^^^
  File "/Users/oktavianus/wms/backend/dependencies/auth.py", line 35, in get_current_user
    raise HTTPException(status_code=status.HTTP_401_UNAUTHORIZED, detail=exc.message)
fastapi.exceptions.HTTPException: 401: Token has expired
2026-06-23 14:44:04,704 - core.database - DEBUG - [DB_OP] Database session cleanup after 0.0079s
2026-06-23 14:44:04,705 - core.database - DEBUG - [DB_OP] Starting get_db session creation
2026-06-23 14:44:04,706 - core.database - DEBUG - [DB_OP] Database session created successfully in 0.0003s
2026-06-23 14:44:04,707 - core.auth - INFO - Authentication token has expired
2026-06-23 14:44:04,707 - dependencies.auth - WARNING - Token validation failed: AccessTokenError
2026-06-23 14:44:04,707 - core.database - ERROR - Database session error: 401: Token has expired
Traceback (most recent call last):
  File "/Users/oktavianus/wms/backend/core/auth.py", line 192, in decode_access_token
    payload = jwt.decode(token, jwt_settings["jwt_secret_key"], algorithms=[jwt_settings["jwt_algorithm"]])
              ^^^^^^^^^^^^^^^^^^^^^^^^^^^^^^^^^^^^^^^^^^^^^^^^^^^^^^^^^^^^^^^^^^^^^^^^^^^^^^^^^^^^^^^^^^^^^
  File "/Users/oktavianus/wms/backend/.venv311/lib/python3.11/site-packages/jose/jwt.py", line 174, in decode
    _validate_claims(
  File "/Users/oktavianus/wms/backend/.venv311/lib/python3.11/site-packages/jose/jwt.py", line 497, in _validate_claims
    _validate_exp(claims, leeway=leeway)
  File "/Users/oktavianus/wms/backend/.venv311/lib/python3.11/site-packages/jose/jwt.py", line 331, in _validate_exp
    raise ExpiredSignatureError("Signature has expired.")
jose.exceptions.ExpiredSignatureError: Signature has expired.

The above exception was the direct cause of the following exception:

Traceback (most recent call last):
  File "/Users/oktavianus/wms/backend/dependencies/auth.py", line 31, in get_current_user
    payload = decode_access_token(token)
              ^^^^^^^^^^^^^^^^^^^^^^^^^^
  File "/Users/oktavianus/wms/backend/core/auth.py", line 200, in decode_access_token
    raise AccessTokenError("Token has expired") from exc
core.auth.AccessTokenError: Token has expired

During handling of the above exception, another exception occurred:

Traceback (most recent call last):
  File "/Users/oktavianus/wms/backend/core/database.py", line 553, in get_db
    yield session
  File "/Users/oktavianus/wms/backend/.venv311/lib/python3.11/site-packages/fastapi/routing.py", line 120, in app
    response = await f(request)
               ^^^^^^^^^^^^^^^^
  File "/Users/oktavianus/wms/backend/.venv311/lib/python3.11/site-packages/fastapi/routing.py", line 457, in app
    solved_result = await solve_dependencies(
                    ^^^^^^^^^^^^^^^^^^^^^^^^^
  File "/Users/oktavianus/wms/backend/.venv311/lib/python3.11/site-packages/fastapi/dependencies/utils.py", line 678, in solve_dependencies
    solved = await call(**solved_result.values)
             ^^^^^^^^^^^^^^^^^^^^^^^^^^^^^^^^^^
  File "/Users/oktavianus/wms/backend/dependencies/auth.py", line 35, in get_current_user
    raise HTTPException(status_code=status.HTTP_401_UNAUTHORIZED, detail=exc.message)
fastapi.exceptions.HTTPException: 401: Token has expired
2026-06-23 14:44:04,708 - core.database - DEBUG - [DB_OP] Database session cleanup after 0.0026s
2026-06-23 14:44:04,708 - core.database - ERROR - Failed to create database session: 401: Token has expired
Traceback (most recent call last):
  File "/Users/oktavianus/wms/backend/core/auth.py", line 192, in decode_access_token
    payload = jwt.decode(token, jwt_settings["jwt_secret_key"], algorithms=[jwt_settings["jwt_algorithm"]])
              ^^^^^^^^^^^^^^^^^^^^^^^^^^^^^^^^^^^^^^^^^^^^^^^^^^^^^^^^^^^^^^^^^^^^^^^^^^^^^^^^^^^^^^^^^^^^^
  File "/Users/oktavianus/wms/backend/.venv311/lib/python3.11/site-packages/jose/jwt.py", line 174, in decode
    _validate_claims(
  File "/Users/oktavianus/wms/backend/.venv311/lib/python3.11/site-packages/jose/jwt.py", line 497, in _validate_claims
    _validate_exp(claims, leeway=leeway)
  File "/Users/oktavianus/wms/backend/.venv311/lib/python3.11/site-packages/jose/jwt.py", line 331, in _validate_exp
    raise ExpiredSignatureError("Signature has expired.")
jose.exceptions.ExpiredSignatureError: Signature has expired.

The above exception was the direct cause of the following exception:

Traceback (most recent call last):
  File "/Users/oktavianus/wms/backend/dependencies/auth.py", line 31, in get_current_user
    payload = decode_access_token(token)
              ^^^^^^^^^^^^^^^^^^^^^^^^^^
  File "/Users/oktavianus/wms/backend/core/auth.py", line 200, in decode_access_token
    raise AccessTokenError("Token has expired") from exc
core.auth.AccessTokenError: Token has expired

During handling of the above exception, another exception occurred:

Traceback (most recent call last):
  File "/Users/oktavianus/wms/backend/core/database.py", line 553, in get_db
    yield session
  File "/Users/oktavianus/wms/backend/.venv311/lib/python3.11/site-packages/fastapi/routing.py", line 120, in app
    response = await f(request)
               ^^^^^^^^^^^^^^^^
  File "/Users/oktavianus/wms/backend/.venv311/lib/python3.11/site-packages/fastapi/routing.py", line 457, in app
    solved_result = await solve_dependencies(
                    ^^^^^^^^^^^^^^^^^^^^^^^^^
  File "/Users/oktavianus/wms/backend/.venv311/lib/python3.11/site-packages/fastapi/dependencies/utils.py", line 678, in solve_dependencies
    solved = await call(**solved_result.values)
             ^^^^^^^^^^^^^^^^^^^^^^^^^^^^^^^^^^
  File "/Users/oktavianus/wms/backend/dependencies/auth.py", line 35, in get_current_user
    raise HTTPException(status_code=status.HTTP_401_UNAUTHORIZED, detail=exc.message)
fastapi.exceptions.HTTPException: 401: Token has expired
2026-06-23 14:44:04,710 - core.database - ERROR - Failed to create database session: 401: Token has expired
Traceback (most recent call last):
  File "/Users/oktavianus/wms/backend/core/auth.py", line 192, in decode_access_token
    payload = jwt.decode(token, jwt_settings["jwt_secret_key"], algorithms=[jwt_settings["jwt_algorithm"]])
              ^^^^^^^^^^^^^^^^^^^^^^^^^^^^^^^^^^^^^^^^^^^^^^^^^^^^^^^^^^^^^^^^^^^^^^^^^^^^^^^^^^^^^^^^^^^^^
  File "/Users/oktavianus/wms/backend/.venv311/lib/python3.11/site-packages/jose/jwt.py", line 174, in decode
    _validate_claims(
  File "/Users/oktavianus/wms/backend/.venv311/lib/python3.11/site-packages/jose/jwt.py", line 497, in _validate_claims
    _validate_exp(claims, leeway=leeway)
  File "/Users/oktavianus/wms/backend/.venv311/lib/python3.11/site-packages/jose/jwt.py", line 331, in _validate_exp
    raise ExpiredSignatureError("Signature has expired.")
jose.exceptions.ExpiredSignatureError: Signature has expired.

The above exception was the direct cause of the following exception:

Traceback (most recent call last):
  File "/Users/oktavianus/wms/backend/dependencies/auth.py", line 31, in get_current_user
    payload = decode_access_token(token)
              ^^^^^^^^^^^^^^^^^^^^^^^^^^
  File "/Users/oktavianus/wms/backend/core/auth.py", line 200, in decode_access_token
    raise AccessTokenError("Token has expired") from exc
core.auth.AccessTokenError: Token has expired

During handling of the above exception, another exception occurred:

Traceback (most recent call last):
  File "/Users/oktavianus/wms/backend/core/database.py", line 553, in get_db
    yield session
  File "/Users/oktavianus/wms/backend/.venv311/lib/python3.11/site-packages/fastapi/routing.py", line 120, in app
    response = await f(request)
               ^^^^^^^^^^^^^^^^
  File "/Users/oktavianus/wms/backend/.venv311/lib/python3.11/site-packages/fastapi/routing.py", line 457, in app
    solved_result = await solve_dependencies(
                    ^^^^^^^^^^^^^^^^^^^^^^^^^
  File "/Users/oktavianus/wms/backend/.venv311/lib/python3.11/site-packages/fastapi/dependencies/utils.py", line 678, in solve_dependencies
    solved = await call(**solved_result.values)
             ^^^^^^^^^^^^^^^^^^^^^^^^^^^^^^^^^^
  File "/Users/oktavianus/wms/backend/dependencies/auth.py", line 35, in get_current_user
    raise HTTPException(status_code=status.HTTP_401_UNAUTHORIZED, detail=exc.message)
fastapi.exceptions.HTTPException: 401: Token has expired
2026-06-23 14:45:05,685 - core.database - DEBUG - [DB_OP] Starting get_db session creation
2026-06-23 14:45:05,685 - core.database - DEBUG - [DB_OP] Database session created successfully in 0.0003s
2026-06-23 14:45:05,685 - core.auth - INFO - Authentication token has expired
2026-06-23 14:45:05,686 - dependencies.auth - WARNING - Token validation failed: AccessTokenError
2026-06-23 14:45:05,686 - core.database - ERROR - Database session error: 401: Token has expired
Traceback (most recent call last):
  File "/Users/oktavianus/wms/backend/core/auth.py", line 192, in decode_access_token
    payload = jwt.decode(token, jwt_settings["jwt_secret_key"], algorithms=[jwt_settings["jwt_algorithm"]])
              ^^^^^^^^^^^^^^^^^^^^^^^^^^^^^^^^^^^^^^^^^^^^^^^^^^^^^^^^^^^^^^^^^^^^^^^^^^^^^^^^^^^^^^^^^^^^^
  File "/Users/oktavianus/wms/backend/.venv311/lib/python3.11/site-packages/jose/jwt.py", line 174, in decode
    _validate_claims(
  File "/Users/oktavianus/wms/backend/.venv311/lib/python3.11/site-packages/jose/jwt.py", line 497, in _validate_claims
    _validate_exp(claims, leeway=leeway)
  File "/Users/oktavianus/wms/backend/.venv311/lib/python3.11/site-packages/jose/jwt.py", line 331, in _validate_exp
    raise ExpiredSignatureError("Signature has expired.")
jose.exceptions.ExpiredSignatureError: Signature has expired.

The above exception was the direct cause of the following exception:

Traceback (most recent call last):
  File "/Users/oktavianus/wms/backend/dependencies/auth.py", line 31, in get_current_user
    payload = decode_access_token(token)
              ^^^^^^^^^^^^^^^^^^^^^^^^^^
  File "/Users/oktavianus/wms/backend/core/auth.py", line 200, in decode_access_token
    raise AccessTokenError("Token has expired") from exc
core.auth.AccessTokenError: Token has expired

During handling of the above exception, another exception occurred:

Traceback (most recent call last):
  File "/Users/oktavianus/wms/backend/core/database.py", line 553, in get_db
    yield session
  File "/Users/oktavianus/wms/backend/.venv311/lib/python3.11/site-packages/fastapi/routing.py", line 120, in app
    response = await f(request)
               ^^^^^^^^^^^^^^^^
  File "/Users/oktavianus/wms/backend/.venv311/lib/python3.11/site-packages/fastapi/routing.py", line 457, in app
    solved_result = await solve_dependencies(
                    ^^^^^^^^^^^^^^^^^^^^^^^^^
  File "/Users/oktavianus/wms/backend/.venv311/lib/python3.11/site-packages/fastapi/dependencies/utils.py", line 678, in solve_dependencies
    solved = await call(**solved_result.values)
             ^^^^^^^^^^^^^^^^^^^^^^^^^^^^^^^^^^
  File "/Users/oktavianus/wms/backend/dependencies/auth.py", line 35, in get_current_user
    raise HTTPException(status_code=status.HTTP_401_UNAUTHORIZED, detail=exc.message)
fastapi.exceptions.HTTPException: 401: Token has expired
2026-06-23 14:45:05,687 - core.database - DEBUG - [DB_OP] Database session cleanup after 0.0029s
2026-06-23 14:45:05,689 - core.database - DEBUG - [DB_OP] Starting get_db session creation
2026-06-23 14:45:05,689 - core.database - DEBUG - [DB_OP] Database session created successfully in 0.0001s
2026-06-23 14:45:05,689 - core.auth - INFO - Authentication token has expired
2026-06-23 14:45:05,689 - dependencies.auth - WARNING - Token validation failed: AccessTokenError
2026-06-23 14:45:05,690 - core.database - ERROR - Database session error: 401: Token has expired
Traceback (most recent call last):
  File "/Users/oktavianus/wms/backend/core/auth.py", line 192, in decode_access_token
    payload = jwt.decode(token, jwt_settings["jwt_secret_key"], algorithms=[jwt_settings["jwt_algorithm"]])
              ^^^^^^^^^^^^^^^^^^^^^^^^^^^^^^^^^^^^^^^^^^^^^^^^^^^^^^^^^^^^^^^^^^^^^^^^^^^^^^^^^^^^^^^^^^^^^
  File "/Users/oktavianus/wms/backend/.venv311/lib/python3.11/site-packages/jose/jwt.py", line 174, in decode
    _validate_claims(
  File "/Users/oktavianus/wms/backend/.venv311/lib/python3.11/site-packages/jose/jwt.py", line 497, in _validate_claims
    _validate_exp(claims, leeway=leeway)
  File "/Users/oktavianus/wms/backend/.venv311/lib/python3.11/site-packages/jose/jwt.py", line 331, in _validate_exp
    raise ExpiredSignatureError("Signature has expired.")
jose.exceptions.ExpiredSignatureError: Signature has expired.

The above exception was the direct cause of the following exception:

Traceback (most recent call last):
  File "/Users/oktavianus/wms/backend/dependencies/auth.py", line 31, in get_current_user
    payload = decode_access_token(token)
              ^^^^^^^^^^^^^^^^^^^^^^^^^^
  File "/Users/oktavianus/wms/backend/core/auth.py", line 200, in decode_access_token
    raise AccessTokenError("Token has expired") from exc
core.auth.AccessTokenError: Token has expired

During handling of the above exception, another exception occurred:

Traceback (most recent call last):
  File "/Users/oktavianus/wms/backend/core/database.py", line 553, in get_db
    yield session
  File "/Users/oktavianus/wms/backend/.venv311/lib/python3.11/site-packages/fastapi/routing.py", line 120, in app
    response = await f(request)
               ^^^^^^^^^^^^^^^^
  File "/Users/oktavianus/wms/backend/.venv311/lib/python3.11/site-packages/fastapi/routing.py", line 457, in app
    solved_result = await solve_dependencies(
                    ^^^^^^^^^^^^^^^^^^^^^^^^^
  File "/Users/oktavianus/wms/backend/.venv311/lib/python3.11/site-packages/fastapi/dependencies/utils.py", line 678, in solve_dependencies
    solved = await call(**solved_result.values)
             ^^^^^^^^^^^^^^^^^^^^^^^^^^^^^^^^^^
  File "/Users/oktavianus/wms/backend/dependencies/auth.py", line 35, in get_current_user
    raise HTTPException(status_code=status.HTTP_401_UNAUTHORIZED, detail=exc.message)
fastapi.exceptions.HTTPException: 401: Token has expired
2026-06-23 14:45:05,691 - core.database - DEBUG - [DB_OP] Database session cleanup after 0.0018s
2026-06-23 14:45:05,691 - core.database - ERROR - Failed to create database session: 401: Token has expired
Traceback (most recent call last):
  File "/Users/oktavianus/wms/backend/core/auth.py", line 192, in decode_access_token
    payload = jwt.decode(token, jwt_settings["jwt_secret_key"], algorithms=[jwt_settings["jwt_algorithm"]])
              ^^^^^^^^^^^^^^^^^^^^^^^^^^^^^^^^^^^^^^^^^^^^^^^^^^^^^^^^^^^^^^^^^^^^^^^^^^^^^^^^^^^^^^^^^^^^^
  File "/Users/oktavianus/wms/backend/.venv311/lib/python3.11/site-packages/jose/jwt.py", line 174, in decode
    _validate_claims(
  File "/Users/oktavianus/wms/backend/.venv311/lib/python3.11/site-packages/jose/jwt.py", line 497, in _validate_claims
    _validate_exp(claims, leeway=leeway)
  File "/Users/oktavianus/wms/backend/.venv311/lib/python3.11/site-packages/jose/jwt.py", line 331, in _validate_exp
    raise ExpiredSignatureError("Signature has expired.")
jose.exceptions.ExpiredSignatureError: Signature has expired.

The above exception was the direct cause of the following exception:

Traceback (most recent call last):
  File "/Users/oktavianus/wms/backend/dependencies/auth.py", line 31, in get_current_user
    payload = decode_access_token(token)
              ^^^^^^^^^^^^^^^^^^^^^^^^^^
  File "/Users/oktavianus/wms/backend/core/auth.py", line 200, in decode_access_token
    raise AccessTokenError("Token has expired") from exc
core.auth.AccessTokenError: Token has expired

During handling of the above exception, another exception occurred:

Traceback (most recent call last):
  File "/Users/oktavianus/wms/backend/core/database.py", line 553, in get_db
    yield session
  File "/Users/oktavianus/wms/backend/.venv311/lib/python3.11/site-packages/fastapi/routing.py", line 120, in app
    response = await f(request)
               ^^^^^^^^^^^^^^^^
  File "/Users/oktavianus/wms/backend/.venv311/lib/python3.11/site-packages/fastapi/routing.py", line 457, in app
    solved_result = await solve_dependencies(
                    ^^^^^^^^^^^^^^^^^^^^^^^^^
  File "/Users/oktavianus/wms/backend/.venv311/lib/python3.11/site-packages/fastapi/dependencies/utils.py", line 678, in solve_dependencies
    solved = await call(**solved_result.values)
             ^^^^^^^^^^^^^^^^^^^^^^^^^^^^^^^^^^
  File "/Users/oktavianus/wms/backend/dependencies/auth.py", line 35, in get_current_user
    raise HTTPException(status_code=status.HTTP_401_UNAUTHORIZED, detail=exc.message)
fastapi.exceptions.HTTPException: 401: Token has expired
2026-06-23 14:45:05,692 - core.database - ERROR - Failed to create database session: 401: Token has expired
Traceback (most recent call last):
  File "/Users/oktavianus/wms/backend/core/auth.py", line 192, in decode_access_token
    payload = jwt.decode(token, jwt_settings["jwt_secret_key"], algorithms=[jwt_settings["jwt_algorithm"]])
              ^^^^^^^^^^^^^^^^^^^^^^^^^^^^^^^^^^^^^^^^^^^^^^^^^^^^^^^^^^^^^^^^^^^^^^^^^^^^^^^^^^^^^^^^^^^^^
  File "/Users/oktavianus/wms/backend/.venv311/lib/python3.11/site-packages/jose/jwt.py", line 174, in decode
    _validate_claims(
  File "/Users/oktavianus/wms/backend/.venv311/lib/python3.11/site-packages/jose/jwt.py", line 497, in _validate_claims
    _validate_exp(claims, leeway=leeway)
  File "/Users/oktavianus/wms/backend/.venv311/lib/python3.11/site-packages/jose/jwt.py", line 331, in _validate_exp
    raise ExpiredSignatureError("Signature has expired.")
jose.exceptions.ExpiredSignatureError: Signature has expired.

The above exception was the direct cause of the following exception:

Traceback (most recent call last):
  File "/Users/oktavianus/wms/backend/dependencies/auth.py", line 31, in get_current_user
    payload = decode_access_token(token)
              ^^^^^^^^^^^^^^^^^^^^^^^^^^
  File "/Users/oktavianus/wms/backend/core/auth.py", line 200, in decode_access_token
    raise AccessTokenError("Token has expired") from exc
core.auth.AccessTokenError: Token has expired

During handling of the above exception, another exception occurred:

Traceback (most recent call last):
  File "/Users/oktavianus/wms/backend/core/database.py", line 553, in get_db
    yield session
  File "/Users/oktavianus/wms/backend/.venv311/lib/python3.11/site-packages/fastapi/routing.py", line 120, in app
    response = await f(request)
               ^^^^^^^^^^^^^^^^
  File "/Users/oktavianus/wms/backend/.venv311/lib/python3.11/site-packages/fastapi/routing.py", line 457, in app
    solved_result = await solve_dependencies(
                    ^^^^^^^^^^^^^^^^^^^^^^^^^
  File "/Users/oktavianus/wms/backend/.venv311/lib/python3.11/site-packages/fastapi/dependencies/utils.py", line 678, in solve_dependencies
    solved = await call(**solved_result.values)
             ^^^^^^^^^^^^^^^^^^^^^^^^^^^^^^^^^^
  File "/Users/oktavianus/wms/backend/dependencies/auth.py", line 35, in get_current_user
    raise HTTPException(status_code=status.HTTP_401_UNAUTHORIZED, detail=exc.message)
fastapi.exceptions.HTTPException: 401: Token has expired
2026-06-23 14:45:29,814 - services.database - DEBUG - [DB_OP] Starting database close
2026-06-23 14:45:29,831 - core.database - INFO - Database connection closed and engine disposed
2026-06-23 14:45:29,831 - services.database - INFO - Database connections closed
2026-06-23 14:45:29,831 - services.database - DEBUG - [DB_OP] Database close completed in 0.0173s
