2026-04-15 05:14:01,708 - main - INFO - === Logging system initialized ===
2026-04-15 05:14:01,708 - main - INFO - Log file: logs/app_20260415_051401.log
2026-04-15 05:14:01,708 - main - INFO - Log level: INFO
2026-04-15 05:14:01,708 - main - INFO - Timestamp: 20260415_051401
2026-04-15 05:14:14,337 - main - INFO - Included router: routers.aihub.router
2026-04-15 05:14:14,399 - main - INFO - Included router: routers.auth.router
2026-04-15 05:14:14,527 - main - INFO - Included router: routers.bins.router
2026-04-15 05:14:14,552 - main - INFO - Included router: routers.health.router
2026-04-15 05:14:14,658 - main - INFO - Included router: routers.inventory_lots.router
2026-04-15 05:14:14,768 - main - INFO - Included router: routers.products.router
2026-04-15 05:14:14,888 - main - INFO - Included router: routers.receiving_documents.router
2026-04-15 05:14:14,978 - main - INFO - Included router: routers.receiving_lines.router
2026-04-15 05:14:15,022 - main - INFO - Included router: routers.settings.router
2026-04-15 05:14:15,185 - main - INFO - Included router: routers.stock_movements.router
2026-04-15 05:14:15,270 - main - INFO - Included router: routers.storage.router
2026-04-15 05:14:15,489 - main - INFO - Included router: routers.suppliers.router
2026-04-15 05:14:15,546 - main - INFO - Included router: routers.user.router
2026-04-15 05:14:15,657 - main - INFO - Included router: routers.warehouses.router
2026-04-15 05:14:16,022 - main - INFO - Included router: routers.zones.router
2026-04-15 05:14:16,023 - main - INFO - === Application startup initiated ===
2026-04-15 05:14:16,024 - services.database - INFO - Ignore creating tables
2026-04-15 05:14:16,024 - services.mock_data - INFO - Ignore initialize data
2026-04-15 05:14:16,025 - services.auth - INFO - Ignore initialize admin
2026-04-15 05:14:16,025 - main - INFO - === Application startup completed successfully ===
2026-04-15 05:24:12,834 - services.database - DEBUG - [DB_OP] Starting database close
2026-04-15 05:24:12,834 - services.database - INFO - Database connections closed
2026-04-15 05:24:12,834 - services.database - DEBUG - [DB_OP] Database close completed in 0.0004s
