2026-04-17 09:30:59,220 - main - INFO - === Logging system initialized ===
2026-04-17 09:30:59,220 - main - INFO - Log file: logs/app_20260417_093059.log
2026-04-17 09:30:59,220 - main - INFO - Log level: INFO
2026-04-17 09:30:59,220 - main - INFO - Timestamp: 20260417_093059
2026-04-17 09:31:00,597 - main - INFO - Included router: routers.aihub.router
2026-04-17 09:31:00,632 - main - INFO - Included router: routers.auth.router
2026-04-17 09:31:00,694 - main - INFO - Included router: routers.bins.router
2026-04-17 09:31:00,754 - main - INFO - Included router: routers.bom_lines.router
2026-04-17 09:31:00,870 - main - INFO - Included router: routers.bom_recipes.router
2026-04-17 09:31:00,927 - main - INFO - Included router: routers.branches.router
2026-04-17 09:31:00,932 - main - INFO - Included router: routers.health.router
2026-04-17 09:31:01,110 - main - INFO - Included router: routers.inventory_lots.router
2026-04-17 09:31:01,187 - main - INFO - Included router: routers.products.router
2026-04-17 09:31:01,244 - main - INFO - Included router: routers.receiving_documents.router
2026-04-17 09:31:01,294 - main - INFO - Included router: routers.receiving_lines.router
2026-04-17 09:31:01,322 - main - INFO - Included router: routers.settings.router
2026-04-17 09:31:01,381 - main - INFO - Included router: routers.stock_movements.router
2026-04-17 09:31:01,437 - main - INFO - Included router: routers.stock_transfers.router
2026-04-17 09:31:01,485 - main - INFO - Included router: routers.storage.router
2026-04-17 09:31:01,540 - main - INFO - Included router: routers.suppliers.router
2026-04-17 09:31:01,550 - main - INFO - Included router: routers.user.router
2026-04-17 09:31:01,603 - main - INFO - Included router: routers.warehouses.router
2026-04-17 09:31:01,664 - main - INFO - Included router: routers.zones.router
2026-04-17 09:31:01,664 - main - INFO - === Application startup initiated ===
2026-04-17 09:31:01,667 - services.database - DEBUG - [DB_OP] Starting database initialization
2026-04-17 09:31:01,667 - services.database - INFO - 🔧 Starting database initialization...
2026-04-17 09:31:01,667 - core.database - INFO - Starting database initialization...
2026-04-17 09:31:01,667 - core.config - DEBUG - Read dynamic attribute database_url from environment variable DATABASE_URL
2026-04-17 09:31:01,667 - core.database - INFO - Normalizing database URL for async compatibility...
2026-04-17 09:31:01,668 - core.database - INFO - Creating async database engine...
2026-04-17 09:31:01,668 - core.database - INFO - Using QueuePool with connection pooling for non-Lambda environment
2026-04-17 09:31:01,739 - core.database - INFO - Database engine created successfully
2026-04-17 09:31:01,739 - core.database - INFO - Creating async session maker...
2026-04-17 09:31:01,739 - core.database - INFO - Async session maker created successfully
2026-04-17 09:31:01,739 - core.database - INFO - Database connection initialized successfully
2026-04-17 09:31:01,739 - services.database - INFO - 🔧 Database connection initialized, now creating tables if tables not exist...
2026-04-17 09:31:01,739 - core.database - DEBUG - [DB_OP] Starting create_tables
2026-04-17 09:31:01,739 - core.database - INFO - 🔧 Starting table creation...
2026-04-17 09:31:01,885 - core.database - INFO - Tables initialized successfully
2026-04-17 09:31:01,885 - core.database - DEBUG - [DB_OP] Create tables completed in 0.1457s
2026-04-17 09:31:01,886 - services.database - INFO - 🔧 Table creation completed
2026-04-17 09:31:01,886 - services.database - INFO - Database initialized successfully
2026-04-17 09:31:01,886 - services.database - DEBUG - [DB_OP] Database initialization completed in 0.2195s
2026-04-17 09:31:01,887 - services.mock_data - INFO - Processing mock data file bins.json for table bins
2026-04-17 09:31:01,887 - services.mock_data - INFO - Processing mock data file bom_lines.json for table bom_lines
2026-04-17 09:31:01,890 - services.mock_data - INFO - Processing mock data file bom_recipes.json for table bom_recipes
2026-04-17 09:31:01,893 - services.mock_data - INFO - Processing mock data file branches.json for table branches
2026-04-17 09:31:01,897 - services.mock_data - INFO - Processing mock data file inventory_lots.json for table inventory_lots
2026-04-17 09:31:02,337 - services.mock_data - INFO - Table bins already has 8 rows; skipping mock insert
2026-04-17 09:31:02,339 - services.mock_data - INFO - Processing mock data file products.json for table products
2026-04-17 09:31:02,367 - services.mock_data - INFO - Table products already has 8 rows; skipping mock insert
2026-04-17 09:31:02,371 - services.mock_data - INFO - Processing mock data file receiving_documents.json for table receiving_documents
2026-04-17 09:31:02,372 - services.mock_data - INFO - Table branches already has 4 rows; skipping mock insert
2026-04-17 09:31:02,372 - services.mock_data - INFO - Table bom_recipes already has 6 rows; skipping mock insert
2026-04-17 09:31:02,372 - services.mock_data - INFO - Processing mock data file receiving_lines.json for table receiving_lines
2026-04-17 09:31:02,372 - services.mock_data - INFO - Processing mock data file stock_movements.json for table stock_movements
2026-04-17 09:31:02,372 - services.mock_data - INFO - Table bom_lines already has 17 rows; skipping mock insert
2026-04-17 09:31:02,372 - services.mock_data - INFO - Table inventory_lots already has 10 rows; skipping mock insert
2026-04-17 09:31:02,377 - services.mock_data - INFO - Processing mock data file stock_transfers.json for table stock_transfers
2026-04-17 09:31:02,378 - services.mock_data - INFO - Processing mock data file suppliers.json for table suppliers
2026-04-17 09:31:02,404 - services.mock_data - INFO - Table receiving_documents already has 5 rows; skipping mock insert
2026-04-17 09:31:02,405 - services.mock_data - INFO - Table receiving_lines already has 5 rows; skipping mock insert
2026-04-17 09:31:02,406 - services.mock_data - INFO - Processing mock data file warehouses.json for table warehouses
2026-04-17 09:31:02,407 - services.mock_data - INFO - Processing mock data file zones.json for table zones
2026-04-17 09:31:02,409 - services.mock_data - INFO - Table stock_movements already has 7 rows; skipping mock insert
2026-04-17 09:31:02,420 - services.mock_data - INFO - Table stock_transfers already has 3 rows; skipping mock insert
2026-04-17 09:31:02,420 - services.mock_data - INFO - Table suppliers already has 5 rows; skipping mock insert
2026-04-17 09:31:02,432 - services.mock_data - INFO - Table warehouses already has 3 rows; skipping mock insert
2026-04-17 09:31:02,436 - services.mock_data - INFO - Table zones already has 5 rows; skipping mock insert
2026-04-17 09:31:02,437 - services.database - DEBUG - [DB_OP] Starting database initialization
2026-04-17 09:31:02,437 - services.database - INFO - 🔧 Starting database initialization...
2026-04-17 09:31:02,437 - core.database - INFO - Starting database initialization...
2026-04-17 09:31:02,437 - core.database - INFO - Database already initialized
2026-04-17 09:31:02,437 - services.database - INFO - 🔧 Database connection initialized, now creating tables if tables not exist...
2026-04-17 09:31:02,437 - core.database - DEBUG - [DB_OP] Starting create_tables
2026-04-17 09:31:02,437 - core.database - INFO - Tables already initialized
2026-04-17 09:31:02,437 - services.database - INFO - 🔧 Table creation completed
2026-04-17 09:31:02,437 - services.database - INFO - Database initialized successfully
2026-04-17 09:31:02,437 - services.database - DEBUG - [DB_OP] Database initialization completed in 0.0000s
2026-04-17 09:31:02,437 - services.auth - WARNING - Admin user ID or email not configured, skipping admin initialization
2026-04-17 09:31:02,437 - main - INFO - === Application startup completed successfully ===
