2026-05-04 10:43:23,456 - main - INFO - === Logging system initialized ===
2026-05-04 10:43:23,456 - main - INFO - Log file: logs/app_20260504_104323.log
2026-05-04 10:43:23,456 - main - INFO - Log level: INFO
2026-05-04 10:43:23,457 - main - INFO - Timestamp: 20260504_104323
2026-05-04 10:43:24,159 - main - INFO - Included router: routers.aihub.router
2026-05-04 10:43:24,178 - main - INFO - Included router: routers.auth.router
2026-05-04 10:43:24,194 - main - INFO - Included router: routers.bins.router
2026-05-04 10:43:24,218 - main - INFO - Included router: routers.bom_lines.router
2026-05-04 10:43:24,240 - main - INFO - Included router: routers.bom_recipes.router
2026-05-04 10:43:24,257 - main - INFO - Included router: routers.branches.router
2026-05-04 10:43:24,258 - main - INFO - Included router: routers.config.router
2026-05-04 10:43:24,258 - main - INFO - Included router: routers.health.router
2026-05-04 10:43:24,276 - main - INFO - Included router: routers.inventory_lots.router
2026-05-04 10:43:24,288 - main - INFO - Included router: routers.label_templates.router
2026-05-04 10:43:24,325 - main - INFO - Included router: routers.products.router
2026-05-04 10:43:24,334 - main - INFO - Included router: routers.rbac.router
2026-05-04 10:43:24,361 - main - INFO - Included router: routers.receiving_documents.router
2026-05-04 10:43:24,465 - main - INFO - Included router: routers.receiving_lines.router
2026-05-04 10:43:24,496 - main - INFO - Included router: routers.settings.router
2026-05-04 10:43:24,525 - main - INFO - Included router: routers.stock_movements.router
2026-05-04 10:43:24,556 - main - INFO - Included router: routers.stock_transfers.router
2026-05-04 10:43:24,572 - main - INFO - Included router: routers.storage.router
2026-05-04 10:43:24,591 - main - INFO - Included router: routers.suppliers.router
2026-05-04 10:43:24,608 - main - INFO - Included router: routers.uhf_readers.router
2026-05-04 10:43:24,623 - main - INFO - Included router: routers.uhf_tag_reads.router
2026-05-04 10:43:24,638 - main - INFO - Included router: routers.uhf_tags.router
2026-05-04 10:43:24,649 - main - INFO - Included router: routers.user.router
2026-05-04 10:43:24,670 - main - INFO - Included router: routers.warehouses.router
2026-05-04 10:43:24,687 - main - INFO - Included router: routers.zones.router
2026-05-04 10:43:24,687 - main - INFO - === Application startup initiated ===
2026-05-04 10:43:24,687 - services.database - DEBUG - [DB_OP] Starting database initialization
2026-05-04 10:43:24,687 - services.database - INFO - 🔧 Starting database initialization...
2026-05-04 10:43:24,687 - core.database - INFO - Starting database initialization...
2026-05-04 10:43:24,687 - core.config - DEBUG - Read dynamic attribute database_url from environment variable DATABASE_URL
2026-05-04 10:43:24,687 - core.database - INFO - Normalizing database URL for async compatibility...
2026-05-04 10:43:24,688 - core.database - WARNING - Adjusted database URL driver for async compatibility
2026-05-04 10:43:24,688 - core.database - INFO - Creating async database engine...
2026-05-04 10:43:24,688 - core.database - INFO - Using QueuePool with connection pooling for non-Lambda environment
2026-05-04 10:43:24,715 - core.database - INFO - Database engine created successfully
2026-05-04 10:43:24,715 - core.database - INFO - Creating async session maker...
2026-05-04 10:43:24,715 - core.database - INFO - Async session maker created successfully
2026-05-04 10:43:24,715 - core.database - INFO - Database connection initialized successfully
2026-05-04 10:43:24,715 - services.database - INFO - 🔧 Database connection initialized, now creating tables if tables not exist...
2026-05-04 10:43:24,715 - core.database - DEBUG - [DB_OP] Starting create_tables
2026-05-04 10:43:24,715 - core.database - INFO - 🔧 Starting table creation...
2026-05-04 10:43:24,815 - core.database - INFO - Tables initialized successfully
2026-05-04 10:43:24,815 - core.database - DEBUG - [DB_OP] Create tables completed in 0.1001s
2026-05-04 10:43:24,815 - services.database - INFO - 🔧 Table creation completed
2026-05-04 10:43:24,815 - services.database - INFO - Database initialized successfully
2026-05-04 10:43:24,816 - services.database - DEBUG - [DB_OP] Database initialization completed in 0.1283s
2026-05-04 10:43:24,831 - services.mock_data - INFO - Processing mock data file bins.json for table bins
2026-05-04 10:43:24,831 - services.mock_data - INFO - Processing mock data file bom_lines.json for table bom_lines
2026-05-04 10:43:24,832 - services.mock_data - INFO - Processing mock data file bom_recipes.json for table bom_recipes
2026-05-04 10:43:24,832 - services.mock_data - INFO - Processing mock data file branches.json for table branches
2026-05-04 10:43:24,832 - services.mock_data - INFO - Processing mock data file inventory_lots.json for table inventory_lots
2026-05-04 10:43:24,965 - services.mock_data - INFO - Table inventory_lots already has 10 rows; skipping mock insert
2026-05-04 10:43:24,965 - services.mock_data - INFO - Table bom_lines already has 17 rows; skipping mock insert
2026-05-04 10:43:24,965 - services.mock_data - INFO - Table branches already has 4 rows; skipping mock insert
2026-05-04 10:43:24,965 - services.mock_data - INFO - Table bins already has 8 rows; skipping mock insert
2026-05-04 10:43:24,966 - services.mock_data - INFO - Processing mock data file products.json for table products
2026-05-04 10:43:24,966 - services.mock_data - INFO - Table bom_recipes already has 6 rows; skipping mock insert
2026-05-04 10:43:24,966 - services.mock_data - INFO - Processing mock data file receiving_documents.json for table receiving_documents
2026-05-04 10:43:24,966 - services.mock_data - INFO - Processing mock data file receiving_lines.json for table receiving_lines
2026-05-04 10:43:24,966 - services.mock_data - INFO - Processing mock data file stock_movements.json for table stock_movements
2026-05-04 10:43:24,966 - services.mock_data - INFO - Processing mock data file stock_transfers.json for table stock_transfers
2026-05-04 10:43:24,975 - services.mock_data - INFO - Table receiving_lines already has 5 rows; skipping mock insert
2026-05-04 10:43:24,975 - services.mock_data - INFO - Table receiving_documents already has 5 rows; skipping mock insert
2026-05-04 10:43:24,975 - services.mock_data - INFO - Processing mock data file suppliers.json for table suppliers
2026-05-04 10:43:24,975 - services.mock_data - INFO - Table products already has 8 rows; skipping mock insert
2026-05-04 10:43:24,975 - services.mock_data - INFO - Table stock_transfers already has 3 rows; skipping mock insert
2026-05-04 10:43:24,976 - services.mock_data - INFO - Processing mock data file uhf_readers.json for table uhf_readers
2026-05-04 10:43:24,976 - services.mock_data - INFO - Processing mock data file uhf_tag_reads.json for table uhf_tag_reads
2026-05-04 10:43:24,976 - services.mock_data - INFO - Processing mock data file uhf_tags.json for table uhf_tags
2026-05-04 10:43:24,976 - services.mock_data - INFO - Table stock_movements already has 7 rows; skipping mock insert
2026-05-04 10:43:24,977 - services.mock_data - INFO - Processing mock data file warehouses.json for table warehouses
2026-05-04 10:43:24,984 - services.mock_data - INFO - Table suppliers already has 5 rows; skipping mock insert
2026-05-04 10:43:24,984 - services.mock_data - INFO - Processing mock data file zones.json for table zones
2026-05-04 10:43:24,985 - services.mock_data - INFO - Table uhf_readers already has 2 rows; skipping mock insert
2026-05-04 10:43:24,985 - services.mock_data - INFO - Table uhf_tag_reads already has 2 rows; skipping mock insert
2026-05-04 10:43:24,985 - services.mock_data - INFO - Table warehouses already has 3 rows; skipping mock insert
2026-05-04 10:43:24,986 - services.mock_data - INFO - Table uhf_tags already has 5 rows; skipping mock insert
2026-05-04 10:43:24,990 - services.mock_data - INFO - Table zones already has 5 rows; skipping mock insert
2026-05-04 10:43:24,990 - services.database - DEBUG - [DB_OP] Starting database initialization
2026-05-04 10:43:24,990 - services.database - INFO - 🔧 Starting database initialization...
2026-05-04 10:43:24,990 - core.database - INFO - Starting database initialization...
2026-05-04 10:43:24,990 - core.database - INFO - Database already initialized
2026-05-04 10:43:24,990 - services.database - INFO - 🔧 Database connection initialized, now creating tables if tables not exist...
2026-05-04 10:43:24,990 - core.database - DEBUG - [DB_OP] Starting create_tables
2026-05-04 10:43:24,990 - core.database - INFO - Tables already initialized
2026-05-04 10:43:24,990 - services.database - INFO - 🔧 Table creation completed
2026-05-04 10:43:24,990 - services.database - INFO - Database initialized successfully
2026-05-04 10:43:24,990 - services.database - DEBUG - [DB_OP] Database initialization completed in 0.0002s
2026-05-04 10:43:24,990 - core.config - DEBUG - Read dynamic attribute local_admin_email from environment variable LOCAL_ADMIN_EMAIL
2026-05-04 10:43:24,990 - core.config - DEBUG - Read dynamic attribute local_admin_username from environment variable LOCAL_ADMIN_USERNAME
2026-05-04 10:43:24,990 - core.config - DEBUG - Read dynamic attribute local_admin_password from environment variable LOCAL_ADMIN_PASSWORD
2026-05-04 10:43:24,993 - services.auth - DEBUG - Admin user local-admin already exists
2026-05-04 10:43:24,994 - main - INFO - === Application startup completed successfully ===
2026-05-04 10:43:25,096 - services.database - DEBUG - [DB_OP] Starting database close
2026-05-04 10:43:25,108 - core.database - INFO - Database connection closed and engine disposed
2026-05-04 10:43:25,108 - services.database - INFO - Database connections closed
2026-05-04 10:43:25,108 - services.database - DEBUG - [DB_OP] Database close completed in 0.0125s
