2026-04-15 22:40:34,508 - main - INFO - === Logging system initialized ===
2026-04-15 22:40:34,509 - main - INFO - Log file: logs/app_20260415_224034.log
2026-04-15 22:40:34,509 - main - INFO - Log level: INFO
2026-04-15 22:40:34,509 - main - INFO - Timestamp: 20260415_224034
2026-04-15 22:40:35,550 - main - INFO - Included router: routers.aihub.router
2026-04-15 22:40:35,570 - main - INFO - Included router: routers.auth.router
2026-04-15 22:40:35,622 - main - INFO - Included router: routers.bins.router
2026-04-15 22:40:35,674 - main - INFO - Included router: routers.bom_lines.router
2026-04-15 22:40:35,737 - main - INFO - Included router: routers.bom_recipes.router
2026-04-15 22:40:35,801 - main - INFO - Included router: routers.branches.router
2026-04-15 22:40:35,808 - main - INFO - Included router: routers.health.router
2026-04-15 22:40:35,865 - main - INFO - Included router: routers.inventory_lots.router
2026-04-15 22:40:35,922 - main - INFO - Included router: routers.products.router
2026-04-15 22:40:35,971 - main - INFO - Included router: routers.receiving_documents.router
2026-04-15 22:40:36,143 - main - INFO - Included router: routers.receiving_lines.router
2026-04-15 22:40:36,164 - main - INFO - Included router: routers.settings.router
2026-04-15 22:40:36,217 - main - INFO - Included router: routers.stock_movements.router
2026-04-15 22:40:36,283 - main - INFO - Included router: routers.stock_transfers.router
2026-04-15 22:40:36,321 - main - INFO - Included router: routers.storage.router
2026-04-15 22:40:36,371 - main - INFO - Included router: routers.suppliers.router
2026-04-15 22:40:36,384 - main - INFO - Included router: routers.user.router
2026-04-15 22:40:36,433 - main - INFO - Included router: routers.warehouses.router
2026-04-15 22:40:36,490 - main - INFO - Included router: routers.zones.router
2026-04-15 22:40:36,492 - main - INFO - === Application startup initiated ===
2026-04-15 22:40:36,492 - services.database - INFO - Ignore creating tables
2026-04-15 22:40:36,492 - services.mock_data - INFO - Ignore initialize data
2026-04-15 22:40:36,492 - services.auth - INFO - Ignore initialize admin
2026-04-15 22:40:36,493 - main - INFO - === Application startup completed successfully ===
2026-04-15 22:40:44,467 - core.database - DEBUG - [DB_OP] Starting get_db session creation
2026-04-15 22:40:44,467 - core.database - WARNING - Database session maker not available, attempting lazy initialization...
2026-04-15 22:40:44,467 - core.database - WARNING - Database not initialized, attempting lazy initialization...
2026-04-15 22:40:44,468 - core.database - INFO - Starting database initialization...
2026-04-15 22:40:44,468 - core.config - DEBUG - Read dynamic attribute database_url from environment variable DATABASE_URL
2026-04-15 22:40:44,469 - core.database - INFO - Normalizing database URL for async compatibility...
2026-04-15 22:40:44,471 - core.database - INFO - Creating async database engine...
2026-04-15 22:40:44,472 - core.database - INFO - Using QueuePool with connection pooling for non-Lambda environment
2026-04-15 22:40:44,548 - core.database - INFO - Database engine created successfully
2026-04-15 22:40:44,548 - core.database - INFO - Creating async session maker...
2026-04-15 22:40:44,549 - core.database - INFO - Async session maker created successfully
2026-04-15 22:40:44,549 - core.database - INFO - Database connection initialized successfully
2026-04-15 22:40:44,549 - core.database - DEBUG - [DB_OP] Starting create_tables
2026-04-15 22:40:44,549 - core.database - INFO - 🔧 Starting table creation...
2026-04-15 22:40:44,558 - core.database - DEBUG - [DB_OP] Starting get_db session creation
2026-04-15 22:40:44,558 - core.database - DEBUG - [DB_OP] Database session created successfully in 0.0006s
2026-04-15 22:40:44,559 - routers.products - DEBUG - Querying productss: query=None, sort=None, skip=0, limit=100, fields=None
2026-04-15 22:40:44,567 - core.database - DEBUG - [DB_OP] Starting get_db session creation
2026-04-15 22:40:44,568 - core.database - DEBUG - [DB_OP] Database session created successfully in 0.0014s
2026-04-15 22:40:44,569 - routers.receiving_documents - DEBUG - Querying receiving_documentss: query=None, sort=None, skip=0, limit=100, fields=None
2026-04-15 22:40:44,575 - core.config - DEBUG - Read dynamic attribute jwt_secret_key from environment variable JWT_SECRET_KEY
2026-04-15 22:40:44,576 - core.config - DEBUG - Read dynamic attribute jwt_algorithm from environment variable JWT_ALGORITHM
2026-04-15 22:40:44,598 - core.auth - DEBUG - Authentication token validated for user hash: cac403a5
2026-04-15 22:40:44,608 - core.database - DEBUG - [DB_OP] Starting get_db session creation
2026-04-15 22:40:44,609 - core.database - DEBUG - [DB_OP] Database session created successfully in 0.0005s
2026-04-15 22:40:44,609 - routers.stock_movements - DEBUG - Querying stock_movementss: query=None, sort=-created_at, skip=0, limit=100, fields=None
2026-04-15 22:40:45,977 - routers.stock_movements - DEBUG - Found 7 stock_movementss
2026-04-15 22:40:45,979 - core.database - DEBUG - [DB_OP] Database session cleanup after 1.3704s
2026-04-15 22:40:45,981 - routers.receiving_documents - DEBUG - Found 5 receiving_documentss
2026-04-15 22:40:45,982 - core.database - DEBUG - [DB_OP] Database session cleanup after 1.4153s
2026-04-15 22:40:45,984 - routers.products - DEBUG - Found 8 productss
2026-04-15 22:40:45,985 - core.database - DEBUG - [DB_OP] Database session cleanup after 1.4270s
2026-04-15 22:40:46,732 - core.database - INFO - Tables initialized successfully
2026-04-15 22:40:46,732 - core.database - DEBUG - [DB_OP] Create tables completed in 2.1833s
2026-04-15 22:40:46,796 - core.database - INFO - Lazy database initialization completed successfully
2026-04-15 22:40:46,797 - core.database - DEBUG - [DB_OP] Database session created successfully in 2.3302s
2026-04-15 22:40:46,797 - routers.inventory_lots - DEBUG - Querying inventory_lotss: query=None, sort=None, skip=0, limit=100, fields=None
2026-04-15 22:40:47,365 - routers.inventory_lots - DEBUG - Found 10 inventory_lotss
2026-04-15 22:40:47,367 - core.database - DEBUG - [DB_OP] Database session cleanup after 2.9009s
2026-04-15 22:45:20,970 - core.database - DEBUG - [DB_OP] Starting get_db session creation
2026-04-15 22:45:20,970 - core.database - DEBUG - [DB_OP] Database session created successfully in 0.0007s
2026-04-15 22:45:20,971 - routers.inventory_lots - DEBUG - Querying inventory_lotss: query=None, sort=None, skip=0, limit=100, fields=None
2026-04-15 22:45:20,973 - core.database - DEBUG - [DB_OP] Starting get_db session creation
2026-04-15 22:45:20,973 - core.database - DEBUG - [DB_OP] Database session created successfully in 0.0003s
2026-04-15 22:45:20,974 - routers.receiving_documents - DEBUG - Querying receiving_documentss: query=None, sort=None, skip=0, limit=100, fields=None
2026-04-15 22:45:20,975 - core.database - DEBUG - [DB_OP] Starting get_db session creation
2026-04-15 22:45:20,975 - core.database - DEBUG - [DB_OP] Database session created successfully in 0.0003s
2026-04-15 22:45:20,975 - routers.products - DEBUG - Querying productss: query=None, sort=None, skip=0, limit=100, fields=None
2026-04-15 22:45:20,977 - core.auth - DEBUG - Authentication token validated for user hash: cac403a5
2026-04-15 22:45:20,978 - core.database - DEBUG - [DB_OP] Starting get_db session creation
2026-04-15 22:45:20,978 - core.database - DEBUG - [DB_OP] Database session created successfully in 0.0002s
2026-04-15 22:45:20,978 - routers.stock_movements - DEBUG - Querying stock_movementss: query=None, sort=-created_at, skip=0, limit=100, fields=None
2026-04-15 22:45:21,352 - routers.stock_movements - DEBUG - Found 7 stock_movementss
2026-04-15 22:45:21,354 - core.database - DEBUG - [DB_OP] Database session cleanup after 0.3760s
2026-04-15 22:45:21,543 - routers.products - DEBUG - Found 8 productss
2026-04-15 22:45:21,544 - core.database - DEBUG - [DB_OP] Database session cleanup after 0.5693s
2026-04-15 22:45:21,545 - routers.receiving_documents - DEBUG - Found 5 receiving_documentss
2026-04-15 22:45:21,545 - core.database - DEBUG - [DB_OP] Database session cleanup after 0.5729s
2026-04-15 22:45:21,546 - routers.inventory_lots - DEBUG - Found 10 inventory_lotss
2026-04-15 22:45:21,547 - core.database - DEBUG - [DB_OP] Database session cleanup after 0.5771s
2026-04-15 22:51:15,898 - services.database - DEBUG - [DB_OP] Starting database close
2026-04-15 22:51:15,899 - core.database - INFO - Database connection closed and engine disposed
2026-04-15 22:51:15,900 - services.database - INFO - Database connections closed
2026-04-15 22:51:15,900 - services.database - DEBUG - [DB_OP] Database close completed in 0.0021s
