2026-04-15 21:18:45,981 - main - INFO - === Logging system initialized ===
2026-04-15 21:18:45,981 - main - INFO - Log file: logs/app_20260415_211845.log
2026-04-15 21:18:45,981 - main - INFO - Log level: INFO
2026-04-15 21:18:45,981 - main - INFO - Timestamp: 20260415_211845
2026-04-15 21:18:59,466 - main - INFO - Included router: routers.aihub.router
2026-04-15 21:18:59,536 - main - INFO - Included router: routers.auth.router
2026-04-15 21:18:59,703 - main - INFO - Included router: routers.bins.router
2026-04-15 21:18:59,736 - main - INFO - Included router: routers.health.router
2026-04-15 21:18:59,882 - main - INFO - Included router: routers.inventory_lots.router
2026-04-15 21:19:00,134 - main - INFO - Included router: routers.products.router
2026-04-15 21:19:00,244 - main - INFO - Included router: routers.receiving_documents.router
2026-04-15 21:19:00,364 - main - INFO - Included router: routers.receiving_lines.router
2026-04-15 21:19:00,425 - main - INFO - Included router: routers.settings.router
2026-04-15 21:19:00,576 - main - INFO - Included router: routers.stock_movements.router
2026-04-15 21:19:00,746 - main - INFO - Included router: routers.storage.router
2026-04-15 21:19:00,929 - main - INFO - Included router: routers.suppliers.router
2026-04-15 21:19:00,966 - main - INFO - Included router: routers.user.router
2026-04-15 21:19:01,127 - main - INFO - Included router: routers.warehouses.router
2026-04-15 21:19:01,247 - main - INFO - Included router: routers.zones.router
2026-04-15 21:19:01,249 - main - INFO - === Application startup initiated ===
2026-04-15 21:19:01,249 - services.database - INFO - Ignore creating tables
2026-04-15 21:19:01,249 - services.mock_data - INFO - Ignore initialize data
2026-04-15 21:19:01,249 - services.auth - INFO - Ignore initialize admin
2026-04-15 21:19:01,249 - main - INFO - === Application startup completed successfully ===
2026-04-15 21:19:13,597 - core.database - DEBUG - [DB_OP] Starting get_db session creation
2026-04-15 21:19:13,597 - core.database - WARNING - Database session maker not available, attempting lazy initialization...
2026-04-15 21:19:13,597 - core.database - WARNING - Database not initialized, attempting lazy initialization...
2026-04-15 21:19:13,598 - core.database - INFO - Starting database initialization...
2026-04-15 21:19:13,598 - core.config - DEBUG - Read dynamic attribute database_url from environment variable DATABASE_URL
2026-04-15 21:19:13,598 - core.database - INFO - Normalizing database URL for async compatibility...
2026-04-15 21:19:13,600 - core.database - INFO - Creating async database engine...
2026-04-15 21:19:13,600 - core.database - INFO - Using QueuePool with connection pooling for non-Lambda environment
2026-04-15 21:19:13,658 - core.database - INFO - Database engine created successfully
2026-04-15 21:19:13,658 - core.database - INFO - Creating async session maker...
2026-04-15 21:19:13,658 - core.database - INFO - Async session maker created successfully
2026-04-15 21:19:13,659 - core.database - INFO - Database connection initialized successfully
2026-04-15 21:19:13,659 - core.database - DEBUG - [DB_OP] Starting create_tables
2026-04-15 21:19:13,659 - core.database - INFO - 🔧 Starting table creation...
2026-04-15 21:19:13,946 - core.database - DEBUG - [DB_OP] Starting get_db session creation
2026-04-15 21:19:13,946 - core.database - DEBUG - [DB_OP] Database session created successfully in 0.0007s
2026-04-15 21:19:13,947 - routers.products - DEBUG - Querying productss: query=None, sort=None, skip=0, limit=100, fields=None
2026-04-15 21:19:13,970 - core.database - DEBUG - [DB_OP] Starting get_db session creation
2026-04-15 21:19:13,971 - core.database - DEBUG - [DB_OP] Database session created successfully in 0.0003s
2026-04-15 21:19:13,971 - routers.inventory_lots - DEBUG - Querying inventory_lotss: query=None, sort=None, skip=0, limit=100, fields=None
2026-04-15 21:19:13,974 - dependencies.auth - DEBUG - Authentication required for request GET /api/v1/auth/me
2026-04-15 21:19:14,000 - core.database - DEBUG - [DB_OP] Starting get_db session creation
2026-04-15 21:19:14,000 - core.database - DEBUG - [DB_OP] Database session created successfully in 0.0004s
2026-04-15 21:19:14,001 - routers.receiving_documents - DEBUG - Querying receiving_documentss: query=None, sort=None, skip=0, limit=100, fields=None
2026-04-15 21:19:14,078 - core.database - DEBUG - [DB_OP] Starting get_db session creation
2026-04-15 21:19:14,078 - core.database - DEBUG - [DB_OP] Database session created successfully in 0.0004s
2026-04-15 21:19:14,079 - routers.stock_movements - DEBUG - Querying stock_movementss: query=None, sort=-created_at, skip=0, limit=100, fields=None
2026-04-15 21:19:15,232 - core.database - DEBUG - [DB_OP] Starting get_db session creation
2026-04-15 21:19:15,233 - core.database - DEBUG - [DB_OP] Database session created successfully in 0.0007s
2026-04-15 21:19:15,233 - routers.auth - INFO - [token/exchange] Received platform token exchange request
2026-04-15 21:19:15,233 - core.config - DEBUG - Read dynamic attribute oidc_issuer_url from environment variable OIDC_ISSUER_URL
2026-04-15 21:19:15,234 - routers.auth - DEBUG - [token/exchange] Verifying token with issuer: https://auth.atoms.dev/api/v1/oidc/platform/tokens/verify
2026-04-15 21:19:16,492 - httpcore.connection - DEBUG - connect_tcp.started host='auth.atoms.dev' port=443 local_address=None timeout=5.0 socket_options=None
2026-04-15 21:19:16,493 - routers.products - DEBUG - Found 8 productss
2026-04-15 21:19:16,494 - core.database - DEBUG - [DB_OP] Database session cleanup after 2.5482s
2026-04-15 21:19:16,494 - routers.receiving_documents - DEBUG - Found 5 receiving_documentss
2026-04-15 21:19:16,495 - core.database - DEBUG - [DB_OP] Database session cleanup after 2.4949s
2026-04-15 21:19:16,495 - routers.inventory_lots - DEBUG - Found 10 inventory_lotss
2026-04-15 21:19:16,496 - core.database - DEBUG - [DB_OP] Database session cleanup after 2.5257s
2026-04-15 21:19:16,496 - routers.stock_movements - DEBUG - Found 7 stock_movementss
2026-04-15 21:19:16,497 - core.database - DEBUG - [DB_OP] Database session cleanup after 2.4192s
2026-04-15 21:19:16,512 - httpcore.connection - DEBUG - connect_tcp.complete return_value=<httpcore._backends.anyio.AnyIOStream object at 0x7f20aefd62c0>
2026-04-15 21:19:16,512 - httpcore.connection - DEBUG - start_tls.started ssl_context=<ssl.SSLContext object at 0x7f20acf0f440> server_hostname='auth.atoms.dev' timeout=5.0
2026-04-15 21:19:16,530 - httpcore.connection - DEBUG - start_tls.complete return_value=<httpcore._backends.anyio.AnyIOStream object at 0x7f20aefd6380>
2026-04-15 21:19:16,531 - httpcore.http11 - DEBUG - send_request_headers.started request=<Request [b'POST']>
2026-04-15 21:19:16,532 - httpcore.http11 - DEBUG - send_request_headers.complete
2026-04-15 21:19:16,532 - httpcore.http11 - DEBUG - send_request_body.started request=<Request [b'POST']>
2026-04-15 21:19:16,532 - httpcore.http11 - DEBUG - send_request_body.complete
2026-04-15 21:19:16,533 - httpcore.http11 - DEBUG - receive_response_headers.started request=<Request [b'POST']>
2026-04-15 21:19:16,575 - httpcore.http11 - DEBUG - receive_response_headers.complete return_value=(b'HTTP/1.1', 200, b'OK', [(b'Date', b'Thu, 16 Apr 2026 04:19:16 GMT'), (b'Content-Type', b'application/json'), (b'Transfer-Encoding', b'chunked'), (b'Connection', b'keep-alive'), (b'x-response-time', b'0.001s'), (b'x-request-id', b'081b15be46c6ca1868d545b6395c1128'), (b'cf-cache-status', b'DYNAMIC'), (b'Content-Encoding', b'gzip'), (b'Server', b'cloudflare'), (b'CF-RAY', b'9ed0640c5fec27d8-LAX')])
2026-04-15 21:19:16,576 - httpx - INFO - HTTP Request: POST https://auth.atoms.dev/api/v1/oidc/platform/tokens/verify "HTTP/1.1 200 OK"
2026-04-15 21:19:16,576 - httpcore.http11 - DEBUG - receive_response_body.started request=<Request [b'POST']>
2026-04-15 21:19:16,576 - httpcore.http11 - DEBUG - receive_response_body.complete
2026-04-15 21:19:16,576 - httpcore.http11 - DEBUG - response_closed.started
2026-04-15 21:19:16,577 - httpcore.http11 - DEBUG - response_closed.complete
2026-04-15 21:19:16,577 - httpcore.connection - DEBUG - close.started
2026-04-15 21:19:16,577 - httpcore.connection - DEBUG - close.complete
2026-04-15 21:19:16,577 - routers.auth - DEBUG - [token/exchange] Issuer response status: 200
2026-04-15 21:19:16,577 - routers.auth - DEBUG - [token/exchange] Issuer response body: {'success': True, 'data': {'exp': 1777058813, 'user_id': 627674, 'email': 'oktavianus@usahakreatif.co.id', 'pv': 0}, 'message': 'Platform token verified', 'code': 0, 'timestamp': '2026-04-16T04:19:16.570090'}
2026-04-15 21:19:16,577 - routers.auth - INFO - [token/exchange] Token verified, platform_user_id=627674, email=oktavianus@usahakreatif.co.id
2026-04-15 21:19:16,578 - core.config - DEBUG - Read dynamic attribute admin_user_id from environment variable ADMIN_USER_ID
2026-04-15 21:19:16,578 - routers.auth - INFO - [token/exchange] User verified: platform_user_id=627674, role=admin
2026-04-15 21:19:16,578 - routers.auth - DEBUG - [token/exchange] User object for token issuance: id=627674, email=oktavianus@usahakreatif.co.id, role=admin
2026-04-15 21:19:16,579 - core.config - DEBUG - Read dynamic attribute jwt_expire_minutes from environment variable JWT_EXPIRE_MINUTES
2026-04-15 21:19:16,579 - core.config - DEBUG - Read dynamic attribute jwt_secret_key from environment variable JWT_SECRET_KEY
2026-04-15 21:19:16,579 - core.config - DEBUG - Read dynamic attribute jwt_algorithm from environment variable JWT_ALGORITHM
2026-04-15 21:19:16,706 - core.auth - DEBUG - Authentication token created for user hash: cac403a5
2026-04-15 21:19:16,706 - routers.auth - INFO - [token/exchange] Token issued successfully for user_id=627674, expires_at=2026-05-16 04:19:16.579348+00:00
2026-04-15 21:19:16,707 - core.database - DEBUG - [DB_OP] Database session cleanup after 1.4743s
2026-04-15 21:19:17,089 - core.database - INFO - Tables initialized successfully
2026-04-15 21:19:17,090 - core.database - DEBUG - [DB_OP] Create tables completed in 3.4309s
2026-04-15 21:19:17,154 - core.database - INFO - Lazy database initialization completed successfully
2026-04-15 21:19:17,154 - core.database - DEBUG - [DB_OP] Database session created successfully in 3.5575s
2026-04-15 21:19:17,155 - routers.auth - INFO - [token/exchange] Received platform token exchange request
2026-04-15 21:19:17,155 - routers.auth - DEBUG - [token/exchange] Verifying token with issuer: https://auth.atoms.dev/api/v1/oidc/platform/tokens/verify
2026-04-15 21:19:17,187 - httpcore.connection - DEBUG - connect_tcp.started host='auth.atoms.dev' port=443 local_address=None timeout=5.0 socket_options=None
2026-04-15 21:19:17,202 - httpcore.connection - DEBUG - connect_tcp.complete return_value=<httpcore._backends.anyio.AnyIOStream object at 0x7f20aceee650>
2026-04-15 21:19:17,202 - httpcore.connection - DEBUG - start_tls.started ssl_context=<ssl.SSLContext object at 0x7f20aef74f40> server_hostname='auth.atoms.dev' timeout=5.0
2026-04-15 21:19:17,215 - httpcore.connection - DEBUG - start_tls.complete return_value=<httpcore._backends.anyio.AnyIOStream object at 0x7f20aceee320>
2026-04-15 21:19:17,216 - httpcore.http11 - DEBUG - send_request_headers.started request=<Request [b'POST']>
2026-04-15 21:19:17,217 - httpcore.http11 - DEBUG - send_request_headers.complete
2026-04-15 21:19:17,217 - httpcore.http11 - DEBUG - send_request_body.started request=<Request [b'POST']>
2026-04-15 21:19:17,217 - httpcore.http11 - DEBUG - send_request_body.complete
2026-04-15 21:19:17,218 - httpcore.http11 - DEBUG - receive_response_headers.started request=<Request [b'POST']>
2026-04-15 21:19:17,247 - httpcore.http11 - DEBUG - receive_response_headers.complete return_value=(b'HTTP/1.1', 200, b'OK', [(b'Date', b'Thu, 16 Apr 2026 04:19:17 GMT'), (b'Content-Type', b'application/json'), (b'Transfer-Encoding', b'chunked'), (b'Connection', b'keep-alive'), (b'x-response-time', b'0.002s'), (b'x-request-id', b'8f4220132c6dd5d313b2283a75229d56'), (b'cf-cache-status', b'DYNAMIC'), (b'Content-Encoding', b'gzip'), (b'Server', b'cloudflare'), (b'CF-RAY', b'9ed064109fa21d4d-LAX')])
2026-04-15 21:19:17,248 - httpx - INFO - HTTP Request: POST https://auth.atoms.dev/api/v1/oidc/platform/tokens/verify "HTTP/1.1 200 OK"
2026-04-15 21:19:17,248 - httpcore.http11 - DEBUG - receive_response_body.started request=<Request [b'POST']>
2026-04-15 21:19:17,249 - httpcore.http11 - DEBUG - receive_response_body.complete
2026-04-15 21:19:17,249 - httpcore.http11 - DEBUG - response_closed.started
2026-04-15 21:19:17,249 - httpcore.http11 - DEBUG - response_closed.complete
2026-04-15 21:19:17,250 - httpcore.connection - DEBUG - close.started
2026-04-15 21:19:17,250 - httpcore.connection - DEBUG - close.complete
2026-04-15 21:19:17,250 - routers.auth - DEBUG - [token/exchange] Issuer response status: 200
2026-04-15 21:19:17,250 - routers.auth - DEBUG - [token/exchange] Issuer response body: {'success': True, 'data': {'exp': 1777058813, 'user_id': 627674, 'email': 'oktavianus@usahakreatif.co.id', 'pv': 0}, 'message': 'Platform token verified', 'code': 0, 'timestamp': '2026-04-16T04:19:17.243179'}
2026-04-15 21:19:17,251 - routers.auth - INFO - [token/exchange] Token verified, platform_user_id=627674, email=oktavianus@usahakreatif.co.id
2026-04-15 21:19:17,251 - routers.auth - INFO - [token/exchange] User verified: platform_user_id=627674, role=admin
2026-04-15 21:19:17,251 - routers.auth - DEBUG - [token/exchange] User object for token issuance: id=627674, email=oktavianus@usahakreatif.co.id, role=admin
2026-04-15 21:19:17,251 - core.auth - DEBUG - Authentication token created for user hash: cac403a5
2026-04-15 21:19:17,252 - routers.auth - INFO - [token/exchange] Token issued successfully for user_id=627674, expires_at=2026-05-16 04:19:17.251680+00:00
2026-04-15 21:19:17,252 - core.database - DEBUG - [DB_OP] Database session cleanup after 3.6550s
2026-04-15 21:19:21,413 - core.database - DEBUG - [DB_OP] Starting get_db session creation
2026-04-15 21:19:21,414 - core.database - DEBUG - [DB_OP] Database session created successfully in 0.0006s
2026-04-15 21:19:21,414 - routers.products - DEBUG - Querying productss: query=None, sort=None, skip=0, limit=100, fields=None
2026-04-15 21:19:21,416 - core.database - DEBUG - [DB_OP] Starting get_db session creation
2026-04-15 21:19:21,417 - core.database - DEBUG - [DB_OP] Database session created successfully in 0.0005s
2026-04-15 21:19:21,417 - routers.inventory_lots - DEBUG - Querying inventory_lotss: query=None, sort=None, skip=0, limit=100, fields=None
2026-04-15 21:19:21,422 - core.auth - DEBUG - Authentication token validated for user hash: cac403a5
2026-04-15 21:19:21,424 - core.database - DEBUG - [DB_OP] Starting get_db session creation
2026-04-15 21:19:21,425 - core.database - DEBUG - [DB_OP] Database session created successfully in 0.0004s
2026-04-15 21:19:21,425 - routers.stock_movements - DEBUG - Querying stock_movementss: query=None, sort=-created_at, skip=0, limit=100, fields=None
2026-04-15 21:19:21,429 - core.database - DEBUG - [DB_OP] Starting get_db session creation
2026-04-15 21:19:21,430 - core.database - DEBUG - [DB_OP] Database session created successfully in 0.0005s
2026-04-15 21:19:21,430 - routers.receiving_documents - DEBUG - Querying receiving_documentss: query=None, sort=None, skip=0, limit=100, fields=None
2026-04-15 21:19:21,859 - routers.products - DEBUG - Found 8 productss
2026-04-15 21:19:21,859 - core.database - DEBUG - [DB_OP] Database session cleanup after 0.4464s
2026-04-15 21:19:21,987 - routers.inventory_lots - DEBUG - Found 10 inventory_lotss
2026-04-15 21:19:21,988 - core.database - DEBUG - [DB_OP] Database session cleanup after 0.5721s
2026-04-15 21:19:21,998 - routers.receiving_documents - DEBUG - Found 5 receiving_documentss
2026-04-15 21:19:21,999 - core.database - DEBUG - [DB_OP] Database session cleanup after 0.5697s
2026-04-15 21:19:22,000 - routers.stock_movements - DEBUG - Found 7 stock_movementss
2026-04-15 21:19:22,001 - core.database - DEBUG - [DB_OP] Database session cleanup after 0.5764s
2026-04-15 21:23:21,318 - core.database - DEBUG - [DB_OP] Starting get_db session creation
2026-04-15 21:23:21,319 - core.database - DEBUG - [DB_OP] Database session created successfully in 0.0008s
2026-04-15 21:23:21,320 - routers.receiving_documents - DEBUG - Querying receiving_documentss: query=None, sort=None, skip=0, limit=100, fields=None
2026-04-15 21:23:21,325 - core.database - DEBUG - [DB_OP] Starting get_db session creation
2026-04-15 21:23:21,326 - core.database - DEBUG - [DB_OP] Database session created successfully in 0.0004s
2026-04-15 21:23:21,326 - routers.products - DEBUG - Querying productss: query=None, sort=None, skip=0, limit=100, fields=None
2026-04-15 21:23:21,328 - core.database - DEBUG - [DB_OP] Starting get_db session creation
2026-04-15 21:23:21,329 - core.database - DEBUG - [DB_OP] Database session created successfully in 0.0004s
2026-04-15 21:23:21,329 - routers.inventory_lots - DEBUG - Querying inventory_lotss: query=None, sort=None, skip=0, limit=100, fields=None
2026-04-15 21:23:21,330 - core.database - DEBUG - [DB_OP] Starting get_db session creation
2026-04-15 21:23:21,331 - core.database - DEBUG - [DB_OP] Database session created successfully in 0.0003s
2026-04-15 21:23:21,331 - routers.stock_movements - DEBUG - Querying stock_movementss: query=None, sort=-created_at, skip=0, limit=100, fields=None
2026-04-15 21:23:21,333 - core.auth - DEBUG - Authentication token validated for user hash: cac403a5
2026-04-15 21:23:21,725 - routers.stock_movements - DEBUG - Found 7 stock_movementss
2026-04-15 21:23:21,726 - core.database - DEBUG - [DB_OP] Database session cleanup after 0.3958s
2026-04-15 21:23:21,762 - routers.products - DEBUG - Found 8 productss
2026-04-15 21:23:21,798 - core.database - DEBUG - [DB_OP] Database session cleanup after 0.4725s
2026-04-15 21:23:21,800 - routers.inventory_lots - DEBUG - Found 10 inventory_lotss
2026-04-15 21:23:21,801 - core.database - DEBUG - [DB_OP] Database session cleanup after 0.4725s
2026-04-15 21:23:21,994 - routers.receiving_documents - DEBUG - Found 5 receiving_documentss
2026-04-15 21:23:21,995 - core.database - DEBUG - [DB_OP] Database session cleanup after 0.6769s
2026-04-15 21:23:54,351 - core.database - DEBUG - [DB_OP] Starting get_db session creation
2026-04-15 21:23:54,351 - core.database - DEBUG - [DB_OP] Database session created successfully in 0.0004s
2026-04-15 21:23:54,352 - routers.products - DEBUG - Querying productss: query=None, sort=None, skip=0, limit=100, fields=None
2026-04-15 21:23:54,353 - core.database - DEBUG - [DB_OP] Starting get_db session creation
2026-04-15 21:23:54,353 - core.database - DEBUG - [DB_OP] Database session created successfully in 0.0002s
2026-04-15 21:23:54,353 - routers.inventory_lots - DEBUG - Querying inventory_lotss: query=None, sort=None, skip=0, limit=100, fields=None
2026-04-15 21:23:54,354 - core.database - DEBUG - [DB_OP] Starting get_db session creation
2026-04-15 21:23:54,354 - core.database - DEBUG - [DB_OP] Database session created successfully in 0.0002s
2026-04-15 21:23:54,354 - routers.receiving_documents - DEBUG - Querying receiving_documentss: query=None, sort=None, skip=0, limit=100, fields=None
2026-04-15 21:23:54,355 - core.database - DEBUG - [DB_OP] Starting get_db session creation
2026-04-15 21:23:54,355 - core.database - DEBUG - [DB_OP] Database session created successfully in 0.0002s
2026-04-15 21:23:54,355 - routers.stock_movements - DEBUG - Querying stock_movementss: query=None, sort=-created_at, skip=0, limit=100, fields=None
2026-04-15 21:23:54,356 - dependencies.auth - DEBUG - Authentication required for request GET /api/v1/auth/me
2026-04-15 21:23:54,862 - routers.receiving_documents - DEBUG - Found 5 receiving_documentss
2026-04-15 21:23:54,863 - core.database - DEBUG - [DB_OP] Database session cleanup after 0.5095s
2026-04-15 21:23:54,864 - routers.products - DEBUG - Found 8 productss
2026-04-15 21:23:54,865 - core.database - DEBUG - [DB_OP] Database session cleanup after 0.5139s
2026-04-15 21:23:54,873 - routers.stock_movements - DEBUG - Found 7 stock_movementss
2026-04-15 21:23:54,874 - core.database - DEBUG - [DB_OP] Database session cleanup after 0.5185s
2026-04-15 21:23:54,922 - routers.inventory_lots - DEBUG - Found 10 inventory_lotss
2026-04-15 21:23:54,923 - core.database - DEBUG - [DB_OP] Database session cleanup after 0.5709s
2026-04-15 21:24:32,740 - core.database - DEBUG - [DB_OP] Starting get_db session creation
2026-04-15 21:24:32,740 - core.database - DEBUG - [DB_OP] Database session created successfully in 0.0004s
2026-04-15 21:24:32,740 - routers.products - DEBUG - Querying productss: query=None, sort=None, skip=0, limit=100, fields=None
2026-04-15 21:24:32,742 - core.database - DEBUG - [DB_OP] Starting get_db session creation
2026-04-15 21:24:32,742 - core.database - DEBUG - [DB_OP] Database session created successfully in 0.0002s
2026-04-15 21:24:32,742 - routers.inventory_lots - DEBUG - Querying inventory_lotss: query=None, sort=None, skip=0, limit=100, fields=None
2026-04-15 21:24:32,743 - core.database - DEBUG - [DB_OP] Starting get_db session creation
2026-04-15 21:24:32,743 - core.database - DEBUG - [DB_OP] Database session created successfully in 0.0002s
2026-04-15 21:24:32,743 - routers.receiving_documents - DEBUG - Querying receiving_documentss: query=None, sort=None, skip=0, limit=100, fields=None
2026-04-15 21:24:32,744 - core.database - DEBUG - [DB_OP] Starting get_db session creation
2026-04-15 21:24:32,744 - core.database - DEBUG - [DB_OP] Database session created successfully in 0.0002s
2026-04-15 21:24:32,744 - routers.stock_movements - DEBUG - Querying stock_movementss: query=None, sort=-created_at, skip=0, limit=100, fields=None
2026-04-15 21:24:32,746 - dependencies.auth - DEBUG - Authentication required for request GET /api/v1/auth/me
2026-04-15 21:24:33,251 - routers.products - DEBUG - Found 8 productss
2026-04-15 21:24:33,251 - core.database - DEBUG - [DB_OP] Database session cleanup after 0.5118s
2026-04-15 21:24:33,252 - routers.stock_movements - DEBUG - Found 7 stock_movementss
2026-04-15 21:24:33,254 - core.database - DEBUG - [DB_OP] Database session cleanup after 0.5098s
2026-04-15 21:24:33,387 - routers.receiving_documents - DEBUG - Found 5 receiving_documentss
2026-04-15 21:24:33,388 - core.database - DEBUG - [DB_OP] Database session cleanup after 0.6449s
2026-04-15 21:24:33,438 - routers.inventory_lots - DEBUG - Found 10 inventory_lotss
2026-04-15 21:24:33,439 - core.database - DEBUG - [DB_OP] Database session cleanup after 0.6970s
2026-04-15 21:24:48,847 - services.database - DEBUG - [DB_OP] Starting database close
2026-04-15 21:24:49,178 - core.database - INFO - Database connection closed and engine disposed
2026-04-15 21:24:49,179 - services.database - INFO - Database connections closed
2026-04-15 21:24:49,179 - services.database - DEBUG - [DB_OP] Database close completed in 0.3314s
