2026-04-15 23:56:25,241 - main - INFO - === Logging system initialized ===
2026-04-15 23:56:25,241 - main - INFO - Log file: logs/app_20260415_235625.log
2026-04-15 23:56:25,241 - main - INFO - Log level: INFO
2026-04-15 23:56:25,241 - main - INFO - Timestamp: 20260415_235625
2026-04-15 23:56:26,084 - main - INFO - Included router: routers.aihub.router
2026-04-15 23:56:26,100 - main - INFO - Included router: routers.auth.router
2026-04-15 23:56:26,144 - main - INFO - Included router: routers.bins.router
2026-04-15 23:56:26,190 - main - INFO - Included router: routers.bom_lines.router
2026-04-15 23:56:26,237 - main - INFO - Included router: routers.bom_recipes.router
2026-04-15 23:56:26,281 - main - INFO - Included router: routers.branches.router
2026-04-15 23:56:26,283 - main - INFO - Included router: routers.health.router
2026-04-15 23:56:26,330 - main - INFO - Included router: routers.inventory_lots.router
2026-04-15 23:56:26,381 - main - INFO - Included router: routers.products.router
2026-04-15 23:56:26,440 - main - INFO - Included router: routers.receiving_documents.router
2026-04-15 23:56:26,579 - main - INFO - Included router: routers.receiving_lines.router
2026-04-15 23:56:26,599 - main - INFO - Included router: routers.settings.router
2026-04-15 23:56:26,651 - main - INFO - Included router: routers.stock_movements.router
2026-04-15 23:56:26,706 - main - INFO - Included router: routers.stock_transfers.router
2026-04-15 23:56:26,745 - main - INFO - Included router: routers.storage.router
2026-04-15 23:56:26,796 - main - INFO - Included router: routers.suppliers.router
2026-04-15 23:56:26,805 - main - INFO - Included router: routers.user.router
2026-04-15 23:56:26,847 - main - INFO - Included router: routers.warehouses.router
2026-04-15 23:56:26,890 - main - INFO - Included router: routers.zones.router
2026-04-15 23:56:26,892 - main - INFO - === Application startup initiated ===
2026-04-15 23:56:26,892 - services.database - INFO - Ignore creating tables
2026-04-15 23:56:26,892 - services.mock_data - INFO - Ignore initialize data
2026-04-15 23:56:26,892 - services.auth - INFO - Ignore initialize admin
2026-04-15 23:56:26,892 - main - INFO - === Application startup completed successfully ===
2026-04-16 00:07:06,807 - services.database - DEBUG - [DB_OP] Starting database close
2026-04-16 00:07:06,807 - services.database - INFO - Database connections closed
2026-04-16 00:07:06,807 - services.database - DEBUG - [DB_OP] Database close completed in 0.0007s
