INFO:     Will watch for changes in these directories: ['C:\\Users\\oktav\\Documents\\trae_projects\\wms\\backend']
INFO:     Uvicorn running on http://0.0.0.0:8000 (Press CTRL+C to quit)
INFO:     Started reloader process [80904] using WatchFiles
2026-04-17 10:57:11,539 - main - INFO - === Logging system initialized ===
2026-04-17 10:57:11,540 - main - INFO - Log file: logs/app_20260417_105711.log
2026-04-17 10:57:11,540 - main - INFO - Log level: INFO
2026-04-17 10:57:11,540 - main - INFO - Timestamp: 20260417_105711
2026-04-17 10:57:12,830 - main - INFO - Included router: routers.aihub.router
2026-04-17 10:57:12,846 - main - INFO - Included router: routers.auth.router
2026-04-17 10:57:12,877 - main - INFO - Included router: routers.bins.router
2026-04-17 10:57:12,910 - main - INFO - Included router: routers.bom_lines.router
2026-04-17 10:57:12,946 - main - INFO - Included router: routers.bom_recipes.router
2026-04-17 10:57:12,980 - main - INFO - Included router: routers.branches.router
2026-04-17 10:57:12,982 - main - INFO - Included router: routers.health.router
2026-04-17 10:57:13,100 - main - INFO - Included router: routers.inventory_lots.router
2026-04-17 10:57:13,123 - main - INFO - Included router: routers.label_templates.router
2026-04-17 10:57:13,158 - main - INFO - Included router: routers.products.router
2026-04-17 10:57:13,185 - main - INFO - Included router: routers.receiving_documents.router
2026-04-17 10:57:13,224 - main - INFO - Included router: routers.receiving_lines.router
2026-04-17 10:57:13,239 - main - INFO - Included router: routers.settings.router
2026-04-17 10:57:13,272 - main - INFO - Included router: routers.stock_movements.router
2026-04-17 10:57:13,326 - main - INFO - Included router: routers.stock_transfers.router
2026-04-17 10:57:13,353 - main - INFO - Included router: routers.storage.router
2026-04-17 10:57:13,388 - main - INFO - Included router: routers.suppliers.router
2026-04-17 10:57:13,392 - main - INFO - Included router: routers.user.router
2026-04-17 10:57:13,427 - main - INFO - Included router: routers.warehouses.router
2026-04-17 10:57:13,464 - main - INFO - Included router: routers.zones.router
INFO:     Started server process [84216]
INFO:     Waiting for application startup.
2026-04-17 10:57:13,466 - main - INFO - === Application startup initiated ===
2026-04-17 10:57:13,466 - services.database - DEBUG - [DB_OP] Starting database initialization
2026-04-17 10:57:13,467 - services.database - INFO - \U0001f527 Starting database initialization...
2026-04-17 10:57:13,467 - core.database - INFO - Starting database initialization...
2026-04-17 10:57:13,467 - core.config - DEBUG - Read dynamic attribute database_url from environment variable DATABASE_URL
2026-04-17 10:57:13,468 - core.database - INFO - Normalizing database URL for async compatibility...
2026-04-17 10:57:13,468 - core.database - INFO - Creating async database engine...
2026-04-17 10:57:13,468 - core.database - INFO - Using QueuePool with connection pooling for non-Lambda environment
2026-04-17 10:57:13,511 - core.database - INFO - Database engine created successfully
2026-04-17 10:57:13,511 - core.database - INFO - Creating async session maker...
2026-04-17 10:57:13,511 - core.database - INFO - Async session maker created successfully
2026-04-17 10:57:13,511 - core.database - INFO - Database connection initialized successfully
2026-04-17 10:57:13,511 - services.database - INFO - \U0001f527 Database connection initialized, now creating tables if tables not exist...
2026-04-17 10:57:13,512 - core.database - DEBUG - [DB_OP] Starting create_tables
2026-04-17 10:57:13,512 - core.database - INFO - \U0001f527 Starting table creation...
2026-04-17 10:57:13,603 - core.database - INFO - Tables initialized successfully
2026-04-17 10:57:13,603 - core.database - DEBUG - [DB_OP] Create tables completed in 0.0916s
2026-04-17 10:57:13,605 - services.database - INFO - \U0001f527 Table creation completed
2026-04-17 10:57:13,605 - services.database - INFO - Database initialized successfully
2026-04-17 10:57:13,605 - services.database - DEBUG - [DB_OP] Database initialization completed in 0.1388s
2026-04-17 10:57:13,606 - services.mock_data - INFO - Processing mock data file bins.json for table bins
2026-04-17 10:57:13,606 - services.mock_data - INFO - Processing mock data file bom_lines.json for table bom_lines
2026-04-17 10:57:13,609 - services.mock_data - INFO - Processing mock data file bom_recipes.json for table bom_recipes
2026-04-17 10:57:13,613 - services.mock_data - INFO - Processing mock data file branches.json for table branches
2026-04-17 10:57:13,614 - services.mock_data - INFO - Processing mock data file inventory_lots.json for table inventory_lots
2026-04-17 10:57:13,916 - services.mock_data - INFO - Table bins already has 8 rows; skipping mock insert
2026-04-17 10:57:13,917 - services.mock_data - INFO - Processing mock data file products.json for table products
2026-04-17 10:57:13,928 - services.mock_data - INFO - Table bom_lines already has 17 rows; skipping mock insert
2026-04-17 10:57:13,929 - services.mock_data - INFO - Table bom_recipes already has 6 rows; skipping mock insert
2026-04-17 10:57:13,930 - services.mock_data - INFO - Table inventory_lots already has 10 rows; skipping mock insert
2026-04-17 10:57:13,931 - services.mock_data - INFO - Table branches already has 4 rows; skipping mock insert
2026-04-17 10:57:13,931 - services.mock_data - INFO - Processing mock data file receiving_documents.json for table receiving_documents
2026-04-17 10:57:13,932 - services.mock_data - INFO - Processing mock data file receiving_lines.json for table receiving_lines
2026-04-17 10:57:13,933 - services.mock_data - INFO - Processing mock data file stock_movements.json for table stock_movements
2026-04-17 10:57:13,933 - services.mock_data - INFO - Processing mock data file stock_transfers.json for table stock_transfers
2026-04-17 10:57:13,939 - services.mock_data - INFO - Table products already has 8 rows; skipping mock insert
2026-04-17 10:57:13,939 - services.mock_data - INFO - Processing mock data file suppliers.json for table suppliers
2026-04-17 10:57:13,957 - services.mock_data - INFO - Table receiving_documents already has 5 rows; skipping mock insert
2026-04-17 10:57:13,958 - services.mock_data - INFO - Table receiving_lines already has 5 rows; skipping mock insert
2026-04-17 10:57:13,960 - services.mock_data - INFO - Processing mock data file warehouses.json for table warehouses
2026-04-17 10:57:13,961 - services.mock_data - INFO - Processing mock data file zones.json for table zones
2026-04-17 10:57:13,963 - services.mock_data - INFO - Table stock_movements already has 7 rows; skipping mock insert
2026-04-17 10:57:13,964 - services.mock_data - INFO - Table stock_transfers already has 3 rows; skipping mock insert
2026-04-17 10:57:13,964 - services.mock_data - INFO - Table suppliers already has 5 rows; skipping mock insert
2026-04-17 10:57:13,977 - services.mock_data - INFO - Table warehouses already has 3 rows; skipping mock insert
2026-04-17 10:57:13,978 - services.mock_data - INFO - Table zones already has 5 rows; skipping mock insert
2026-04-17 10:57:13,978 - services.database - DEBUG - [DB_OP] Starting database initialization
2026-04-17 10:57:13,978 - services.database - INFO - \U0001f527 Starting database initialization...
2026-04-17 10:57:13,978 - core.database - INFO - Starting database initialization...
2026-04-17 10:57:13,978 - core.database - INFO - Database already initialized
2026-04-17 10:57:13,978 - services.database - INFO - \U0001f527 Database connection initialized, now creating tables if tables not exist...
2026-04-17 10:57:13,978 - core.database - DEBUG - [DB_OP] Starting create_tables
2026-04-17 10:57:13,978 - core.database - INFO - Tables already initialized
2026-04-17 10:57:13,978 - services.database - INFO - \U0001f527 Table creation completed
2026-04-17 10:57:13,978 - services.database - INFO - Database initialized successfully
2026-04-17 10:57:13,978 - services.database - DEBUG - [DB_OP] Database initialization completed in 0.0000s
2026-04-17 10:57:13,980 - services.auth - WARNING - Admin user ID or email not configured, skipping admin initialization
2026-04-17 10:57:13,980 - main - INFO - === Application startup completed successfully ===
INFO:     Application startup complete.
